This is pdfeTeX, Version 3.141592-1.30.6-2.2 (MiKTeX 2.5) (preloaded format=pdflatex 2007.2.12)  5 JUN 2007 14:27
entering extended mode
**D:/Edmilson/2007/TD/RegrasUNIFEI/Principal_ABNT.tex
(D:\Edmilson\2007\TD\RegrasUNIFEI\Principal_ABNT.tex
LaTeX2e <2005/12/01>
Babel <v3.8g> and hyphenation patterns for english, dumylang, nohyphenation, ge
rman, ngerman, french, loaded.
("C:\Arquivos de programas\MiKTeX 2.5\tex\abntex\abnt.cls"
("C:\Arquivos de programas\MiKTeX 2.5\tex\abntex\cvs-id.def")
Document Class: abnt 2004/11/02 v1.27.2.1 Classe abnt (NBR6024, NBR6027, NBR602
8, NBR14724)
("C:\Arquivos de programas\MiKTeX 2.5\tex\latex\base\ifthen.sty"
Package: ifthen 2001/05/26 v1.1c Standard LaTeX ifthen package (DPC)
)
("C:\Arquivos de programas\MiKTeX 2.5\tex\latex\tools\calc.sty"
Package: calc 2005/08/06 v4.2 Infix arithmetic (KKT,FJ)
\calc@Acount=\count79
\calc@Bcount=\count80
\calc@Adimen=\dimen102
\calc@Bdimen=\dimen103
\calc@Askip=\skip41
\calc@Bskip=\skip42
LaTeX Info: Redefining \setlength on input line 75.
LaTeX Info: Redefining \addtolength on input line 76.
\calc@Ccount=\count81
\calc@Cskip=\skip43
)
("C:\Arquivos de programas\MiKTeX 2.5\tex\latex\tools\multicol.sty"
Package: multicol 2006/05/18 v1.6g multicolumn formatting (FMi)
\c@tracingmulticols=\count82
\mult@box=\box26
\multicol@leftmargin=\dimen104
\c@unbalance=\count83
\c@collectmore=\count84
\doublecol@number=\count85
\multicoltolerance=\count86
\multicolpretolerance=\count87
\full@width=\dimen105
\page@free=\dimen106
\premulticols=\dimen107
\postmulticols=\dimen108
\multicolsep=\skip44
\multicolbaselineskip=\skip45
\partial@page=\box27
\last@line=\box28
\mult@rightbox=\box29
\mult@grightbox=\box30
\mult@gfirstbox=\box31
\mult@firstbox=\box32
\@tempa=\box33
\@tempa=\box34
\@tempa=\box35
\@tempa=\box36
\@tempa=\box37
\@tempa=\box38
\@tempa=\box39
\@tempa=\box40
\@tempa=\box41
\@tempa=\box42
\@tempa=\box43
\@tempa=\box44
\@tempa=\box45
\@tempa=\box46
\@tempa=\box47
\@tempa=\box48
\@tempa=\box49
\c@columnbadness=\count88
\c@finalcolumnbadness=\count89
\last@try=\dimen109
\multicolovershoot=\dimen110
\multicolundershoot=\dimen111
\mult@nat@firstbox=\box50
\colbreak@box=\box51
)
("C:\Arquivos de programas\MiKTeX 2.5\tex\latex\base\report.cls"
Document Class: report 2005/09/16 v1.4f Standard LaTeX document class
("C:\Arquivos de programas\MiKTeX 2.5\tex\latex\base\size12.clo"
File: size12.clo 2005/09/16 v1.4f Standard LaTeX file (size option)
)
\c@part=\count90
\c@chapter=\count91
\c@section=\count92
\c@subsection=\count93
\c@subsubsection=\count94
\c@paragraph=\count95
\c@subparagraph=\count96
\c@figure=\count97
\c@table=\count98
\abovecaptionskip=\skip46
\belowcaptionskip=\skip47
\bibindent=\dimen112
)
("C:\Arquivos de programas\MiKTeX 2.5\tex\latex\setspace\setspace.sty"
Package: setspace 2000/12/01 6.7 Contributed and Supported LaTeX2e package

Package: `setspace' 6.7 <2000/12/01>
)
\ABNTanapindent=\skip48
\ABNTsignwidth=\skip49
\ABNTsignthickness=\skip50
\ABNTsignskip=\skip51
 ("C:\Arquivos de programas\MiKTeX 2.5\tex\latex\tools\indentfirst.sty"
Package: indentfirst 1995/11/23 v1.03 Indent first paragraph (DPC)
))
("C:\Arquivos de programas\MiKTeX 2.5\tex\generic\babel\babel.sty"
Package: babel 2005/05/21 v3.8g The Babel package

*************************************
* Local config file bblopts.cfg used
*
("C:\Arquivos de programas\MiKTeX 2.5\tex\latex\00miktex\bblopts.cfg"
File: bblopts.cfg 2006/07/31 v1.0 MiKTeX 'babel' configuration
)
("C:\Arquivos de programas\MiKTeX 2.5\tex\generic\babel\portuges.ldf"
Language: portuges 2005/03/31 v1.2p Portuguese support from the babel system

("C:\Arquivos de programas\MiKTeX 2.5\tex\generic\babel\babel.def"
File: babel.def 2005/05/21 v3.8g Babel common definitions
\babel@savecnt=\count99
\U@D=\dimen113
)

Package babel Warning: No hyphenation patterns were loaded for
(babel)                the language `Portuguese'
(babel)                I will use the patterns loaded for \language=0 instead.

\l@portuges = a dialect from \language0
\l@brazil = a dialect from \language\l@portuges 
Package babel Info: Making " an active character on input line 145.
)) ("C:\Arquivos de programas\MiKTeX 2.5\tex\latex\base\inputenc.sty"
Package: inputenc 2006/05/05 v1.1b Input encoding file
\inpenc@prehook=\toks14
\inpenc@posthook=\toks15

("C:\Arquivos de programas\MiKTeX 2.5\tex\latex\base\latin1.def"
File: latin1.def 2006/05/05 v1.1b Input encoding file
))
("C:\Arquivos de programas\MiKTeX 2.5\tex\latex\ae\ae.sty"
Package: ae 2001/02/12 1.3 Almost European Computer Modern

("C:\Arquivos de programas\MiKTeX 2.5\tex\latex\base\fontenc.sty"
Package: fontenc 2005/09/27 v1.99g Standard LaTeX package

("C:\Arquivos de programas\MiKTeX 2.5\tex\latex\base\t1enc.def"
File: t1enc.def 2005/09/27 v1.99g Standard LaTeX file
LaTeX Font Info:    Redeclaring font encoding T1 on input line 43.
)
LaTeX Font Info:    Try loading font information for T1+aer on input line 100.

("C:\Arquivos de programas\MiKTeX 2.5\tex\latex\ae\t1aer.fd"
File: t1aer.fd 1997/11/16 Font definitions for T1/aer.
)))
("C:\Arquivos de programas\MiKTeX 2.5\tex\latex\graphics\graphicx.sty"
Package: graphicx 1999/02/16 v1.0f Enhanced LaTeX Graphics (DPC,SPQR)

("C:\Arquivos de programas\MiKTeX 2.5\tex\latex\graphics\keyval.sty"
Package: keyval 1999/03/16 v1.13 key=value parser (DPC)
\KV@toks@=\toks16
)
("C:\Arquivos de programas\MiKTeX 2.5\tex\latex\graphics\graphics.sty"
Package: graphics 2006/02/20 v1.0o Standard LaTeX Graphics (DPC,SPQR)

("C:\Arquivos de programas\MiKTeX 2.5\tex\latex\graphics\trig.sty"
Package: trig 1999/03/16 v1.09 sin cos tan (DPC)
)
("C:\Arquivos de programas\MiKTeX 2.5\tex\latex\00miktex\graphics.cfg"
File: graphics.cfg 2005/12/29 v1.2 MiKTeX 'graphics' configuration
)
Package graphics Info: Driver file: dvips.def on input line 90.

("C:\Arquivos de programas\MiKTeX 2.5\tex\latex\graphics\dvips.def"
File: dvips.def 1999/02/16 v3.0i Driver-dependant file (DPC,SPQR)
))
\Gin@req@height=\dimen114
\Gin@req@width=\dimen115
)
("C:\Arquivos de programas\MiKTeX 2.5\tex\latex\geometry\geometry.sty"
Package: geometry 2002/07/08 v3.2 Page Geometry
\Gm@cnth=\count100
\Gm@cntv=\count101
\c@Gm@tempcnt=\count102
\Gm@bindingoffset=\dimen116
\Gm@wd@mp=\dimen117
\Gm@odd@mp=\dimen118
\Gm@even@mp=\dimen119
\Gm@dimlist=\toks17

("C:\Arquivos de programas\MiKTeX 2.5\tex\latex\geometry\geometry.cfg"))
("C:\Arquivos de programas\MiKTeX 2.5\tex\latex\graphics\lscape.sty"
Package: lscape 2000/10/22 v3.01 Landscape Pages (DPC)
)
("C:\Arquivos de programas\MiKTeX 2.5\tex\latex\ltxmisc\url.sty"
\Urlmuskip=\muskip10
Package: url 2005/06/27  ver 3.2  Verb mode for urls, etc.
)
("C:\Arquivos de programas\MiKTeX 2.5\tex\abntex\abntcite.sty"
("C:\Arquivos de programas\MiKTeX 2.5\tex\abntex\cvs-id.def")
Package: abntcite 2003/10/13 v1.26 Chamadas de referencias no texto (NBR10520)

("C:\Arquivos de programas\MiKTeX 2.5\tex\abntex\abntex-abrev.sty"
("C:\Arquivos de programas\MiKTeX 2.5\tex\abntex\cvs-id.def")
Package: abntex-abrev 2003/10/13 v1.3 Abreviacoes

("C:\Arquivos de programas\MiKTeX 2.5\tex\abntex\nbr10522-1988.def"
("C:\Arquivos de programas\MiKTeX 2.5\tex\abntex\cvs-id.def")
File: nbr10522-1988.def 2003/10/13 v1.2 Abreviacoes bibliograficas (NBR10522:19
88)
)
("C:\Arquivos de programas\MiKTeX 2.5\tex\abntex\abntex-abrev-pt_BR.def"
("C:\Arquivos de programas\MiKTeX 2.5\tex\abntex\cvs-id.def")
File: abntex-abrev-pt_BR.def 2003/10/13 v1.2 definicao de abntex-abrev, traduca
o de termos en_US/pt_BR
))
("C:\Arquivos de programas\MiKTeX 2.5\tex\abntex\nbr10520-2002.def"
("C:\Arquivos de programas\MiKTeX 2.5\tex\abntex\cvs-id.def")
File: nbr10520-2002.def 2003/10/13 v1.2 Definicoes para abntcite (NBR10520:2002
)
)
\minimumbiblabelwidth=\skip52
\ABCIauxlen=\skip53
\c@ABCIaux=\count103
\c@ABCImax=\count104

("C:\Arquivos de programas\MiKTeX 2.5\tex\latex\ltxmisc\relsize.sty"
Package: relsize 2003/07/04 ver 3.1
)
\biblabelsep=\skip54
LaTeX Info: Redefining \newblock on input line 562.
LaTeX Info: Redefining \cite on input line 589.
\ABCItoken=\toks18
)
(Principal_ABNT.aux (capa.aux) (Cap02.aux))
LaTeX Font Info:    Checking defaults for OML/cmm/m/it on input line 18.
LaTeX Font Info:    ... okay on input line 18.
LaTeX Font Info:    Checking defaults for T1/cmr/m/n on input line 18.
LaTeX Font Info:    ... okay on input line 18.
LaTeX Font Info:    Checking defaults for OT1/cmr/m/n on input line 18.
LaTeX Font Info:    ... okay on input line 18.
LaTeX Font Info:    Checking defaults for OMS/cmsy/m/n on input line 18.
LaTeX Font Info:    ... okay on input line 18.
LaTeX Font Info:    Checking defaults for OMX/cmex/m/n on input line 18.
LaTeX Font Info:    ... okay on input line 18.
LaTeX Font Info:    Checking defaults for U/cmr/m/n on input line 18.
LaTeX Font Info:    ... okay on input line 18.
-------------------- Geometry parameters
paper: class default
landscape: --
twocolumn: --
twoside: --
asymmetric: --
h-parts: 89.62709pt, 0.7\paperwidth , 89.6271pt (default)
v-parts: 101.40665pt, 0.7\paperheight , 152.11pt (default)
hmarginratio: 1:1
vmarginratio: 2:3
lines: --
heightrounded: --
bindingoffset: 0.0pt
truedimen: --
includehead: --
includefoot: --
includemp: --
driver: pdftex
-------------------- Page layout dimensions and switches
\paperwidth  597.50787pt
\paperheight 845.04684pt
\textwidth  418.25368pt
\textheight 591.5302pt
\oddsidemargin  17.3571pt
\evensidemargin 17.3571pt
\topmargin  -5.00656pt
\headheight 12.0pt
\headsep    22.14322pt
\footskip   30.0pt
\marginparwidth 35.0pt
\marginparsep   10.0pt
\columnsep  10.0pt
\skip\footins  10.8pt plus 4.0pt minus 2.0pt
\hoffset 0.0pt
\voffset 0.0pt
\mag 1000

(1in=72.27pt, 1cm=28.45pt)
-----------------------
 (capa.tex
LaTeX Font Info:    External font `cmex10' loaded for size
(Font)              <12> on input line 24.
LaTeX Font Info:    External font `cmex10' loaded for size
(Font)              <8> on input line 24.
LaTeX Font Info:    External font `cmex10' loaded for size
(Font)              <6> on input line 24.
 [0


{psfonts.map}]
Underfull \hbox (badness 6510) in paragraph at lines 26--26
[]\T1/aer/m/n/12 Documento ap-re-sen-tando as nor-mas
 []

[1]) (Principal_ABNT.toc)
\tf@toc=\write3
 [2


] (Cap02.tex
Cap\'{\i }tulo 1.
[3



] [4]
Overfull \hbox (2.30173pt too wide) in paragraph at lines 98--103
[]\T1/aer/m/n/12 Está lig-ado a uma visão global e abrangente do tema. Relacion
a-
 []

[5]
LaTeX Font Info:    Try loading font information for OMS+aer on input line 118.

 ("C:\Arquivos de programas\MiKTeX 2.5\tex\latex\ae\omsaer.fd"
File: omsaer.fd 1999/12/27
)
LaTeX Font Info:    Font shape `OMS/aer/m/n' in size <12> not available
(Font)              Font shape `OMS/cmsy/m/n' tried instead on input line 118.
 [6]
Overfull \hbox (0.28555pt too wide) in paragraph at lines 191--196
[]\T1/aer/m/n/12 Constituem eta-pas mais conc-re-tas da in-ves-ti-gação,
 []

[7]) [8] [9]
+-------------------------------------------------------------------+
| Comentario, sugestao ou critica sobre o abnTeX? Entre em contato: |
|                  http://abntex.codigolivre.org.br                 |
+-------------------------------------------------------------------+
[10


] (Principal_ABNT.aux (capa.aux) (Cap02.aux)) ) 
Here is how much of TeX's memory you used:
 2668 strings out of 95419
 32297 string characters out of 1187058
 87978 words of memory out of 1089630
 5557 multiletter control sequences out of 60000
 32866 words of font info for 65 fonts, out of 1000000 for 2000
 14 hyphenation exceptions out of 8191
 28i,5n,25p,298b,227s stack positions out of 5000i,500n,10000p,200000b,32768s
PDF statistics:
 65 PDF objects out of 300000
 0 named destinations out of 300000
 1 words of extra memory for PDF output out of 10000
<C:/Arquivos de programas/MiKTeX
 2.5/fonts/type1/bluesky/cm/cmsy10.pfb><C:/Arquivos de programas/MiKTeX 2.5/fon
ts/type1/bluesky/cm/cmti12.pfb>{cm-super-t1.enc}<C:/Arquivos de programas/MiKTe
X 2.5/fonts/type1/public/cm-super/sfrb1440.pfb><C:/Arquivos de programas/MiKTeX
 2.5/fonts/type1/public/cm-super/sfrb1728.pfb><C:/Arquivos de programas/MiKTeX 
2.5/fonts/type1/bluesky/cm/cmr10.pfb><C:/Arquivos de programas/MiKTeX 2.5/fonts
/type1/public/cm-super/sfrb1200.pfb><C:/Arquivos de programas/MiKTeX 2.5/fonts/
type1/public/cm-super/sfrb2488.pfb><C:/Arquivos de programas/MiKTeX 2.5/fonts/t
ype1/bluesky/cm/cmcsc10.pfb><C:/Arquivos de programas/MiKTeX 2.5/fonts/type1/bl
uesky/cm/cmbx12.pfb><C:/Arquivos de programas/MiKTeX 2.5/fonts/type1/bluesky/cm
/cmr12.pfb>
Output written on Principal_ABNT.pdf (11 pages, 131625 bytes).
