Analysis & Synthesis report for UnidadeDeControleDeEnderecos
Mon Mar 31 22:08:45 2014
Quartus II 64-Bit Version 13.1.0 Build 162 10/23/2013 SJ Web Edition


---------------------
; Table of Contents ;
---------------------
  1. Legal Notice
  2. Analysis & Synthesis Summary
  3. Analysis & Synthesis Settings
  4. Parallel Compilation
  5. Analysis & Synthesis Source Files Read
  6. Analysis & Synthesis Resource Usage Summary
  7. Analysis & Synthesis Resource Utilization by Entity
  8. State Machine - |UnidadeDeControleDeEnderecos|Estado
  9. Registers Removed During Synthesis
 10. General Register Statistics
 11. Inverted Register Statistics
 12. Elapsed Time Per Partition
 13. Analysis & Synthesis Messages



----------------
; Legal Notice ;
----------------
Copyright (C) 1991-2013 Altera Corporation
Your use of Altera Corporation's design tools, logic functions 
and other software and tools, and its AMPP partner logic 
functions, and any output files from any of the foregoing 
(including device programming or simulation files), and any 
associated documentation or information are expressly subject 
to the terms and conditions of the Altera Program License 
Subscription Agreement, Altera MegaCore Function License 
Agreement, or other applicable license agreement, including, 
without limitation, that your use is for the sole purpose of 
programming logic devices manufactured by Altera and sold by 
Altera or its authorized distributors.  Please refer to the 
applicable agreement for further details.



+---------------------------------------------------------------------------------+
; Analysis & Synthesis Summary                                                    ;
+------------------------------------+--------------------------------------------+
; Analysis & Synthesis Status        ; Successful - Mon Mar 31 22:08:45 2014      ;
; Quartus II 64-Bit Version          ; 13.1.0 Build 162 10/23/2013 SJ Web Edition ;
; Revision Name                      ; UnidadeDeControleDeEnderecos               ;
; Top-level Entity Name              ; UnidadeDeControleDeEnderecos               ;
; Family                             ; Cyclone III                                ;
; Total logic elements               ; 20                                         ;
;     Total combinational functions  ; 12                                         ;
;     Dedicated logic registers      ; 16                                         ;
; Total registers                    ; 16                                         ;
; Total pins                         ; 13                                         ;
; Total virtual pins                 ; 0                                          ;
; Total memory bits                  ; 0                                          ;
; Embedded Multiplier 9-bit elements ; 0                                          ;
; Total PLLs                         ; 0                                          ;
+------------------------------------+--------------------------------------------+


+------------------------------------------------------------------------------------------------------------------------------------------+
; Analysis & Synthesis Settings                                                                                                            ;
+----------------------------------------------------------------------------+------------------------------+------------------------------+
; Option                                                                     ; Setting                      ; Default Value                ;
+----------------------------------------------------------------------------+------------------------------+------------------------------+
; Top-level entity name                                                      ; UnidadeDeControleDeEnderecos ; UnidadeDeControleDeEnderecos ;
; Family name                                                                ; Cyclone III                  ; Cyclone IV GX                ;
; Use smart compilation                                                      ; Off                          ; Off                          ;
; Enable parallel Assembler and TimeQuest Timing Analyzer during compilation ; On                           ; On                           ;
; Enable compact report table                                                ; Off                          ; Off                          ;
; Restructure Multiplexers                                                   ; Auto                         ; Auto                         ;
; Create Debugging Nodes for IP Cores                                        ; Off                          ; Off                          ;
; Preserve fewer node names                                                  ; On                           ; On                           ;
; Disable OpenCore Plus hardware evaluation                                  ; Off                          ; Off                          ;
; Verilog Version                                                            ; Verilog_2001                 ; Verilog_2001                 ;
; VHDL Version                                                               ; VHDL_1993                    ; VHDL_1993                    ;
; State Machine Processing                                                   ; Auto                         ; Auto                         ;
; Safe State Machine                                                         ; Off                          ; Off                          ;
; Extract Verilog State Machines                                             ; On                           ; On                           ;
; Extract VHDL State Machines                                                ; On                           ; On                           ;
; Ignore Verilog initial constructs                                          ; Off                          ; Off                          ;
; Iteration limit for constant Verilog loops                                 ; 5000                         ; 5000                         ;
; Iteration limit for non-constant Verilog loops                             ; 250                          ; 250                          ;
; Add Pass-Through Logic to Inferred RAMs                                    ; On                           ; On                           ;
; Infer RAMs from Raw Logic                                                  ; On                           ; On                           ;
; Parallel Synthesis                                                         ; On                           ; On                           ;
; DSP Block Balancing                                                        ; Auto                         ; Auto                         ;
; NOT Gate Push-Back                                                         ; On                           ; On                           ;
; Power-Up Don't Care                                                        ; On                           ; On                           ;
; Remove Redundant Logic Cells                                               ; Off                          ; Off                          ;
; Remove Duplicate Registers                                                 ; On                           ; On                           ;
; Ignore CARRY Buffers                                                       ; Off                          ; Off                          ;
; Ignore CASCADE Buffers                                                     ; Off                          ; Off                          ;
; Ignore GLOBAL Buffers                                                      ; Off                          ; Off                          ;
; Ignore ROW GLOBAL Buffers                                                  ; Off                          ; Off                          ;
; Ignore LCELL Buffers                                                       ; Off                          ; Off                          ;
; Ignore SOFT Buffers                                                        ; On                           ; On                           ;
; Limit AHDL Integers to 32 Bits                                             ; Off                          ; Off                          ;
; Optimization Technique                                                     ; Balanced                     ; Balanced                     ;
; Carry Chain Length                                                         ; 70                           ; 70                           ;
; Auto Carry Chains                                                          ; On                           ; On                           ;
; Auto Open-Drain Pins                                                       ; On                           ; On                           ;
; Perform WYSIWYG Primitive Resynthesis                                      ; Off                          ; Off                          ;
; Auto ROM Replacement                                                       ; On                           ; On                           ;
; Auto RAM Replacement                                                       ; On                           ; On                           ;
; Auto DSP Block Replacement                                                 ; On                           ; On                           ;
; Auto Shift Register Replacement                                            ; Auto                         ; Auto                         ;
; Allow Shift Register Merging across Hierarchies                            ; Auto                         ; Auto                         ;
; Auto Clock Enable Replacement                                              ; On                           ; On                           ;
; Strict RAM Replacement                                                     ; Off                          ; Off                          ;
; Allow Synchronous Control Signals                                          ; On                           ; On                           ;
; Force Use of Synchronous Clear Signals                                     ; Off                          ; Off                          ;
; Auto RAM Block Balancing                                                   ; On                           ; On                           ;
; Auto RAM to Logic Cell Conversion                                          ; Off                          ; Off                          ;
; Auto Resource Sharing                                                      ; Off                          ; Off                          ;
; Allow Any RAM Size For Recognition                                         ; Off                          ; Off                          ;
; Allow Any ROM Size For Recognition                                         ; Off                          ; Off                          ;
; Allow Any Shift Register Size For Recognition                              ; Off                          ; Off                          ;
; Use LogicLock Constraints during Resource Balancing                        ; On                           ; On                           ;
; Ignore translate_off and synthesis_off directives                          ; Off                          ; Off                          ;
; Timing-Driven Synthesis                                                    ; On                           ; On                           ;
; Report Parameter Settings                                                  ; On                           ; On                           ;
; Report Source Assignments                                                  ; On                           ; On                           ;
; Report Connectivity Checks                                                 ; On                           ; On                           ;
; Ignore Maximum Fan-Out Assignments                                         ; Off                          ; Off                          ;
; Synchronization Register Chain Length                                      ; 2                            ; 2                            ;
; PowerPlay Power Optimization                                               ; Normal compilation           ; Normal compilation           ;
; HDL message level                                                          ; Level2                       ; Level2                       ;
; Suppress Register Optimization Related Messages                            ; Off                          ; Off                          ;
; Number of Removed Registers Reported in Synthesis Report                   ; 5000                         ; 5000                         ;
; Number of Swept Nodes Reported in Synthesis Report                         ; 5000                         ; 5000                         ;
; Number of Inverted Registers Reported in Synthesis Report                  ; 100                          ; 100                          ;
; Clock MUX Protection                                                       ; On                           ; On                           ;
; Auto Gated Clock Conversion                                                ; Off                          ; Off                          ;
; Block Design Naming                                                        ; Auto                         ; Auto                         ;
; SDC constraint protection                                                  ; Off                          ; Off                          ;
; Synthesis Effort                                                           ; Auto                         ; Auto                         ;
; Shift Register Replacement - Allow Asynchronous Clear Signal               ; On                           ; On                           ;
; Pre-Mapping Resynthesis Optimization                                       ; Off                          ; Off                          ;
; Analysis & Synthesis Message Level                                         ; Medium                       ; Medium                       ;
; Disable Register Merging Across Hierarchies                                ; Auto                         ; Auto                         ;
; Resource Aware Inference For Block RAM                                     ; On                           ; On                           ;
; Synthesis Seed                                                             ; 1                            ; 1                            ;
+----------------------------------------------------------------------------+------------------------------+------------------------------+


+------------------------------------------+
; Parallel Compilation                     ;
+----------------------------+-------------+
; Processors                 ; Number      ;
+----------------------------+-------------+
; Number detected on machine ; 8           ;
; Maximum allowed            ; 4           ;
;                            ;             ;
; Average used               ; 1.00        ;
; Maximum used               ; 1           ;
;                            ;             ;
; Usage by Processor         ; % Time Used ;
;     Processor 1            ; 100.0%      ;
;     Processors 2-8         ;   0.0%      ;
+----------------------------+-------------+


+---------------------------------------------------------------------------------------------------------------------------------------------------------------------------------------------------------------------------------+
; Analysis & Synthesis Source Files Read                                                                                                                                                                                          ;
+----------------------------------+-----------------+-----------------+------------------------------------------------------------------------------------------------------------------------------------------------+---------+
; File Name with User-Entered Path ; Used in Netlist ; File Type       ; File Name with Absolute Path                                                                                                                   ; Library ;
+----------------------------------+-----------------+-----------------+------------------------------------------------------------------------------------------------------------------------------------------------+---------+
; uce_aux.vhd                      ; yes             ; User VHDL File  ; C:/Users/silvadenisaraujo/Desktop/TFG8086/micro-8086-risc/CodigoMicroprocessador/UnidadeDeControleDeEnderecos/uce_aux.vhd                      ;         ;
; UnidadeDeControleDeEnderecos.vhd ; yes             ; User VHDL File  ; C:/Users/silvadenisaraujo/Desktop/TFG8086/micro-8086-risc/CodigoMicroprocessador/UnidadeDeControleDeEnderecos/UnidadeDeControleDeEnderecos.vhd ;         ;
+----------------------------------+-----------------+-----------------+------------------------------------------------------------------------------------------------------------------------------------------------+---------+


+-----------------------------------------------------------+
; Analysis & Synthesis Resource Usage Summary               ;
+---------------------------------------------+-------------+
; Resource                                    ; Usage       ;
+---------------------------------------------+-------------+
; Estimated Total logic elements              ; 20          ;
;                                             ;             ;
; Total combinational functions               ; 12          ;
; Logic element usage by number of LUT inputs ;             ;
;     -- 4 input functions                    ; 0           ;
;     -- 3 input functions                    ; 2           ;
;     -- <=2 input functions                  ; 10          ;
;                                             ;             ;
; Logic elements by mode                      ;             ;
;     -- normal mode                          ; 12          ;
;     -- arithmetic mode                      ; 0           ;
;                                             ;             ;
; Total registers                             ; 16          ;
;     -- Dedicated logic registers            ; 16          ;
;     -- I/O registers                        ; 0           ;
;                                             ;             ;
; I/O pins                                    ; 13          ;
; Embedded Multiplier 9-bit elements          ; 0           ;
; Maximum fan-out node                        ; clock~input ;
; Maximum fan-out                             ; 16          ;
; Total fan-out                               ; 100         ;
; Average fan-out                             ; 1.85        ;
+---------------------------------------------+-------------+


+------------------------------------------------------------------------------------------------------------------------------------------------------------------------------------------+
; Analysis & Synthesis Resource Utilization by Entity                                                                                                                                      ;
+-------------------------------+-------------------+--------------+-------------+--------------+---------+-----------+------+--------------+-------------------------------+--------------+
; Compilation Hierarchy Node    ; LC Combinationals ; LC Registers ; Memory Bits ; DSP Elements ; DSP 9x9 ; DSP 18x18 ; Pins ; Virtual Pins ; Full Hierarchy Name           ; Library Name ;
+-------------------------------+-------------------+--------------+-------------+--------------+---------+-----------+------+--------------+-------------------------------+--------------+
; |UnidadeDeControleDeEnderecos ; 12 (12)           ; 16 (16)      ; 0           ; 0            ; 0       ; 0         ; 13   ; 0            ; |UnidadeDeControleDeEnderecos ; work         ;
+-------------------------------+-------------------+--------------+-------------+--------------+---------+-----------+------+--------------+-------------------------------+--------------+
Note: For table entries with two numbers listed, the numbers in parentheses indicate the number of resources of the given type used by the specific entity alone. The numbers listed outside of parentheses indicate the total resources of the given type used by the specific entity and all of its sub-entities in the hierarchy.


Encoding Type:  One-Hot
+----------------------------------------------------------------------------------------------------------------------------------------------------------------------------------+
; State Machine - |UnidadeDeControleDeEnderecos|Estado                                                                                                                             ;
+---------------------------------+-----------------------+---------------------------------+------------------------+-------------------+-------------------------+---------------+
; Name                            ; Estado.TerminaCalculo ; Estado.ColocaEndBarramentoIncIP ; Estado.CalculoEndereco ; Estado.HabilitaIP ; Estado.HabilitaSegmento ; Estado.Espera ;
+---------------------------------+-----------------------+---------------------------------+------------------------+-------------------+-------------------------+---------------+
; Estado.Espera                   ; 0                     ; 0                               ; 0                      ; 0                 ; 0                       ; 0             ;
; Estado.HabilitaSegmento         ; 0                     ; 0                               ; 0                      ; 0                 ; 1                       ; 1             ;
; Estado.HabilitaIP               ; 0                     ; 0                               ; 0                      ; 1                 ; 0                       ; 1             ;
; Estado.CalculoEndereco          ; 0                     ; 0                               ; 1                      ; 0                 ; 0                       ; 1             ;
; Estado.ColocaEndBarramentoIncIP ; 0                     ; 1                               ; 0                      ; 0                 ; 0                       ; 1             ;
; Estado.TerminaCalculo           ; 1                     ; 0                               ; 0                      ; 0                 ; 0                       ; 1             ;
+---------------------------------+-----------------------+---------------------------------+------------------------+-------------------+-------------------------+---------------+


+--------------------------------------------------------------------------------+
; Registers Removed During Synthesis                                             ;
+---------------------------------------+----------------------------------------+
; Register name                         ; Reason for Removal                     ;
+---------------------------------------+----------------------------------------+
; ctrlRegSeg[1]~reg0                    ; Stuck at GND due to stuck port data_in ;
; habilitaCalc~en                       ; Stuck at GND due to stuck port data_in ;
; ctrlRegSeg[0]~en                      ; Stuck at GND due to stuck port data_in ;
; ctrlRegSeg[1]~en                      ; Stuck at GND due to stuck port data_in ;
; ctrlRegSeg[2]~en                      ; Stuck at GND due to stuck port data_in ;
; incIP~en                              ; Stuck at GND due to stuck port data_in ;
; selecSeg~en                           ; Stuck at GND due to stuck port data_in ;
; Total Number of Removed Registers = 7 ;                                        ;
+---------------------------------------+----------------------------------------+


+------------------------------------------------------+
; General Register Statistics                          ;
+----------------------------------------------+-------+
; Statistic                                    ; Value ;
+----------------------------------------------+-------+
; Total registers                              ; 16    ;
; Number of registers using Synchronous Clear  ; 0     ;
; Number of registers using Synchronous Load   ; 0     ;
; Number of registers using Asynchronous Clear ; 16    ;
; Number of registers using Asynchronous Load  ; 0     ;
; Number of registers using Clock Enable       ; 9     ;
; Number of registers using Preset             ; 0     ;
+----------------------------------------------+-------+


+--------------------------------------------------+
; Inverted Register Statistics                     ;
+----------------------------------------+---------+
; Inverted Register                      ; Fan out ;
+----------------------------------------+---------+
; habRegSeg~reg0                         ; 1       ;
; leRegSeg~en                            ; 1       ;
; Total number of inverted registers = 2 ;         ;
+----------------------------------------+---------+


+-------------------------------+
; Elapsed Time Per Partition    ;
+----------------+--------------+
; Partition Name ; Elapsed Time ;
+----------------+--------------+
; Top            ; 00:00:01     ;
+----------------+--------------+


+-------------------------------+
; Analysis & Synthesis Messages ;
+-------------------------------+
Info: *******************************************************************
Info: Running Quartus II 64-Bit Analysis & Synthesis
    Info: Version 13.1.0 Build 162 10/23/2013 SJ Web Edition
    Info: Processing started: Mon Mar 31 22:08:34 2014
Info: Command: quartus_map --read_settings_files=on --write_settings_files=off UnidadeDeControleDeEnderecos -c UnidadeDeControleDeEnderecos
Info (11104): Parallel Compilation has detected 8 hyper-threaded processors. However, the extra hyper-threaded processors will not be used by default. Parallel Compilation will use 4 of the 4 physical processors detected instead.
Info (12021): Found 1 design units, including 0 entities, in source file uce_aux.vhd
    Info (12022): Found design unit 1: uce_aux
Info (12021): Found 2 design units, including 1 entities, in source file unidadedecontroledeenderecos.vhd
    Info (12022): Found design unit 1: UnidadeDeControleDeEnderecos-Arquitetura
    Info (12023): Found entity 1: UnidadeDeControleDeEnderecos
Info (12021): Found 2 design units, including 1 entities, in source file unidadedecontroledeenderecostb.vhd
    Info (12022): Found design unit 1: UnidadeDeControleDeEnderecosTB-ArquiteturaUC
    Info (12023): Found entity 1: UnidadeDeControleDeEnderecosTB
Info (12127): Elaborating entity "UnidadeDeControleDeEnderecos" for the top level hierarchy
Warning (10631): VHDL Process Statement warning at UnidadeDeControleDeEnderecos.vhd(98): inferring latch(es) for signal or variable "Estado", which holds its previous value in one or more paths through the process
Info (10041): Inferred latch for "Estado.Erro" at UnidadeDeControleDeEnderecos.vhd(98)
Info (13000): Registers with preset signals will power-up high
Info (13003): DEV_CLRn pin will set, and not reset, register with preset signal due to NOT Gate Push-Back
Critical Warning (18061): Ignored Power-Up Level option on the following registers
    Critical Warning (18010): Register habilitaCalc~en will power up to High
    Critical Warning (18010): Register leRegSeg~en will power up to High
    Critical Warning (18010): Register ctrlRegSeg[0]~en will power up to High
    Critical Warning (18010): Register ctrlRegSeg[1]~en will power up to High
    Critical Warning (18010): Register ctrlRegSeg[2]~en will power up to High
    Critical Warning (18010): Register incIP~en will power up to High
    Critical Warning (18010): Register selecSeg~en will power up to High
Info (286030): Timing-Driven Synthesis is running
Info (16010): Generating hard_block partition "hard_block:auto_generated_inst"
    Info (16011): Adding 0 node(s), including 0 DDIO, 0 PLL, 0 transceiver and 0 LCELL
Info (21057): Implemented 33 device resources after synthesis - the final resource count might be different
    Info (21058): Implemented 3 input pins
    Info (21059): Implemented 10 output pins
    Info (21061): Implemented 20 logic cells
Info: Quartus II 64-Bit Analysis & Synthesis was successful. 0 errors, 9 warnings
    Info: Peak virtual memory: 526 megabytes
    Info: Processing ended: Mon Mar 31 22:08:45 2014
    Info: Elapsed time: 00:00:11
    Info: Total CPU time (on all processors): 00:00:07


