<<<<<<< HEAD
This is pdfTeX, Version 3.1415926-2.5-1.40.14 (MiKTeX 2.9) (preloaded format=pdflatex 2014.3.17)  19 JUN 2014 12:29
entering extended mode
**Principal_ABNT.tex

(C:\Users\silvadenisaraujo\Desktop\AjustesFinaisTFG\micro-risc\Latex\TFG-Latex-
Final\Principal_ABNT.tex
=======
This is pdfTeX, Version 3.1415926-2.5-1.40.14 (MiKTeX 2.9) (preloaded format=pdflatex 2014.5.19)  18 JUN 2014 21:57
entering extended mode
**Principal_ABNT.tex
("C:\Users\Marcos Aurelio\Desktop\TFG\Latex\TFG-Latex-Final\Principal_ABNT.tex"
>>>>>>> 112ec0c236781d61b6269aa294dbe38dbed68a9f
LaTeX2e <2011/06/27>
Babel <v3.8m> and hyphenation patterns for english, afrikaans, ancientgreek, ar
abic, armenian, assamese, basque, bengali, bokmal, bulgarian, catalan, coptic, 
croatian, czech, danish, dutch, esperanto, estonian, farsi, finnish, french, ga
lician, german, german-x-2013-05-26, greek, gujarati, hindi, hungarian, iceland
ic, indonesian, interlingua, irish, italian, kannada, kurmanji, latin, latvian,
 lithuanian, malayalam, marathi, mongolian, mongolianlmc, monogreek, ngerman, n
german-x-2013-05-26, nynorsk, oriya, panjabi, pinyin, polish, portuguese, roman
ian, russian, sanskrit, serbian, slovak, slovenian, spanish, swedish, swissgerm
an, tamil, telugu, turkish, turkmen, ukenglish, ukrainian, uppersorbian, usengl
ishmax, welsh, loaded.
("C:\Program Files (x86)\MiKTeX 2.9\tex\latex\abntex\abnt.cls"
("C:\Program Files (x86)\MiKTeX 2.9\tex\latex\abntex\cvs-id.def")
Document Class: abnt 2004/11/02 v1.27.2.1 Classe abnt (NBR6024, NBR6027, NBR602
8, NBR14724)
("C:\Program Files (x86)\MiKTeX 2.9\tex\latex\base\ifthen.sty"
Package: ifthen 2001/05/26 v1.1c Standard LaTeX ifthen package (DPC)
)
("C:\Program Files (x86)\MiKTeX 2.9\tex\latex\tools\calc.sty"
Package: calc 2007/08/22 v4.3 Infix arithmetic (KKT,FJ)
\calc@Acount=\count79
\calc@Bcount=\count80
\calc@Adimen=\dimen102
\calc@Bdimen=\dimen103
\calc@Askip=\skip41
\calc@Bskip=\skip42
LaTeX Info: Redefining \setlength on input line 76.
LaTeX Info: Redefining \addtolength on input line 77.
\calc@Ccount=\count81
\calc@Cskip=\skip43
)
("C:\Program Files (x86)\MiKTeX 2.9\tex\latex\tools\multicol.sty"
Package: multicol 2011/06/27 v1.7a multicolumn formatting (FMi)
\c@tracingmulticols=\count82
\mult@box=\box26
\multicol@leftmargin=\dimen104
\c@unbalance=\count83
\c@collectmore=\count84
\doublecol@number=\count85
\multicoltolerance=\count86
\multicolpretolerance=\count87
\full@width=\dimen105
\page@free=\dimen106
\premulticols=\dimen107
\postmulticols=\dimen108
\multicolsep=\skip44
\multicolbaselineskip=\skip45
\partial@page=\box27
\last@line=\box28
\mult@rightbox=\box29
\mult@grightbox=\box30
\mult@gfirstbox=\box31
\mult@firstbox=\box32
\@tempa=\box33
\@tempa=\box34
\@tempa=\box35
\@tempa=\box36
\@tempa=\box37
\@tempa=\box38
\@tempa=\box39
\@tempa=\box40
\@tempa=\box41
\@tempa=\box42
\@tempa=\box43
\@tempa=\box44
\@tempa=\box45
\@tempa=\box46
\@tempa=\box47
\@tempa=\box48
\@tempa=\box49
\c@columnbadness=\count88
\c@finalcolumnbadness=\count89
\last@try=\dimen109
\multicolovershoot=\dimen110
\multicolundershoot=\dimen111
\mult@nat@firstbox=\box50
\colbreak@box=\box51
\multicol@sort@counter=\count90
)
("C:\Program Files (x86)\MiKTeX 2.9\tex\latex\base\report.cls"
Document Class: report 2007/10/19 v1.4h Standard LaTeX document class
("C:\Program Files (x86)\MiKTeX 2.9\tex\latex\base\size12.clo"
File: size12.clo 2007/10/19 v1.4h Standard LaTeX file (size option)
)
\c@part=\count91
\c@chapter=\count92
\c@section=\count93
\c@subsection=\count94
\c@subsubsection=\count95
\c@paragraph=\count96
\c@subparagraph=\count97
\c@figure=\count98
\c@table=\count99
\abovecaptionskip=\skip46
\belowcaptionskip=\skip47
\bibindent=\dimen112
)
("C:\Program Files (x86)\MiKTeX 2.9\tex\latex\setspace\setspace.sty"
Package: setspace 2011/12/19 v6.7a set line spacing
)
\ABNTanapindent=\skip48
\ABNTsignwidth=\skip49
\ABNTsignthickness=\skip50
\ABNTsignskip=\skip51

("C:\Program Files (x86)\MiKTeX 2.9\tex\latex\tools\indentfirst.sty"
Package: indentfirst 1995/11/23 v1.03 Indent first paragraph (DPC)
))
("C:\Program Files (x86)\MiKTeX 2.9\tex\generic\babel\babel.sty"
Package: babel 2008/07/08 v3.8m The Babel package

*************************************
* Local config file bblopts.cfg used
*
("C:\Program Files (x86)\MiKTeX 2.9\tex\latex\00miktex\bblopts.cfg"
File: bblopts.cfg 2006/07/31 v1.0 MiKTeX 'babel' configuration
)
("C:\Program Files (x86)\MiKTeX 2.9\tex\generic\babel\portuges.ldf"
Language: portuges 2008/03/18 v1.2q Portuguese support from the babel system

("C:\Program Files (x86)\MiKTeX 2.9\tex\generic\babel\babel.def"
File: babel.def 2008/07/08 v3.8m Babel common definitions
\babel@savecnt=\count100
\U@D=\dimen113
)
\l@brazil = a dialect from \language\l@portuges 
Package babel Info: Making " an active character on input line 145.
))
("C:\Program Files (x86)\MiKTeX 2.9\tex\latex\base\inputenc.sty"
Package: inputenc 2008/03/30 v1.1d Input encoding file
\inpenc@prehook=\toks14
\inpenc@posthook=\toks15

("C:\Program Files (x86)\MiKTeX 2.9\tex\latex\base\latin1.def"
File: latin1.def 2008/03/30 v1.1d Input encoding file
))
("C:\Program Files (x86)\MiKTeX 2.9\tex\latex\ae\ae.sty"
Package: ae 2001/02/12 1.3 Almost European Computer Modern

("C:\Program Files (x86)\MiKTeX 2.9\tex\latex\base\fontenc.sty"
Package: fontenc 2005/09/27 v1.99g Standard LaTeX package

("C:\Program Files (x86)\MiKTeX 2.9\tex\latex\base\t1enc.def"
File: t1enc.def 2005/09/27 v1.99g Standard LaTeX file
LaTeX Font Info:    Redeclaring font encoding T1 on input line 43.
)
LaTeX Font Info:    Try loading font information for T1+aer on input line 100.

("C:\Program Files (x86)\MiKTeX 2.9\tex\latex\ae\t1aer.fd"
File: t1aer.fd 1997/11/16 Font definitions for T1/aer.
)))
("C:\Program Files (x86)\MiKTeX 2.9\tex\latex\graphics\graphicx.sty"
Package: graphicx 1999/02/16 v1.0f Enhanced LaTeX Graphics (DPC,SPQR)

("C:\Program Files (x86)\MiKTeX 2.9\tex\latex\graphics\keyval.sty"
Package: keyval 1999/03/16 v1.13 key=value parser (DPC)
\KV@toks@=\toks16
)
("C:\Program Files (x86)\MiKTeX 2.9\tex\latex\graphics\graphics.sty"
Package: graphics 2009/02/05 v1.0o Standard LaTeX Graphics (DPC,SPQR)

("C:\Program Files (x86)\MiKTeX 2.9\tex\latex\graphics\trig.sty"
Package: trig 1999/03/16 v1.09 sin cos tan (DPC)
)
("C:\Program Files (x86)\MiKTeX 2.9\tex\latex\00miktex\graphics.cfg"
File: graphics.cfg 2007/01/18 v1.5 graphics configuration of teTeX/TeXLive
)
Package graphics Info: Driver file: pdftex.def on input line 91.

("C:\Program Files (x86)\MiKTeX 2.9\tex\latex\pdftex-def\pdftex.def"
File: pdftex.def 2011/05/27 v0.06d Graphics/color for pdfTeX

("C:\Program Files (x86)\MiKTeX 2.9\tex\generic\oberdiek\infwarerr.sty"
Package: infwarerr 2010/04/08 v1.3 Providing info/warning/error messages (HO)
)
("C:\Program Files (x86)\MiKTeX 2.9\tex\generic\oberdiek\ltxcmds.sty"
Package: ltxcmds 2011/11/09 v1.22 LaTeX kernel commands for general use (HO)
)
\Gread@gobject=\count101
))
\Gin@req@height=\dimen114
\Gin@req@width=\dimen115
)
("C:\Program Files (x86)\MiKTeX 2.9\tex\latex\geometry\geometry.sty"
Package: geometry 2010/09/12 v5.6 Page Geometry

("C:\Program Files (x86)\MiKTeX 2.9\tex\generic\oberdiek\ifpdf.sty"
Package: ifpdf 2011/01/30 v2.3 Provides the ifpdf switch (HO)
Package ifpdf Info: pdfTeX in PDF mode is detected.
)
("C:\Program Files (x86)\MiKTeX 2.9\tex\generic\oberdiek\ifvtex.sty"
Package: ifvtex 2010/03/01 v1.5 Detect VTeX and its facilities (HO)
Package ifvtex Info: VTeX not detected.
)
("C:\Program Files (x86)\MiKTeX 2.9\tex\generic\ifxetex\ifxetex.sty"
Package: ifxetex 2010/09/12 v0.6 Provides ifxetex conditional
)
\Gm@cnth=\count102
\Gm@cntv=\count103
\c@Gm@tempcnt=\count104
\Gm@bindingoffset=\dimen116
\Gm@wd@mp=\dimen117
\Gm@odd@mp=\dimen118
\Gm@even@mp=\dimen119
\Gm@layoutwidth=\dimen120
\Gm@layoutheight=\dimen121
\Gm@layouthoffset=\dimen122
\Gm@layoutvoffset=\dimen123
\Gm@dimlist=\toks17

("C:\Program Files (x86)\MiKTeX 2.9\tex\latex\geometry\geometry.cfg"))
("C:\Program Files (x86)\MiKTeX 2.9\tex\latex\graphics\lscape.sty"
Package: lscape 2000/10/22 v3.01 Landscape Pages (DPC)
)
("C:\Program Files (x86)\MiKTeX 2.9\tex\latex\url\url.sty"
\Urlmuskip=\muskip10
Package: url 2013/09/16  ver 3.4  Verb mode for urls, etc.
)
("C:\Program Files (x86)\MiKTeX 2.9\tex\latex\abntex2\abntex2cite.sty"
Package: abntex2cite 2014/01/26 v1.9.2 abnTeX2

("C:\Program Files (x86)\MiKTeX 2.9\tex\latex\abntex2\abntex2abrev.sty")
\minimumbiblabelwidth=\skip52
\ABCIauxlen=\skip53
\c@ABCIaux=\count105
\c@ABCImax=\count106

("C:\Program Files (x86)\MiKTeX 2.9\tex\latex\ltxmisc\relsize.sty"
Package: relsize 2003/07/04 ver 3.1
)
\biblabelsep=\skip54
LaTeX Info: Redefining \newblock on input line 675.
LaTeX Info: Redefining \cite on input line 702.
\ABCItoken=\toks18
)
("C:\Program Files (x86)\MiKTeX 2.9\tex\latex\booktabs\booktabs.sty"
Package: booktabs 2005/04/14 v1.61803 publication quality tables
\heavyrulewidth=\dimen124
\lightrulewidth=\dimen125
\cmidrulewidth=\dimen126
\belowrulesep=\dimen127
\belowbottomsep=\dimen128
\aboverulesep=\dimen129
\abovetopsep=\dimen130
\cmidrulesep=\dimen131
\cmidrulekern=\dimen132
\defaultaddspace=\dimen133
\@cmidla=\count107
\@cmidlb=\count108
\@aboverulesep=\dimen134
\@belowrulesep=\dimen135
\@thisruleclass=\count109
\@lastruleclass=\count110
\@thisrulewidth=\dimen136
)
("C:\Program Files (x86)\MiKTeX 2.9\tex\latex\multirow\multirow.sty"
\bigstrutjot=\dimen137
)
("C:\Program Files (x86)\MiKTeX 2.9\tex\latex\listings\listings.sty"
\lst@mode=\count111
\lst@gtempboxa=\box52
\lst@token=\toks19
\lst@length=\count112
\lst@currlwidth=\dimen138
\lst@column=\count113
\lst@pos=\count114
\lst@lostspace=\dimen139
\lst@width=\dimen140
\lst@newlines=\count115
\lst@lineno=\count116
\lst@maxwidth=\dimen141

("C:\Program Files (x86)\MiKTeX 2.9\tex\latex\listings\lstmisc.sty"
File: lstmisc.sty 2014/03/04 1.5c (Carsten Heinz)
\c@lstnumber=\count117
\lst@skipnumbers=\count118
\lst@framebox=\box53
)
("C:\Program Files (x86)\MiKTeX 2.9\tex\latex\listings\listings.cfg"
File: listings.cfg 2014/03/04 1.5c listings configuration
))
Package: listings 2014/03/04 1.5c (Carsten Heinz)

("C:\Program Files (x86)\MiKTeX 2.9\tex\latex\xcolor\xcolor.sty"
Package: xcolor 2007/01/21 v2.11 LaTeX color extensions (UK)

("C:\Program Files (x86)\MiKTeX 2.9\tex\latex\00miktex\color.cfg"
File: color.cfg 2007/01/18 v1.5 color configuration of teTeX/TeXLive
)
Package xcolor Info: Driver file: pdftex.def on input line 225.
Package xcolor Info: Model `cmy' substituted by `cmy0' on input line 1337.
Package xcolor Info: Model `hsb' substituted by `rgb' on input line 1341.
Package xcolor Info: Model `RGB' extended on input line 1353.
Package xcolor Info: Model `HTML' substituted by `rgb' on input line 1355.
Package xcolor Info: Model `Hsb' substituted by `hsb' on input line 1356.
Package xcolor Info: Model `tHsb' substituted by `hsb' on input line 1357.
Package xcolor Info: Model `HSB' substituted by `hsb' on input line 1358.
Package xcolor Info: Model `Gray' substituted by `gray' on input line 1359.
Package xcolor Info: Model `wave' substituted by `hsb' on input line 1360.
)
("C:\Program Files (x86)\MiKTeX 2.9\tex\latex\listings\lstlang1.sty"
File: lstlang1.sty 2014/03/04 1.5c listings language file
)
("C:\Program Files (x86)\MiKTeX 2.9\tex\latex\listings\lstlang1.sty"
File: lstlang1.sty 2014/03/04 1.5c listings language file
)
<<<<<<< HEAD
(C:\Users\silvadenisaraujo\Desktop\AjustesFinaisTFG\micro-risc\Latex\TFG-Latex-
Final\Principal_ABNT.aux
(C:\Users\silvadenisaraujo\Desktop\AjustesFinaisTFG\micro-risc\Latex\TFG-Latex-
Final\capa.aux)
(C:\Users\silvadenisaraujo\Desktop\AjustesFinaisTFG\micro-risc\Latex\TFG-Latex-
Final\Dedicatoria.aux)
(C:\Users\silvadenisaraujo\Desktop\AjustesFinaisTFG\micro-risc\Latex\TFG-Latex-
Final\Agradecimentos.aux)
(C:\Users\silvadenisaraujo\Desktop\AjustesFinaisTFG\micro-risc\Latex\TFG-Latex-
Final\Resumo.aux)
(C:\Users\silvadenisaraujo\Desktop\AjustesFinaisTFG\micro-risc\Latex\TFG-Latex-
Final\Introducao.aux)
(C:\Users\silvadenisaraujo\Desktop\AjustesFinaisTFG\micro-risc\Latex\TFG-Latex-
Final\Objetivo.aux)
(C:\Users\silvadenisaraujo\Desktop\AjustesFinaisTFG\micro-risc\Latex\TFG-Latex-
Final\Fundamentacao.aux
=======
("C:\Users\Marcos Aurelio\Desktop\TFG\Latex\TFG-Latex-Final\Principal_ABNT.aux"
("C:\Users\Marcos Aurelio\Desktop\TFG\Latex\TFG-Latex-Final\capa.aux")
("C:\Users\Marcos Aurelio\Desktop\TFG\Latex\TFG-Latex-Final\Dedicatoria.aux")
("C:\Users\Marcos Aurelio\Desktop\TFG\Latex\TFG-Latex-Final\Agradecimentos.aux"
) ("C:\Users\Marcos Aurelio\Desktop\TFG\Latex\TFG-Latex-Final\Resumo.aux")
("C:\Users\Marcos Aurelio\Desktop\TFG\Latex\TFG-Latex-Final\Introducao.aux")
("C:\Users\Marcos Aurelio\Desktop\TFG\Latex\TFG-Latex-Final\Objetivo.aux")
("C:\Users\Marcos Aurelio\Desktop\TFG\Latex\TFG-Latex-Final\Fundamentacao.aux"
>>>>>>> 112ec0c236781d61b6269aa294dbe38dbed68a9f

LaTeX Warning: Label `diagrama' multiply defined.

)
<<<<<<< HEAD
(C:\Users\silvadenisaraujo\Desktop\AjustesFinaisTFG\micro-risc\Latex\TFG-Latex-
Final\Desenvolvimento.aux)
(C:\Users\silvadenisaraujo\Desktop\AjustesFinaisTFG\micro-risc\Latex\TFG-Latex-
Final\Resultados.aux

LaTeX Warning: Label `FigMicroFinal' multiply defined.


LaTeX Warning: Label `FigMicroFinal' multiply defined.


LaTeX Warning: Label `FigMicroFinal' multiply defined.


LaTeX Warning: Label `FigMicroFinal' multiply defined.


LaTeX Warning: Label `FigMicroFinal' multiply defined.


LaTeX Warning: Label `FigMicroFinal' multiply defined.


LaTeX Warning: Label `FigMicroFinal' multiply defined.


LaTeX Warning: Label `FigMicroFinal' multiply defined.


LaTeX Warning: Label `FigMicroFinal' multiply defined.

)
(C:\Users\silvadenisaraujo\Desktop\AjustesFinaisTFG\micro-risc\Latex\TFG-Latex-
Final\ConsideracoesFinais.aux)
(C:\Users\silvadenisaraujo\Desktop\AjustesFinaisTFG\micro-risc\Latex\TFG-Latex-
Final\Anexo.aux))
=======
("C:\Users\Marcos Aurelio\Desktop\TFG\Latex\TFG-Latex-Final\Desenvolvimento.aux
") ("C:\Users\Marcos Aurelio\Desktop\TFG\Latex\TFG-Latex-Final\Resultados.aux")

("C:\Users\Marcos Aurelio\Desktop\TFG\Latex\TFG-Latex-Final\ConsideracoesFinais
.aux") ("C:\Users\Marcos Aurelio\Desktop\TFG\Latex\TFG-Latex-Final\Anexo.aux"))
>>>>>>> 112ec0c236781d61b6269aa294dbe38dbed68a9f
LaTeX Font Info:    Checking defaults for OML/cmm/m/it on input line 79.
LaTeX Font Info:    ... okay on input line 79.
LaTeX Font Info:    Checking defaults for T1/cmr/m/n on input line 79.
LaTeX Font Info:    ... okay on input line 79.
LaTeX Font Info:    Checking defaults for OT1/cmr/m/n on input line 79.
LaTeX Font Info:    ... okay on input line 79.
LaTeX Font Info:    Checking defaults for OMS/cmsy/m/n on input line 79.
LaTeX Font Info:    ... okay on input line 79.
LaTeX Font Info:    Checking defaults for OMX/cmex/m/n on input line 79.
LaTeX Font Info:    ... okay on input line 79.
LaTeX Font Info:    Checking defaults for U/cmr/m/n on input line 79.
LaTeX Font Info:    ... okay on input line 79.
<<<<<<< HEAD

(C:\Users\silvadenisaraujo\AppData\Roaming\MiKTeX\2.9\tex\context\base\supp-pdf
.mkii
=======
("C:\Program Files (x86)\MiKTeX 2.9\tex\context\base\supp-pdf.mkii"
>>>>>>> 112ec0c236781d61b6269aa294dbe38dbed68a9f
[Loading MPS to PDF converter (version 2006.09.02).]
\scratchcounter=\count119
\scratchdimen=\dimen142
\scratchbox=\box54
\nofMPsegments=\count120
\nofMParguments=\count121
\everyMPshowfont=\toks20
\MPscratchCnt=\count122
\MPscratchDim=\dimen143
\MPnumerator=\count123
\makeMPintoPDFobject=\count124
\everyMPtoPDFconversion=\toks21
)
*geometry* detected driver: dvips
*geometry* verbose mode - [ preamble ] result:
* driver: dvips
* paper: <default>
* layout: <same size as paper>
* layoutoffset:(h,v)=(0.0pt,0.0pt)
* modes: 
* h-part:(L,W,R)=(89.62709pt, 418.25368pt, 89.6271pt)
* v-part:(T,H,B)=(101.40665pt, 591.5302pt, 152.11pt)
* \paperwidth=597.50787pt
* \paperheight=845.04684pt
* \textwidth=418.25368pt
* \textheight=591.5302pt
* \oddsidemargin=17.3571pt
* \evensidemargin=17.3571pt
* \topmargin=-5.00656pt
* \headheight=12.0pt
* \headsep=22.14322pt
* \topskip=12.0pt
* \footskip=30.0pt
* \marginparwidth=35.0pt
* \marginparsep=10.0pt
* \columnsep=10.0pt
* \skip\footins=10.8pt plus 4.0pt minus 2.0pt
* \hoffset=0.0pt
* \voffset=0.0pt
* \mag=1000
* \@twocolumnfalse
* \@twosidefalse
* \@mparswitchfalse
* \@reversemarginfalse
* (1in=72.27pt=25.4mm, 1cm=28.453pt)

\c@lstlisting=\count125
<<<<<<< HEAD

(C:\Users\silvadenisaraujo\Desktop\AjustesFinaisTFG\micro-risc\Latex\TFG-Latex-
Final\capa.tex
=======
("C:\Users\Marcos Aurelio\Desktop\TFG\Latex\TFG-Latex-Final\capa.tex"
>>>>>>> 112ec0c236781d61b6269aa294dbe38dbed68a9f
LaTeX Font Info:    External font `cmex10' loaded for size
(Font)              <12> on input line 23.
LaTeX Font Info:    External font `cmex10' loaded for size
(Font)              <8> on input line 23.
LaTeX Font Info:    External font `cmex10' loaded for size
(Font)              <6> on input line 23.
 [0
Non-PDF special ignored!


{C:/ProgramData/MiKTeX/2.9/pdftex/config/pdftex.map}]
[1])
<<<<<<< HEAD
(C:\Users\silvadenisaraujo\Desktop\AjustesFinaisTFG\micro-risc\Latex\TFG-Latex-
Final\Principal_ABNT.toc [2
=======
("C:\Users\Marcos Aurelio\Desktop\TFG\Latex\TFG-Latex-Final\Principal_ABNT.toc"
[2
>>>>>>> 112ec0c236781d61b6269aa294dbe38dbed68a9f


] [3] [4] [5])
\tf@toc=\write3
 [6]
<<<<<<< HEAD
(C:\Users\silvadenisaraujo\Desktop\AjustesFinaisTFG\micro-risc\Latex\TFG-Latex-
Final\Principal_ABNT.lof [7
=======
("C:\Users\Marcos Aurelio\Desktop\TFG\Latex\TFG-Latex-Final\Principal_ABNT.lof"
[7
>>>>>>> 112ec0c236781d61b6269aa294dbe38dbed68a9f


]
Overfull \hbox (20.82007pt too wide) in paragraph at lines 25--25
 [][] []\T1/aer/m/n/12 Análise quan-ti-ta-tiva das ins-tru-ções do có-digo do M
S-DOS(SHUSTEK, 
 []

[8] [9])
\tf@lof=\write4
<<<<<<< HEAD
 [10]
(C:\Users\silvadenisaraujo\Desktop\AjustesFinaisTFG\micro-risc\Latex\TFG-Latex-
Final\Principal_ABNT.lot)
=======
 [9] [10]
("C:\Users\Marcos Aurelio\Desktop\TFG\Latex\TFG-Latex-Final\Principal_ABNT.lot"
)
>>>>>>> 112ec0c236781d61b6269aa294dbe38dbed68a9f
\tf@lot=\write5
 [11

]
<<<<<<< HEAD
(C:\Users\silvadenisaraujo\Desktop\AjustesFinaisTFG\micro-risc\Latex\TFG-Latex-
Final\Dedicatoria.tex) [12


]
(C:\Users\silvadenisaraujo\Desktop\AjustesFinaisTFG\micro-risc\Latex\TFG-Latex-
Final\Agradecimentos.tex) [13



]
(C:\Users\silvadenisaraujo\Desktop\AjustesFinaisTFG\micro-risc\Latex\TFG-Latex-
Final\Resumo.tex) [14
=======
("C:\Users\Marcos Aurelio\Desktop\TFG\Latex\TFG-Latex-Final\Dedicatoria.tex"
Cap\'{\i }tulo 1.
) [12


]
("C:\Users\Marcos Aurelio\Desktop\TFG\Latex\TFG-Latex-Final\Agradecimentos.tex"
Cap\'{\i }tulo 2.
) [13



] ("C:\Users\Marcos Aurelio\Desktop\TFG\Latex\TFG-Latex-Final\Resumo.tex"
Cap\'{\i }tulo 3.
) [14
>>>>>>> 112ec0c236781d61b6269aa294dbe38dbed68a9f



]
<<<<<<< HEAD
(C:\Users\silvadenisaraujo\Desktop\AjustesFinaisTFG\micro-risc\Latex\TFG-Latex-
Final\Introducao.tex
Cap\'{\i }tulo 1.
=======
("C:\Users\Marcos Aurelio\Desktop\TFG\Latex\TFG-Latex-Final\Introducao.tex"
Cap\'{\i }tulo 4.
>>>>>>> 112ec0c236781d61b6269aa294dbe38dbed68a9f
) [15



<<<<<<< HEAD
]
(C:\Users\silvadenisaraujo\Desktop\AjustesFinaisTFG\micro-risc\Latex\TFG-Latex-
Final\Objetivo.tex
Cap\'{\i }tulo 2.
=======
] ("C:\Users\Marcos Aurelio\Desktop\TFG\Latex\TFG-Latex-Final\Objetivo.tex"
Cap\'{\i }tulo 5.
>>>>>>> 112ec0c236781d61b6269aa294dbe38dbed68a9f
) [16



]
<<<<<<< HEAD
(C:\Users\silvadenisaraujo\Desktop\AjustesFinaisTFG\micro-risc\Latex\TFG-Latex-
Final\Fundamentacao.tex
Cap\'{\i }tulo 3.
=======
("C:\Users\Marcos Aurelio\Desktop\TFG\Latex\TFG-Latex-Final\Fundamentacao.tex"
Cap\'{\i }tulo 6.
>>>>>>> 112ec0c236781d61b6269aa294dbe38dbed68a9f
<681px-InternalIntegratedCircuit2.jpg, id=63, 512.66531pt x 450.9347pt>
File: 681px-InternalIntegratedCircuit2.jpg Graphic file (type jpg)

<use 681px-InternalIntegratedCircuit2.jpg>
Package pdftex.def Info: 681px-InternalIntegratedCircuit2.jpg used on input lin
e 15.
(pdftex.def)             Requested size: 307.60155pt x 270.5629pt.


LaTeX Warning: `h' float specifier changed to `ht'.

<sistemaMicro.png, id=64, 538.26094pt x 319.1925pt>
File: sistemaMicro.png Graphic file (type png)
 <use sistemaMicro.png>
Package pdftex.def Info: sistemaMicro.png used on input line 23.
(pdftex.def)             Requested size: 322.95906pt x 191.51697pt.


LaTeX Warning: `h' float specifier changed to `ht'.

[17



<<<<<<< HEAD
] [18 <C:/Users/silvadenisaraujo/Desktop/AjustesFinaisTFG/micro-risc/Latex/TFG-
Latex-Final/681px-InternalIntegratedCircuit2.jpg>]
<programa.png, id=74, 344.78813pt x 341.02406pt>
=======
] [18 <C:/Users/Marcos Aurelio/Desktop/TFG/Latex/TFG-Latex-Final/681px-Internal
IntegratedCircuit2.jpg>] <programa.png, id=74, 344.78813pt x 341.02406pt>
>>>>>>> 112ec0c236781d61b6269aa294dbe38dbed68a9f
File: programa.png Graphic file (type png)

<use programa.png>
Package pdftex.def Info: programa.png used on input line 39.
(pdftex.def)             Requested size: 206.87447pt x 204.61601pt.
<<<<<<< HEAD
 [19 <C:/Users/silvadenisaraujo/Desktop/AjustesFinaisTFG/micro-risc/Latex/TFG-L
atex-Final/sistemaMicro.png>] <internalOrg.png, id=78, 460.72125pt x 332.74312p
t>
=======
 [19 <C:/Users/Marcos Aurelio/Desktop/TFG/Latex/TFG-Latex-Final/sistemaMicro.pn
g>] <internalOrg.png, id=78, 460.72125pt x 332.74312pt>
>>>>>>> 112ec0c236781d61b6269aa294dbe38dbed68a9f
File: internalOrg.png Graphic file (type png)

<use internalOrg.png>
Package pdftex.def Info: internalOrg.png used on input line 66.
(pdftex.def)             Requested size: 276.43488pt x 199.6474pt.
<<<<<<< HEAD
 [20 <C:/Users/silvadenisaraujo/Desktop/AjustesFinaisTFG/micro-risc/Latex/TFG-L
atex-Final/programa.png>]
LaTeX Font Info:    Try loading font information for OMS+aer on input line 78.

("C:\Program Files (x86)\MiKTeX 2.9\tex\latex\ae\omsaer.fd"
=======
 [20 <C:/Users/Marcos Aurelio/Desktop/TFG/Latex/TFG-Latex-Final/programa.png>]
LaTeX Font Info:    Try loading font information for OMS+aer on input line 78.
 ("C:\Program Files (x86)\MiKTeX 2.9\tex\latex\ae\omsaer.fd"
>>>>>>> 112ec0c236781d61b6269aa294dbe38dbed68a9f
File: omsaer.fd 1999/12/27
)
LaTeX Font Info:    Font shape `OMS/aer/m/n' in size <12> not available
(Font)              Font shape `OMS/cmsy/m/n' tried instead on input line 78.
<<<<<<< HEAD
 [21 <C:/Users/silvadenisaraujo/Desktop/AjustesFinaisTFG/micro-risc/Latex/TFG-L
atex-Final/internalOrg.png>] [22] [23] <arqBarramento.jpg, id=92, 148.6353pt x 
71.7882pt>
=======
 [21 <C:/Users/Marcos Aurelio/Desktop/TFG/Latex/TFG-Latex-Final/internalOrg.png
>] [22] [23] <arqBarramento.jpg, id=92, 148.6353pt x 71.7882pt>
>>>>>>> 112ec0c236781d61b6269aa294dbe38dbed68a9f
File: arqBarramento.jpg Graphic file (type jpg)

<use arqBarramento.jpg>
Package pdftex.def Info: arqBarramento.jpg used on input line 104.
(pdftex.def)             Requested size: 371.58733pt x 179.46999pt.
<<<<<<< HEAD
 [24 <C:/Users/silvadenisaraujo/Desktop/AjustesFinaisTFG/micro-risc/Latex/TFG-L
atex-Final/arqBarramento.jpg>]
=======
 [24 <C:/Users/Marcos Aurelio/Desktop/TFG/Latex/TFG-Latex-Final/arqBarramento.j
pg>]
>>>>>>> 112ec0c236781d61b6269aa294dbe38dbed68a9f
<microcodigo.png, id=97, 354.57469pt x 265.74281pt>
File: microcodigo.png Graphic file (type png)
 <use microcodigo.png>
Package pdftex.def Info: microcodigo.png used on input line 125.
(pdftex.def)             Requested size: 354.57382pt x 265.74216pt.

<<<<<<< HEAD
[25] [26 <C:/Users/silvadenisaraujo/Desktop/AjustesFinaisTFG/micro-risc/Latex/T
FG-Latex-Final/microcodigo.png>]
<memoriacache.png, id=104, 472.01344pt x 275.52937pt>
=======
[25] [26 <C:/Users/Marcos Aurelio/Desktop/TFG/Latex/TFG-Latex-Final/microcodigo
.png>] <memoriacache.png, id=104, 472.01344pt x 275.52937pt>
>>>>>>> 112ec0c236781d61b6269aa294dbe38dbed68a9f
File: memoriacache.png Graphic file (type png)
 <use memoriacache.png>
Package pdftex.def Info: memoriacache.png used on input line 146.
(pdftex.def)             Requested size: 283.21025pt x 165.3189pt.

[27] <cacheniveis.png, id=108, 271.0125pt x 66.2475pt>
File: cacheniveis.png Graphic file (type png)
 <use cacheniveis.png>
Package pdftex.def Info: cacheniveis.png used on input line 156.
(pdftex.def)             Requested size: 271.01183pt x 66.24733pt.

<pipeline.png, id=109, 409.53pt x 331.99031pt>
File: pipeline.png Graphic file (type png)
 <use pipeline.png>
Package pdftex.def Info: pipeline.png used on input line 166.
(pdftex.def)             Requested size: 245.7199pt x 199.19571pt.
<<<<<<< HEAD
 [28 <C:/Users/silvadenisaraujo/Desktop/AjustesFinaisTFG/micro-risc/Latex/TFG-L
atex-Final/memoriacache.png> <C:/Users/silvadenisaraujo/Desktop/AjustesFinaisTF
G/micro-risc/Latex/TFG-Latex-Final/cacheniveis.png>]
<calculoPipeline.png, id=113, 432.11438pt x 299.61937pt>
=======
 [28 <C:/Users/Marcos Aurelio/Desktop/TFG/Latex/TFG-Latex-Final/memoriacache.pn
g> <C:/Users/Marcos Aurelio/Desktop/TFG/Latex/TFG-Latex-Final/cacheniveis.png>]
 <calculoPipeline.png, id=113, 432.11438pt x 299.61937pt>
>>>>>>> 112ec0c236781d61b6269aa294dbe38dbed68a9f
File: calculoPipeline.png Graphic file (type png)

<use calculoPipeline.png>
Package pdftex.def Info: calculoPipeline.png used on input line 174.
(pdftex.def)             Requested size: 259.27061pt x 179.77301pt.


LaTeX Font Warning: Font shape `T1/cmr/b/it' undefined
(Font)              using `T1/cmr/b/n' instead on input line 179.

<<<<<<< HEAD
[29 <C:/Users/silvadenisaraujo/Desktop/AjustesFinaisTFG/micro-risc/Latex/TFG-La
tex-Final/pipeline.png>] <codigo.png, id=117, 147.55125pt x 33.12375pt>
=======
[29 <C:/Users/Marcos Aurelio/Desktop/TFG/Latex/TFG-Latex-Final/pipeline.png>]
<codigo.png, id=117, 147.55125pt x 33.12375pt>
>>>>>>> 112ec0c236781d61b6269aa294dbe38dbed68a9f
File: codigo.png Graphic file (type png)
 <use codigo.png>
Package pdftex.def Info: codigo.png used on input line 187.
(pdftex.def)             Requested size: 118.04114pt x 26.49902pt.
<<<<<<< HEAD
 <bubble.png, id=118, 437.38406pt x 169.38281pt>
File: bubble.png Graphic file (type png)

<use bubble.png>
Package pdftex.def Info: bubble.png used on input line 195.
(pdftex.def)             Requested size: 262.43245pt x 101.63046pt.
 [30 <C:/Users/silvadenisaraujo/Desktop/AjustesFinaisTFG/micro-risc/Latex/TFG-L
atex-Final/calculoPipeline.png> <C:/Users/silvadenisaraujo/Desktop/AjustesFinai
sTFG/micro-risc/Latex/TFG-Latex-Final/codigo.png>]
=======

<bubble.png, id=118, 437.38406pt x 169.38281pt>
File: bubble.png Graphic file (type png)
 <use bubble.png>
Package pdftex.def Info: bubble.png used on input line 195.
(pdftex.def)             Requested size: 262.43245pt x 101.63046pt.
 [30 <C:/Users/Marcos Aurelio/Desktop/TFG/Latex/TFG-Latex-Final/calculoPipeline
.png> <C:/Users/Marcos Aurelio/Desktop/TFG/Latex/TFG-Latex-Final/codigo.png>]
>>>>>>> 112ec0c236781d61b6269aa294dbe38dbed68a9f
<branchproblema.png, id=123, 395.97937pt x 160.34906pt>
File: branchproblema.png Graphic file (type png)

<use branchproblema.png>
Package pdftex.def Info: branchproblema.png used on input line 207.
(pdftex.def)             Requested size: 237.58945pt x 96.21017pt.
<<<<<<< HEAD
 [31 <C:/Users/silvadenisaraujo/Desktop/AjustesFinaisTFG/micro-risc/Latex/TFG-L
atex-Final/bubble.png> <C:/Users/silvadenisaraujo/Desktop/AjustesFinaisTFG/micr
o-risc/Latex/TFG-Latex-Final/branchproblema.png>]
<multicore.png, id=127, 225.84375pt x 222.8325pt>
=======
 [31 <C:/Users/Marcos Aurelio/Desktop/TFG/Latex/TFG-Latex-Final/bubble.png> <C:
/Users/Marcos Aurelio/Desktop/TFG/Latex/TFG-Latex-Final/branchproblema.png>] <m
ulticore.png, id=127, 225.84375pt x 222.8325pt>
>>>>>>> 112ec0c236781d61b6269aa294dbe38dbed68a9f
File: multicore.png Graphic file (type png)
 <use multicore.png>
Package pdftex.def Info: multicore.png used on input line 219.
(pdftex.def)             Requested size: 225.84319pt x 222.83195pt.
<<<<<<< HEAD
 [32 <C:/Users/silvadenisaraujo/Desktop/AjustesFinaisTFG/micro-risc/Latex/TFG-L
atex-Final/multicore.png>]
=======
 [32 <C:/Users/Marcos Aurelio/Desktop/TFG/Latex/TFG-Latex-Final/multicore.png>]
>>>>>>> 112ec0c236781d61b6269aa294dbe38dbed68a9f
LaTeX Font Info:    Font shape `OMS/aer/bx/n' in size <12> not available
(Font)              Font shape `OMS/cmsy/b/n' tried instead on input line 227.
 <Hyperthreading.png, id=131, 319.1925pt x 229.60782pt>
File: Hyperthreading.png Graphic file (type png)

<use Hyperthreading.png>
Package pdftex.def Info: Hyperthreading.png used on input line 230.
(pdftex.def)             Requested size: 319.19171pt x 229.60725pt.
<<<<<<< HEAD
 [33] [34 <C:/Users/silvadenisaraujo/Desktop/AjustesFinaisTFG/micro-risc/Latex/
TFG-Latex-Final/Hyperthreading.png>] [35]
=======
 [33] [34 <C:/Users/Marcos Aurelio/Desktop/TFG/Latex/TFG-Latex-Final/Hyperthrea
ding.png>] [35]
>>>>>>> 112ec0c236781d61b6269aa294dbe38dbed68a9f
<pinagem.png, id=143, 320.19624pt x 510.90875pt>
File: pinagem.png Graphic file (type png)
 <use pinagem.png>
Package pdftex.def Info: pinagem.png used on input line 263.
(pdftex.def)             Requested size: 160.09772pt x 255.45375pt.

<intern_diagram.png, id=144, 749.6808pt x 508.7808pt>
File: intern_diagram.png Graphic file (type png)
 <use intern_diagram.png>
Package pdftex.def Info: intern_diagram.png used on input line 271.
(pdftex.def)             Requested size: 374.83948pt x 254.38977pt.


LaTeX Warning: `!h' float specifier changed to `!ht'.

<<<<<<< HEAD
[36 <C:/Users/silvadenisaraujo/Desktop/AjustesFinaisTFG/micro-risc/Latex/TFG-La
tex-Final/pinagem.png>] [37 <C:/Users/silvadenisaraujo/Desktop/AjustesFinaisTFG
/micro-risc/Latex/TFG-Latex-Final/intern_diagram.png>] [38] [39] [40] [41]
[42]
=======
[36 <C:/Users/Marcos Aurelio/Desktop/TFG/Latex/TFG-Latex-Final/pinagem.png>]
[37 <C:/Users/Marcos Aurelio/Desktop/TFG/Latex/TFG-Latex-Final/intern_diagram.p
ng>] [38] [39] [40] [41] [42]
>>>>>>> 112ec0c236781d61b6269aa294dbe38dbed68a9f
Underfull \hbox (badness 10000) in paragraph at lines 361--365

 []


Underfull \hbox (badness 10000) in paragraph at lines 361--365

 []

[43] [44] [45] [46] [47]
<etapa_projeto_vhdl.png, id=186, 185.94469pt x 207.77625pt>
File: etapa_projeto_vhdl.png Graphic file (type png)

<use etapa_projeto_vhdl.png>
Package pdftex.def Info: etapa_projeto_vhdl.png used on input line 452.
(pdftex.def)             Requested size: 130.16037pt x 145.44237pt.


LaTeX Warning: `h' float specifier changed to `ht'.

[48] <library.png, id=191, 335.45325pt x 280.04625pt>
File: library.png Graphic file (type png)
 <use library.png>
Package pdftex.def Info: library.png used on input line 469.
(pdftex.def)             Requested size: 167.7262pt x 140.02277pt.


LaTeX Warning: `h' float specifier changed to `ht'.

<<<<<<< HEAD
[49 <C:/Users/silvadenisaraujo/Desktop/AjustesFinaisTFG/micro-risc/Latex/TFG-La
tex-Final/etapa_projeto_vhdl.png>]
<entity.png, id=195, 338.4645pt x 142.73325pt>
=======
[49 <C:/Users/Marcos Aurelio/Desktop/TFG/Latex/TFG-Latex-Final/etapa_projeto_vh
dl.png>] <entity.png, id=195, 338.4645pt x 142.73325pt>
>>>>>>> 112ec0c236781d61b6269aa294dbe38dbed68a9f
File: entity.png Graphic file (type png)
 <use entity.png>
Package pdftex.def Info: entity.png used on input line 485.
(pdftex.def)             Requested size: 169.23183pt x 71.36644pt.
<<<<<<< HEAD
 [50 <C:/Users/silvadenisaraujo/Desktop/AjustesFinaisTFG/micro-risc/Latex/TFG-L
atex-Final/library.png> <C:/Users/silvadenisaraujo/Desktop/AjustesFinaisTFG/mic
ro-risc/Latex/TFG-Latex-Final/entity.png>]
=======

[50 <C:/Users/Marcos Aurelio/Desktop/TFG/Latex/TFG-Latex-Final/library.png> <C:
/Users/Marcos Aurelio/Desktop/TFG/Latex/TFG-Latex-Final/entity.png>]
>>>>>>> 112ec0c236781d61b6269aa294dbe38dbed68a9f
<architeture.png, id=199, 454.69875pt x 124.21407pt>
File: architeture.png Graphic file (type png)
 <use architeture.png>
Package pdftex.def Info: architeture.png used on input line 499.
(pdftex.def)             Requested size: 227.34882pt x 62.10687pt.
)
<<<<<<< HEAD
[51 <C:/Users/silvadenisaraujo/Desktop/AjustesFinaisTFG/micro-risc/Latex/TFG-La
tex-Final/architeture.png>]
(C:\Users\silvadenisaraujo\Desktop\AjustesFinaisTFG\micro-risc\Latex\TFG-Latex-
Final\Desenvolvimento.tex
Cap\'{\i }tulo 4.
=======
[51 <C:/Users/Marcos Aurelio/Desktop/TFG/Latex/TFG-Latex-Final/architeture.png>
]
("C:\Users\Marcos Aurelio\Desktop\TFG\Latex\TFG-Latex-Final\Desenvolvimento.tex
"
Cap\'{\i }tulo 7.
>>>>>>> 112ec0c236781d61b6269aa294dbe38dbed68a9f
[52



] <fluxograma-maquina-cisc.jpg, id=206, 323.2075pt x 409.53pt>
File: fluxograma-maquina-cisc.jpg Graphic file (type jpg)

<use fluxograma-maquina-cisc.jpg>
Package pdftex.def Info: fluxograma-maquina-cisc.jpg used on input line 50.
(pdftex.def)             Requested size: 226.2437pt x 286.66904pt.
 [53]
<fluxograma-maquina-risc.jpg, id=210, 299.1175pt x 399.4925pt>
File: fluxograma-maquina-risc.jpg Graphic file (type jpg)

<use fluxograma-maquina-risc.jpg>
Package pdftex.def Info: fluxograma-maquina-risc.jpg used on input line 63.
(pdftex.def)             Requested size: 209.38081pt x 279.64284pt.
<<<<<<< HEAD
 [54 <C:/Users/silvadenisaraujo/Desktop/AjustesFinaisTFG/micro-risc/Latex/TFG-L
atex-Final/fluxograma-maquina-cisc.jpg>]
[55 <C:/Users/silvadenisaraujo/Desktop/AjustesFinaisTFG/micro-risc/Latex/TFG-La
tex-Final/fluxograma-maquina-risc.jpg>] [56]
=======
 [54 <C:/Users/Marcos Aurelio/Desktop/TFG/Latex/TFG-Latex-Final/fluxograma-maqu
ina-cisc.jpg>] [55 <C:/Users/Marcos Aurelio/Desktop/TFG/Latex/TFG-Latex-Final/f
luxograma-maquina-risc.jpg>] [56]
>>>>>>> 112ec0c236781d61b6269aa294dbe38dbed68a9f
<instrucoesMSDOS.png, id=221, 530.73282pt x 338.01282pt>
File: instrucoesMSDOS.png Graphic file (type png)

<use instrucoesMSDOS.png>
Package pdftex.def Info: instrucoesMSDOS.png used on input line 123.
(pdftex.def)             Requested size: 424.58682pt x 270.41061pt.

Overfull \hbox (6.33315pt too wide) in paragraph at lines 123--124
 [][] 
 []

<<<<<<< HEAD

LaTeX Warning: Citation `riscArtigo' on page 57 undefined on input line 128.

[57] [58 <C:/Users/silvadenisaraujo/Desktop/AjustesFinaisTFG/micro-risc/Latex/T
FG-Latex-Final/instrucoesMSDOS.png>]
<estrutura_instrucao.jpg, id=228, 2665.96pt x 385.44pt>
=======
[57] [58 <C:/Users/Marcos Aurelio/Desktop/TFG/Latex/TFG-Latex-Final/instrucoesM
SDOS.png>] <estrutura_instrucao.jpg, id=228, 2665.96pt x 385.44pt>
>>>>>>> 112ec0c236781d61b6269aa294dbe38dbed68a9f
File: estrutura_instrucao.jpg Graphic file (type jpg)

<use estrutura_instrucao.jpg>
Package pdftex.def Info: estrutura_instrucao.jpg used on input line 140.
(pdftex.def)             Requested size: 399.87675pt x 57.81349pt.

<estrutura_instrucao_mov.jpg, id=229, 2665.96pt x 385.44pt>
File: estrutura_instrucao_mov.jpg Graphic file (type jpg)

<use estrutura_instrucao_mov.jpg>
Package pdftex.def Info: estrutura_instrucao_mov.jpg used on input line 148.
(pdftex.def)             Requested size: 399.87675pt x 57.81349pt.
<<<<<<< HEAD
 [59 <C:/Users/silvadenisaraujo/Desktop/AjustesFinaisTFG/micro-risc/Latex/TFG-L
atex-Final/estrutura_instrucao.jpg> <C:/Users/silvadenisaraujo/Desktop/AjustesF
inaisTFG/micro-risc/Latex/TFG-Latex-Final/estrutura_instrucao_mov.jpg>]
=======
 [59 <C:/Users/Marcos Aurelio/Desktop/TFG/Latex/TFG-Latex-Final/estrutura_instr
ucao.jpg> <C:/Users/Marcos Aurelio/Desktop/TFG/Latex/TFG-Latex-Final/estrutura_
instrucao_mov.jpg>]
>>>>>>> 112ec0c236781d61b6269aa294dbe38dbed68a9f
<printsImplementacaoVHDL/regPropositoGeralTB.png, id=233, 979.40906pt x 138.517
5pt>
File: printsImplementacaoVHDL/regPropositoGeralTB.png Graphic file (type png)
 <use printsImplementacaoVHDL/regPropositoGeralTB.png>
Package pdftex.def Info: printsImplementacaoVHDL/regPropositoGeralTB.png used o
n input line 189.
(pdftex.def)             Requested size: 489.70332pt x 69.25858pt.

Overfull \hbox (71.44965pt too wide) in paragraph at lines 189--190
 [][] 
 []

[60 <C:/Users/silvadenisaraujo/Desktop/AjustesFinaisTFG/micro-risc/Latex/TFG-La
tex-Final/printsImplementacaoVHDL/regPropositoGeralTB.png>]
<printsImplementacaoVHDL/regSegmentoTB.png, id=238, 630.85687pt x 187.45032pt>
File: printsImplementacaoVHDL/regSegmentoTB.png Graphic file (type png)

<use printsImplementacaoVHDL/regSegmentoTB.png>
Package pdftex.def Info: printsImplementacaoVHDL/regSegmentoTB.png used on inpu
t line 223.
(pdftex.def)             Requested size: 441.5968pt x 131.21431pt.

Overfull \hbox (23.34312pt too wide) in paragraph at lines 223--224
 [][] 
 []

<<<<<<< HEAD
[61]
=======
[61 <C:/Users/Marcos Aurelio/Desktop/TFG/Latex/TFG-Latex-Final/printsImplementa
caoVHDL/regPropositoGeralTB.png>]
>>>>>>> 112ec0c236781d61b6269aa294dbe38dbed68a9f
<printsImplementacaoVHDL/calcEndTB.png, id=242, 785.18344pt x 106.89937pt>
File: printsImplementacaoVHDL/calcEndTB.png Graphic file (type png)

<use printsImplementacaoVHDL/calcEndTB.png>
Package pdftex.def Info: printsImplementacaoVHDL/calcEndTB.png used on input li
ne 233.
(pdftex.def)             Requested size: 392.59076pt x 53.44954pt.

<printsImplementacaoVHDL/demuxTB.png, id=243, 432.86719pt x 80.55093pt>
File: printsImplementacaoVHDL/demuxTB.png Graphic file (type png)

<use printsImplementacaoVHDL/demuxTB.png>
Package pdftex.def Info: printsImplementacaoVHDL/demuxTB.png used on input line
 242.
(pdftex.def)             Requested size: 432.86612pt x 80.55074pt.

Overfull \hbox (14.61244pt too wide) in paragraph at lines 242--243
 [][] 
 []

<<<<<<< HEAD
[62 <C:/Users/silvadenisaraujo/Desktop/AjustesFinaisTFG/micro-risc/Latex/TFG-La
tex-Final/printsImplementacaoVHDL/regSegmentoTB.png> <C:/Users/silvadenisaraujo
/Desktop/AjustesFinaisTFG/micro-risc/Latex/TFG-Latex-Final/printsImplementacaoV
HDL/calcEndTB.png> <C:/Users/silvadenisaraujo/Desktop/AjustesFinaisTFG/micro-ri
sc/Latex/TFG-Latex-Final/printsImplementacaoVHDL/demuxTB.png>]
=======
[62 <C:/Users/Marcos Aurelio/Desktop/TFG/Latex/TFG-Latex-Final/printsImplementa
caoVHDL/regSegmentoTB.png> <C:/Users/Marcos Aurelio/Desktop/TFG/Latex/TFG-Latex
-Final/printsImplementacaoVHDL/calcEndTB.png>]
>>>>>>> 112ec0c236781d61b6269aa294dbe38dbed68a9f
<printsImplementacaoVHDL/muxTB.png, id=247, 386.19281pt x 78.2925pt>
File: printsImplementacaoVHDL/muxTB.png Graphic file (type png)

<use printsImplementacaoVHDL/muxTB.png>
Package pdftex.def Info: printsImplementacaoVHDL/muxTB.png used on input line 2
51.
(pdftex.def)             Requested size: 386.19185pt x 78.2923pt.

<printsImplementacaoVHDL/registroFlagsTB.png, id=248, 686.565pt x 155.83218pt>
File: printsImplementacaoVHDL/registroFlagsTB.png Graphic file (type png)

<use printsImplementacaoVHDL/registroFlagsTB.png>
Package pdftex.def Info: printsImplementacaoVHDL/registroFlagsTB.png used on in
put line 260.
(pdftex.def)             Requested size: 480.59222pt x 109.08177pt.

Overfull \hbox (62.33855pt too wide) in paragraph at lines 260--261
 [][] 
 []

<<<<<<< HEAD
[63 <C:/Users/silvadenisaraujo/Desktop/AjustesFinaisTFG/micro-risc/Latex/TFG-La
tex-Final/printsImplementacaoVHDL/muxTB.png> <C:/Users/silvadenisaraujo/Desktop
/AjustesFinaisTFG/micro-risc/Latex/TFG-Latex-Final/printsImplementacaoVHDL/regi
stroFlagsTB.png>] <DiagramaEstadosEnd.png, id=252, 530.73282pt x 322.20375pt>
=======
[63 <C:/Users/Marcos Aurelio/Desktop/TFG/Latex/TFG-Latex-Final/printsImplementa
caoVHDL/demuxTB.png> <C:/Users/Marcos Aurelio/Desktop/TFG/Latex/TFG-Latex-Final
/printsImplementacaoVHDL/muxTB.png>]
<DiagramaEstadosEnd.png, id=252, 530.73282pt x 322.20375pt>
>>>>>>> 112ec0c236781d61b6269aa294dbe38dbed68a9f
File: DiagramaEstadosEnd.png Graphic file (type png)

<use DiagramaEstadosEnd.png>
Package pdftex.def Info: DiagramaEstadosEnd.png used on input line 271.
(pdftex.def)             Requested size: 424.58682pt x 257.76334pt.

Overfull \hbox (6.33315pt too wide) in paragraph at lines 271--272
 [][] 
 []

[64 <C:/Users/silvadenisaraujo/Desktop/AjustesFinaisTFG/micro-risc/Latex/TFG-La
tex-Final/DiagramaEstadosEnd.png>]
<printsImplementacaoVHDL/print_memoria_rom.jpg, id=257, 1371.1225pt x 137.51375
pt>
File: printsImplementacaoVHDL/print_memoria_rom.jpg Graphic file (type jpg)
 <use printsImplementacaoVHDL/print_memoria_rom.jpg>
Package pdftex.def Info: printsImplementacaoVHDL/print_memoria_rom.jpg used on 
input line 284.
(pdftex.def)             Requested size: 411.33992pt x 41.25444pt.
<<<<<<< HEAD

<printsImplementacaoVHDL/unidadeControleEndTB.png, id=258, 989.94844pt x 133.24
=======
 [64 <C:/Users/Marcos Aurelio/Desktop/TFG/Latex/TFG-Latex-Final/printsImplement
acaoVHDL/registroFlagsTB.png>]
<printsImplementacaoVHDL/unidadeControleEndTB.png, id=257, 989.94844pt x 133.24
>>>>>>> 112ec0c236781d61b6269aa294dbe38dbed68a9f
782pt>
File: printsImplementacaoVHDL/unidadeControleEndTB.png Graphic file (type png)
 <use printsImplementacaoVHDL/unidadeControleEndTB.png>
Package pdftex.def Info: printsImplementacaoVHDL/unidadeControleEndTB.png used 
on input line 294.
(pdftex.def)             Requested size: 494.973pt x 66.62373pt.

Overfull \hbox (76.71933pt too wide) in paragraph at lines 294--295
 [][] 
 []

<<<<<<< HEAD
[65 <C:/Users/silvadenisaraujo/Desktop/AjustesFinaisTFG/micro-risc/Latex/TFG-La
tex-Final/printsImplementacaoVHDL/print_memoria_rom.jpg>]
=======
[65 <C:/Users/Marcos Aurelio/Desktop/TFG/Latex/TFG-Latex-Final/DiagramaEstadosE
nd.png> <C:/Users/Marcos Aurelio/Desktop/TFG/Latex/TFG-Latex-Final/printsImplem
entacaoVHDL/print_memoria_rom.jpg>]
>>>>>>> 112ec0c236781d61b6269aa294dbe38dbed68a9f
<printsImplementacaoVHDL/print_detector_auxiliar_flag.jpg, id=262, 1371.1225pt 
x 143.53625pt>
File: printsImplementacaoVHDL/print_detector_auxiliar_flag.jpg Graphic file (ty
pe jpg)
 <use printsImplementacaoVHDL/print_detector_auxiliar_flag.jpg>
Package pdftex.def Info: printsImplementacaoVHDL/print_detector_auxiliar_flag.j
pg used on input line 304.
(pdftex.def)             Requested size: 411.33992pt x 43.0612pt.

<printsImplementacaoVHDL/print_detector_paridade.jpg, id=263, 1371.1225pt x 102
.3825pt>
File: printsImplementacaoVHDL/print_detector_paridade.jpg Graphic file (type jp
g)
 <use printsImplementacaoVHDL/print_detector_paridade.jpg>
Package pdftex.def Info: printsImplementacaoVHDL/print_detector_paridade.jpg us
ed on input line 314.
(pdftex.def)             Requested size: 411.33992pt x 30.71498pt.
<<<<<<< HEAD

<printsImplementacaoVHDL/print_detector_zero_flag.jpg, id=264, 1371.1225pt x 93
=======
 [66 <C:/Users/Marcos Aurelio/Desktop/TFG/Latex/TFG-Latex-Final/printsImplement
acaoVHDL/unidadeControleEndTB.png> <C:/Users/Marcos Aurelio/Desktop/TFG/Latex/T
FG-Latex-Final/printsImplementacaoVHDL/print_detector_auxiliar_flag.jpg> <C:/Us
ers/Marcos Aurelio/Desktop/TFG/Latex/TFG-Latex-Final/printsImplementacaoVHDL/pr
int_detector_paridade.jpg>]
<printsImplementacaoVHDL/print_detector_zero_flag.jpg, id=268, 1371.1225pt x 93
>>>>>>> 112ec0c236781d61b6269aa294dbe38dbed68a9f
.34875pt>
File: printsImplementacaoVHDL/print_detector_zero_flag.jpg Graphic file (type j
pg)
 <use printsImplementacaoVHDL/print_detector_zero_flag.jpg>
Package pdftex.def Info: printsImplementacaoVHDL/print_detector_zero_flag.jpg u
sed on input line 324.
(pdftex.def)             Requested size: 411.33992pt x 28.00484pt.
 [66 <C:/Users/silvadenisaraujo/Desktop/AjustesFinaisTFG/micro-risc/Latex/TFG-L
atex-Final/printsImplementacaoVHDL/unidadeControleEndTB.png> <C:/Users/silvaden
isaraujo/Desktop/AjustesFinaisTFG/micro-risc/Latex/TFG-Latex-Final/printsImplem
entacaoVHDL/print_detector_auxiliar_flag.jpg> <C:/Users/silvadenisaraujo/Deskto
p/AjustesFinaisTFG/micro-risc/Latex/TFG-Latex-Final/printsImplementacaoVHDL/pri
nt_detector_paridade.jpg>] [67 <C:/Users/silvadenisaraujo/Desktop/AjustesFinais
TFG/micro-risc/Latex/TFG-Latex-Final/printsImplementacaoVHDL/print_detector_zer
o_flag.jpg>] <diagrama_estados_unidade_controle.jpg, id=272, 1511.6475pt x 1008
.01593pt>
File: diagrama_estados_unidade_controle.jpg Graphic file (type jpg)

<use diagrama_estados_unidade_controle.jpg>
Package pdftex.def Info: diagrama_estados_unidade_controle.jpg used on input li
<<<<<<< HEAD
ne 335.
(pdftex.def)             Requested size: 604.6483pt x 403.19923pt.

Overfull \hbox (13.1181pt too wide) in paragraph at lines 335--336
 [][] 
 []


LaTeX Warning: Float too large for page by 11.77342pt on input line 338.

[68 <C:/Users/silvadenisaraujo/Desktop/AjustesFinaisTFG/micro-risc/Latex/TFG-La
tex-Final/diagrama_estados_unidade_controle.jpg>])
(C:\Users\silvadenisaraujo\Desktop\AjustesFinaisTFG\micro-risc\Latex\TFG-Latex-
Final\Resultados.tex
Cap\'{\i }tulo 5.
=======
ne 334.
(pdftex.def)             Requested size: 377.91095pt x 252.00336pt.
) [67 <C:/Users/Marcos Aurelio/Desktop/TFG/Latex/TFG-Latex-Final/printsImplemen
tacaoVHDL/print_detector_zero_flag.jpg>] [68 <C:/Users/Marcos Aurelio/Desktop/T
FG/Latex/TFG-Latex-Final/diagrama_estados_unidade_controle.jpg>]
("C:\Users\Marcos Aurelio\Desktop\TFG\Latex\TFG-Latex-Final\Resultados.tex"
Cap\'{\i }tulo 8.
>>>>>>> 112ec0c236781d61b6269aa294dbe38dbed68a9f

<imagensResultados/estruturaTesteMicroROM.png, id=276, 953.06062pt x 364.36125p
t>
File: imagensResultados/estruturaTesteMicroROM.png Graphic file (type png)
 <use imagensResultados/estruturaTesteMicroROM.png>
Package pdftex.def Info: imagensResultados/estruturaTesteMicroROM.png used on i
nput line 8.
(pdftex.def)             Requested size: 333.57622pt x 127.52834pt.

<imagensResultados/microRISCFinalRTL.png, id=277, 332.74312pt x 1017.8025pt>
File: imagensResultados/microRISCFinalRTL.png Graphic file (type png)

<use imagensResultados/microRISCFinalRTL.png>
Package pdftex.def Info: imagensResultados/microRISCFinalRTL.png used on input 
line 16.
(pdftex.def)             Requested size: 216.28046pt x 661.5638pt.


LaTeX Warning: Float too large for page by 109.0336pt on input line 19.

<imagensResultados/focoMux.png, id=278, 747.54282pt x 382.42876pt>
File: imagensResultados/focoMux.png Graphic file (type png)

<use imagensResultados/focoMux.png>
Package pdftex.def Info: imagensResultados/focoMux.png used on input line 21.
(pdftex.def)             Requested size: 485.89708pt x 248.57573pt.

Overfull \hbox (67.6434pt too wide) in paragraph at lines 21--22
 [][] 
 []

<imagensResultados/focoDemux.png, id=279, 747.54282pt x 401.24907pt>
File: imagensResultados/focoDemux.png Graphic file (type png)

<use imagensResultados/focoDemux.png>
Package pdftex.def Info: imagensResultados/focoDemux.png used on input line 26.

(pdftex.def)             Requested size: 485.89708pt x 260.80879pt.

Overfull \hbox (67.6434pt too wide) in paragraph at lines 26--27
 [][] 
 []

<imagensResultados/focoRegDados.png, id=280, 747.54282pt x 401.24907pt>
File: imagensResultados/focoRegDados.png Graphic file (type png)

<use imagensResultados/focoRegDados.png>
Package pdftex.def Info: imagensResultados/focoRegDados.png used on input line 
31.
(pdftex.def)             Requested size: 485.89708pt x 260.80879pt.

Overfull \hbox (67.6434pt too wide) in paragraph at lines 31--32
 [][] 
 []

<imagensResultados/focoULA.png, id=281, 747.54282pt x 401.24907pt>
File: imagensResultados/focoULA.png Graphic file (type png)

<use imagensResultados/focoULA.png>
Package pdftex.def Info: imagensResultados/focoULA.png used on input line 36.
(pdftex.def)             Requested size: 485.89708pt x 260.80879pt.

Overfull \hbox (67.6434pt too wide) in paragraph at lines 36--37
 [][] 
 []

<imagensResultados/focoFlags.png, id=282, 747.54282pt x 401.24907pt>
File: imagensResultados/focoFlags.png Graphic file (type png)

<use imagensResultados/focoFlags.png>
Package pdftex.def Info: imagensResultados/focoFlags.png used on input line 41.

(pdftex.def)             Requested size: 485.89708pt x 260.80879pt.

Overfull \hbox (67.6434pt too wide) in paragraph at lines 41--42
 [][] 
 []

<imagensResultados/focoUC.png, id=283, 747.54282pt x 401.24907pt>
File: imagensResultados/focoUC.png Graphic file (type png)

<use imagensResultados/focoUC.png>
Package pdftex.def Info: imagensResultados/focoUC.png used on input line 46.
(pdftex.def)             Requested size: 485.89708pt x 260.80879pt.

Overfull \hbox (67.6434pt too wide) in paragraph at lines 46--47
 [][] 
 []

<imagensResultados/focoUCE.png, id=284, 747.54282pt x 401.24907pt>
File: imagensResultados/focoUCE.png Graphic file (type png)

<use imagensResultados/focoUCE.png>
Package pdftex.def Info: imagensResultados/focoUCE.png used on input line 51.
(pdftex.def)             Requested size: 485.89708pt x 260.80879pt.

Overfull \hbox (67.6434pt too wide) in paragraph at lines 51--52
 [][] 
 []

<imagensResultados/focoRegSeg.png, id=285, 747.54282pt x 401.24907pt>
File: imagensResultados/focoRegSeg.png Graphic file (type png)

<use imagensResultados/focoRegSeg.png>
Package pdftex.def Info: imagensResultados/focoRegSeg.png used on input line 56
.
(pdftex.def)             Requested size: 485.89708pt x 260.80879pt.

Overfull \hbox (67.6434pt too wide) in paragraph at lines 56--57
 [][] 
 []

<imagensResultados/focoCalc.png, id=286, 747.54282pt x 401.24907pt>
File: imagensResultados/focoCalc.png Graphic file (type png)

<use imagensResultados/focoCalc.png>
Package pdftex.def Info: imagensResultados/focoCalc.png used on input line 61.
(pdftex.def)             Requested size: 485.89708pt x 260.80879pt.

Overfull \hbox (67.6434pt too wide) in paragraph at lines 61--62
 [][] 
 []

[69



<<<<<<< HEAD


] [70 <C:/Users/silvadenisaraujo/Desktop/AjustesFinaisTFG/micro-risc/Latex/TFG-
Latex-Final/imagensResultados/estruturaTesteMicroROM.png>] [71 <C:/Users/silvad
enisaraujo/Desktop/AjustesFinaisTFG/micro-risc/Latex/TFG-Latex-Final/imagensRes
ultados/microRISCFinalRTL.png>] [72 <C:/Users/silvadenisaraujo/Desktop/AjustesF
inaisTFG/micro-risc/Latex/TFG-Latex-Final/imagensResultados/focoMux.png> <C:/Us
ers/silvadenisaraujo/Desktop/AjustesFinaisTFG/micro-risc/Latex/TFG-Latex-Final/
imagensResultados/focoDemux.png>] [73 <C:/Users/silvadenisaraujo/Desktop/Ajuste
sFinaisTFG/micro-risc/Latex/TFG-Latex-Final/imagensResultados/focoRegDados.png>
 <C:/Users/silvadenisaraujo/Desktop/AjustesFinaisTFG/micro-risc/Latex/TFG-Latex
-Final/imagensResultados/focoULA.png>] [74 <C:/Users/silvadenisaraujo/Desktop/A
justesFinaisTFG/micro-risc/Latex/TFG-Latex-Final/imagensResultados/focoFlags.pn
g> <C:/Users/silvadenisaraujo/Desktop/AjustesFinaisTFG/micro-risc/Latex/TFG-Lat
ex-Final/imagensResultados/focoUC.png>] [75 <C:/Users/silvadenisaraujo/Desktop/
AjustesFinaisTFG/micro-risc/Latex/TFG-Latex-Final/imagensResultados/focoUCE.png
>] [76 <C:/Users/silvadenisaraujo/Desktop/AjustesFinaisTFG/micro-risc/Latex/TFG
-Latex-Final/imagensResultados/focoRegSeg.png> <C:/Users/silvadenisaraujo/Deskt
op/AjustesFinaisTFG/micro-risc/Latex/TFG-Latex-Final/imagensResultados/focoCalc
.png>] <imagensResultados/OperacaoAdd.png, id=312, 1204.5pt x 301.125pt>
=======
 <C:/Users/Marcos Aurelio/Desktop/TFG/Latex/TFG-Latex-Final/imagensResultados/e
struturaTesteMicroROM.png>] [70 <C:/Users/Marcos Aurelio/Desktop/TFG/Latex/TFG-
Latex-Final/imagensResultados/RTLFinal.png>] [71]
<imagensResultados/OperacaoAdd.png, id=287, 1204.5pt x 301.125pt>
>>>>>>> 112ec0c236781d61b6269aa294dbe38dbed68a9f
File: imagensResultados/OperacaoAdd.png Graphic file (type png)

<use imagensResultados/OperacaoAdd.png>
Package pdftex.def Info: imagensResultados/OperacaoAdd.png used on input line 7
0.
(pdftex.def)             Requested size: 602.24854pt x 150.56212pt.

Overfull \hbox (10.71834pt too wide) in paragraph at lines 70--71
[][] 
 []

<<<<<<< HEAD
[77 <C:/Users/silvadenisaraujo/Desktop/AjustesFinaisTFG/micro-risc/Latex/TFG-La
tex-Final/imagensResultados/OperacaoAdd.png>] [78
=======
[72 <C:/Users/Marcos Aurelio/Desktop/TFG/Latex/TFG-Latex-Final/imagensResultado
s/OperacaoAdd.png>] [73
>>>>>>> 112ec0c236781d61b6269aa294dbe38dbed68a9f


]
<imagensResultados/OperacaoOr.png, id=320, 1204.5pt x 301.125pt>
File: imagensResultados/OperacaoOr.png Graphic file (type png)

<use imagensResultados/OperacaoOr.png>
Package pdftex.def Info: imagensResultados/OperacaoOr.png used on input line 81
.
(pdftex.def)             Requested size: 602.24854pt x 150.56212pt.

Overfull \hbox (10.71834pt too wide) in paragraph at lines 81--82
[][] 
 []

<<<<<<< HEAD
[79 <C:/Users/silvadenisaraujo/Desktop/AjustesFinaisTFG/micro-risc/Latex/TFG-La
tex-Final/imagensResultados/OperacaoOr.png>] [80
=======
[74 <C:/Users/Marcos Aurelio/Desktop/TFG/Latex/TFG-Latex-Final/imagensResultado
s/OperacaoOr.png>] [75
>>>>>>> 112ec0c236781d61b6269aa294dbe38dbed68a9f


]
<imagensResultados/OperacaoAdc.png, id=327, 1204.5pt x 301.125pt>
File: imagensResultados/OperacaoAdc.png Graphic file (type png)

<use imagensResultados/OperacaoAdc.png>
Package pdftex.def Info: imagensResultados/OperacaoAdc.png used on input line 9
2.
(pdftex.def)             Requested size: 602.24854pt x 150.56212pt.

Overfull \hbox (10.71834pt too wide) in paragraph at lines 92--93
[][] 
 []

<<<<<<< HEAD
[81 <C:/Users/silvadenisaraujo/Desktop/AjustesFinaisTFG/micro-risc/Latex/TFG-La
tex-Final/imagensResultados/OperacaoAdc.png>] [82
=======
[76 <C:/Users/Marcos Aurelio/Desktop/TFG/Latex/TFG-Latex-Final/imagensResultado
s/OperacaoAdc.png>] [77
>>>>>>> 112ec0c236781d61b6269aa294dbe38dbed68a9f


]
<imagensResultados/OperacaoSbb.png, id=334, 1204.5pt x 301.125pt>
File: imagensResultados/OperacaoSbb.png Graphic file (type png)

<use imagensResultados/OperacaoSbb.png>
Package pdftex.def Info: imagensResultados/OperacaoSbb.png used on input line 1
03.
(pdftex.def)             Requested size: 602.24854pt x 150.56212pt.

Overfull \hbox (10.71834pt too wide) in paragraph at lines 103--104
[][] 
 []

<<<<<<< HEAD
[83 <C:/Users/silvadenisaraujo/Desktop/AjustesFinaisTFG/micro-risc/Latex/TFG-La
tex-Final/imagensResultados/OperacaoSbb.png>] [84
=======
[78 <C:/Users/Marcos Aurelio/Desktop/TFG/Latex/TFG-Latex-Final/imagensResultado
s/OperacaoSbb.png>] [79
>>>>>>> 112ec0c236781d61b6269aa294dbe38dbed68a9f


]
<imagensResultados/OperacaoAnd.png, id=342, 1204.5pt x 301.125pt>
File: imagensResultados/OperacaoAnd.png Graphic file (type png)

<use imagensResultados/OperacaoAnd.png>
Package pdftex.def Info: imagensResultados/OperacaoAnd.png used on input line 1
14.
(pdftex.def)             Requested size: 602.24854pt x 150.56212pt.

Overfull \hbox (10.71834pt too wide) in paragraph at lines 114--115
[][] 
 []

<<<<<<< HEAD
[85 <C:/Users/silvadenisaraujo/Desktop/AjustesFinaisTFG/micro-risc/Latex/TFG-La
tex-Final/imagensResultados/OperacaoAnd.png>] [86
=======
[80 <C:/Users/Marcos Aurelio/Desktop/TFG/Latex/TFG-Latex-Final/imagensResultado
s/OperacaoAnd.png>] [81
>>>>>>> 112ec0c236781d61b6269aa294dbe38dbed68a9f


]
<imagensResultados/OperacaoSub.png, id=349, 1204.5pt x 301.125pt>
File: imagensResultados/OperacaoSub.png Graphic file (type png)

<use imagensResultados/OperacaoSub.png>
Package pdftex.def Info: imagensResultados/OperacaoSub.png used on input line 1
25.
(pdftex.def)             Requested size: 602.24854pt x 150.56212pt.

Overfull \hbox (10.71834pt too wide) in paragraph at lines 125--126
[][] 
 []

<<<<<<< HEAD
[87 <C:/Users/silvadenisaraujo/Desktop/AjustesFinaisTFG/micro-risc/Latex/TFG-La
tex-Final/imagensResultados/OperacaoSub.png>] [88
=======
[82 <C:/Users/Marcos Aurelio/Desktop/TFG/Latex/TFG-Latex-Final/imagensResultado
s/OperacaoSub.png>] [83
>>>>>>> 112ec0c236781d61b6269aa294dbe38dbed68a9f


]
<imagensResultados/OperacaoXor.png, id=356, 1204.5pt x 301.125pt>
File: imagensResultados/OperacaoXor.png Graphic file (type png)

<use imagensResultados/OperacaoXor.png>
Package pdftex.def Info: imagensResultados/OperacaoXor.png used on input line 1
36.
(pdftex.def)             Requested size: 602.24854pt x 150.56212pt.

Overfull \hbox (10.71834pt too wide) in paragraph at lines 136--137
[][] 
 []

<<<<<<< HEAD
[89 <C:/Users/silvadenisaraujo/Desktop/AjustesFinaisTFG/micro-risc/Latex/TFG-La
tex-Final/imagensResultados/OperacaoXor.png>] [90
=======
[84 <C:/Users/Marcos Aurelio/Desktop/TFG/Latex/TFG-Latex-Final/imagensResultado
s/OperacaoXor.png>] [85
>>>>>>> 112ec0c236781d61b6269aa294dbe38dbed68a9f


]
<imagensResultados/OperacaoCmp.png, id=364, 1204.5pt x 526.96875pt>
File: imagensResultados/OperacaoCmp.png Graphic file (type png)

<use imagensResultados/OperacaoCmp.png>
Package pdftex.def Info: imagensResultados/OperacaoCmp.png used on input line 1
47.
(pdftex.def)             Requested size: 602.24854pt x 263.48372pt.

Overfull \hbox (10.71834pt too wide) in paragraph at lines 147--148
[][] 
 []

<<<<<<< HEAD
[91 <C:/Users/silvadenisaraujo/Desktop/AjustesFinaisTFG/micro-risc/Latex/TFG-La
tex-Final/imagensResultados/OperacaoCmp.png>] [92
=======
[86 <C:/Users/Marcos Aurelio/Desktop/TFG/Latex/TFG-Latex-Final/imagensResultado
s/OperacaoCmp.png>] [87
>>>>>>> 112ec0c236781d61b6269aa294dbe38dbed68a9f


]
<imagensResultados/OperacaoMov.png, id=371, 1204.5pt x 301.125pt>
File: imagensResultados/OperacaoMov.png Graphic file (type png)

<use imagensResultados/OperacaoMov.png>
Package pdftex.def Info: imagensResultados/OperacaoMov.png used on input line 1
58.
(pdftex.def)             Requested size: 602.24854pt x 150.56212pt.

Overfull \hbox (10.71834pt too wide) in paragraph at lines 158--159
[][] 
 []

<<<<<<< HEAD
[93 <C:/Users/silvadenisaraujo/Desktop/AjustesFinaisTFG/micro-risc/Latex/TFG-La
tex-Final/imagensResultados/OperacaoMov.png>])
(C:\Users\silvadenisaraujo\Desktop\AjustesFinaisTFG\micro-risc\Latex\TFG-Latex-
Final\ConsideracoesFinais.tex
Cap\'{\i }tulo 6.
[94
=======
[88 <C:/Users/Marcos Aurelio/Desktop/TFG/Latex/TFG-Latex-Final/imagensResultado
s/OperacaoMov.png>])
("C:\Users\Marcos Aurelio\Desktop\TFG\Latex\TFG-Latex-Final\ConsideracoesFinais
.tex"
Cap\'{\i }tulo 9.
[89
>>>>>>> 112ec0c236781d61b6269aa294dbe38dbed68a9f





]
Cap\'{\i }tulo 7.
)
Overfull \hbox (44.03798pt too wide) in paragraph at lines 23--98
\T1/aer/m/n/12 ces-sa-dor está em um re-po-si-tó-rio aberto no Github, https://
github.com/macaufreitas/micro-
 []

[95

]
<<<<<<< HEAD
(C:\Users\silvadenisaraujo\Desktop\AjustesFinaisTFG\micro-risc\Latex\TFG-Latex-
Final\Principal_ABNT.bbl
=======
("C:\Users\Marcos Aurelio\Desktop\TFG\Latex\TFG-Latex-Final\Principal_ABNT.bbl"

>>>>>>> 112ec0c236781d61b6269aa294dbe38dbed68a9f
Underfull \hbox (badness 1701) in paragraph at lines 10--12
[]\T1/aer/m/n/12 ANGELOLEITHOLD. In-ter-nal in-te-gra-ted cir-cuit. 
 []


Overfull \hbox (3.42201pt too wide) in paragraph at lines 25--29
\T1/aer/m/n/12 Http://www.ielm.ust.hk/dfaculty/ajay/courses/alp/ieem110/lecs/mu
p/mup.html. 
 []


Underfull \hbox (badness 2103) in paragraph at lines 47--49
[]\T1/aer/m/n/12 MICROPROCESSADORES. Mi-cro-pro-ces-sa-do-res. 
 []


Underfull \hbox (badness 1205) in paragraph at lines 71--74
[]\T1/aer/m/n/12 SHUSTEK, L. Mi-cro-soft ms-dos early source code. 
 []

[96


]
Underfull \hbox (badness 1117) in paragraph at lines 83--85
[]\T1/aer/m/n/12 SONG, S. W. Or-ga-ni-za-ção de com-pu-ta-do-res - risc. 
 []


Underfull \hbox (badness 2538) in paragraph at lines 93--95
[]\T1/aer/m/n/12 TECHOPEDIA. Arith-me-tic lo-gic unit (alu). 
 []

<<<<<<< HEAD
) [97]
(C:\Users\silvadenisaraujo\Desktop\AjustesFinaisTFG\micro-risc\Latex\TFG-Latex-
Final\Anexo.tex
Cap\'{\i }tulo 8.

(C:\Users\silvadenisaraujo\Desktop\AjustesFinaisTFG\micro-risc\Latex\TFG-Latex-
Final\codigos/Multiplexador.vhd
=======
) [92] ("C:\Users\Marcos Aurelio\Desktop\TFG\Latex\TFG-Latex-Final\Anexo.tex"
Cap\'{\i }tulo 11.

("C:\Users\Marcos Aurelio\Desktop\TFG\Latex\TFG-Latex-Final\codigos/Multiplexad
or.vhd"
>>>>>>> 112ec0c236781d61b6269aa294dbe38dbed68a9f
LaTeX Font Info:    External font `cmex10' loaded for size
(Font)              <7> on input line 1.
LaTeX Font Info:    External font `cmex10' loaded for size
(Font)              <5> on input line 1.
) [98


]
<<<<<<< HEAD
(C:\Users\silvadenisaraujo\Desktop\AjustesFinaisTFG\micro-risc\Latex\TFG-Latex-
Final\codigos/Demultiplexador.vhd)
(C:\Users\silvadenisaraujo\Desktop\AjustesFinaisTFG\micro-risc\Latex\TFG-Latex-
Final\codigos/RegistroSegmento.vhd [99] [100])
(C:\Users\silvadenisaraujo\Desktop\AjustesFinaisTFG\micro-risc\Latex\TFG-Latex-
Final\codigos/RegistroPropositoGeral.vhd [101] [102] [103])
(C:\Users\silvadenisaraujo\Desktop\AjustesFinaisTFG\micro-risc\Latex\TFG-Latex-
Final\codigos/RegistroFlags.vhd [104])
(C:\Users\silvadenisaraujo\Desktop\AjustesFinaisTFG\micro-risc\Latex\TFG-Latex-
Final\codigos/CalculadoraEndereco.vhd [105])
(C:\Users\silvadenisaraujo\Desktop\AjustesFinaisTFG\micro-risc\Latex\TFG-Latex-
Final\codigos/DetectorAuxiliarFlag.vhd [106] [107]) [108]
(C:\Users\silvadenisaraujo\Desktop\AjustesFinaisTFG\micro-risc\Latex\TFG-Latex-
Final\codigos/DetectorParidade.vhd)
(C:\Users\silvadenisaraujo\Desktop\AjustesFinaisTFG\micro-risc\Latex\TFG-Latex-
Final\codigos/DetectorZeroFlag.vhd [109])
(C:\Users\silvadenisaraujo\Desktop\AjustesFinaisTFG\micro-risc\Latex\TFG-Latex-
Final\codigos/ULA.vhd [110] [111] [112] [113] [114])
(C:\Users\silvadenisaraujo\Desktop\AjustesFinaisTFG\micro-risc\Latex\TFG-Latex-
Final\codigos/uce_aux.vhd) [115]
(C:\Users\silvadenisaraujo\Desktop\AjustesFinaisTFG\micro-risc\Latex\TFG-Latex-
Final\codigos/UnidadeDeControleDeEnderecos.vhd [116]
LaTeX Font Info:    Font shape `OMS/aer/m/n' in size <10> not available
(Font)              Font shape `OMS/cmsy/m/n' tried instead on input line 51.
 [117] [118] [119])
(C:\Users\silvadenisaraujo\Desktop\AjustesFinaisTFG\micro-risc\Latex\TFG-Latex-
Final\codigos/uc_aux.vhd)
(C:\Users\silvadenisaraujo\Desktop\AjustesFinaisTFG\micro-risc\Latex\TFG-Latex-
Final\codigos/UnidadeDeControle.vhd [120] [121] [122] [123] [124] [125]
[126] [127] [128] [129] [130] [131])
(C:\Users\silvadenisaraujo\Desktop\AjustesFinaisTFG\micro-risc\Latex\TFG-Latex-
Final\codigos/ler_instrucoes_dos_v4.py [132] [133] [134])) [135]
=======
("C:\Users\Marcos Aurelio\Desktop\TFG\Latex\TFG-Latex-Final\codigos/Demultiplex
ador.vhd")
("C:\Users\Marcos Aurelio\Desktop\TFG\Latex\TFG-Latex-Final\codigos/RegistroSeg
mento.vhd" [94] [95])
("C:\Users\Marcos Aurelio\Desktop\TFG\Latex\TFG-Latex-Final\codigos/RegistroPro
positoGeral.vhd" [96] [97] [98])
("C:\Users\Marcos Aurelio\Desktop\TFG\Latex\TFG-Latex-Final\codigos/RegistroFla
gs.vhd" [99])
("C:\Users\Marcos Aurelio\Desktop\TFG\Latex\TFG-Latex-Final\codigos/Calculadora
Endereco.vhd" [100])
("C:\Users\Marcos Aurelio\Desktop\TFG\Latex\TFG-Latex-Final\codigos/DetectorAux
iliarFlag.vhd" [101] [102]) [103]
("C:\Users\Marcos Aurelio\Desktop\TFG\Latex\TFG-Latex-Final\codigos/DetectorPar
idade.vhd")
("C:\Users\Marcos Aurelio\Desktop\TFG\Latex\TFG-Latex-Final\codigos/DetectorZer
oFlag.vhd" [104])
("C:\Users\Marcos Aurelio\Desktop\TFG\Latex\TFG-Latex-Final\codigos/ULA.vhd"
[105] [106] [107] [108] [109])
("C:\Users\Marcos Aurelio\Desktop\TFG\Latex\TFG-Latex-Final\codigos/uce_aux.vhd
") [110]
("C:\Users\Marcos Aurelio\Desktop\TFG\Latex\TFG-Latex-Final\codigos/UnidadeDeCo
ntroleDeEnderecos.vhd" [111]
LaTeX Font Info:    Font shape `OMS/aer/m/n' in size <10> not available
(Font)              Font shape `OMS/cmsy/m/n' tried instead on input line 51.
 [112] [113] [114])
("C:\Users\Marcos Aurelio\Desktop\TFG\Latex\TFG-Latex-Final\codigos/uc_aux.vhd"
)
("C:\Users\Marcos Aurelio\Desktop\TFG\Latex\TFG-Latex-Final\codigos/UnidadeDeCo
ntrole.vhd" [115] [116] [117] [118] [119] [120] [121] [122] [123] [124]
[125] [126])
("C:\Users\Marcos Aurelio\Desktop\TFG\Latex\TFG-Latex-Final\codigos/ler_instruc
oes_dos_v4.py" [127] [128] [129])) [130]
>>>>>>> 112ec0c236781d61b6269aa294dbe38dbed68a9f
+-------------------------------------------------------------------+
| Comentario, sugestao ou critica sobre o abnTeX? Entre em contato: |
|                  http://abntex.codigolivre.org.br                 |
+-------------------------------------------------------------------+
<<<<<<< HEAD

(C:\Users\silvadenisaraujo\Desktop\AjustesFinaisTFG\micro-risc\Latex\TFG-Latex-
Final\Principal_ABNT.aux
(C:\Users\silvadenisaraujo\Desktop\AjustesFinaisTFG\micro-risc\Latex\TFG-Latex-
Final\capa.aux)
(C:\Users\silvadenisaraujo\Desktop\AjustesFinaisTFG\micro-risc\Latex\TFG-Latex-
Final\Dedicatoria.aux)
(C:\Users\silvadenisaraujo\Desktop\AjustesFinaisTFG\micro-risc\Latex\TFG-Latex-
Final\Agradecimentos.aux)
(C:\Users\silvadenisaraujo\Desktop\AjustesFinaisTFG\micro-risc\Latex\TFG-Latex-
Final\Resumo.aux)
(C:\Users\silvadenisaraujo\Desktop\AjustesFinaisTFG\micro-risc\Latex\TFG-Latex-
Final\Introducao.aux)
(C:\Users\silvadenisaraujo\Desktop\AjustesFinaisTFG\micro-risc\Latex\TFG-Latex-
Final\Objetivo.aux)
(C:\Users\silvadenisaraujo\Desktop\AjustesFinaisTFG\micro-risc\Latex\TFG-Latex-
Final\Fundamentacao.aux)
(C:\Users\silvadenisaraujo\Desktop\AjustesFinaisTFG\micro-risc\Latex\TFG-Latex-
Final\Desenvolvimento.aux)
(C:\Users\silvadenisaraujo\Desktop\AjustesFinaisTFG\micro-risc\Latex\TFG-Latex-
Final\Resultados.aux)
(C:\Users\silvadenisaraujo\Desktop\AjustesFinaisTFG\micro-risc\Latex\TFG-Latex-
Final\ConsideracoesFinais.aux)
(C:\Users\silvadenisaraujo\Desktop\AjustesFinaisTFG\micro-risc\Latex\TFG-Latex-
Final\Anexo.aux))
=======
("C:\Users\Marcos Aurelio\Desktop\TFG\Latex\TFG-Latex-Final\Principal_ABNT.aux"
("C:\Users\Marcos Aurelio\Desktop\TFG\Latex\TFG-Latex-Final\capa.aux")
("C:\Users\Marcos Aurelio\Desktop\TFG\Latex\TFG-Latex-Final\Dedicatoria.aux")
("C:\Users\Marcos Aurelio\Desktop\TFG\Latex\TFG-Latex-Final\Agradecimentos.aux"
) ("C:\Users\Marcos Aurelio\Desktop\TFG\Latex\TFG-Latex-Final\Resumo.aux")
("C:\Users\Marcos Aurelio\Desktop\TFG\Latex\TFG-Latex-Final\Introducao.aux")
("C:\Users\Marcos Aurelio\Desktop\TFG\Latex\TFG-Latex-Final\Objetivo.aux")
("C:\Users\Marcos Aurelio\Desktop\TFG\Latex\TFG-Latex-Final\Fundamentacao.aux")
("C:\Users\Marcos Aurelio\Desktop\TFG\Latex\TFG-Latex-Final\Desenvolvimento.aux
") ("C:\Users\Marcos Aurelio\Desktop\TFG\Latex\TFG-Latex-Final\Resultados.aux")

("C:\Users\Marcos Aurelio\Desktop\TFG\Latex\TFG-Latex-Final\ConsideracoesFinais
.aux") ("C:\Users\Marcos Aurelio\Desktop\TFG\Latex\TFG-Latex-Final\Anexo.aux"))
>>>>>>> 112ec0c236781d61b6269aa294dbe38dbed68a9f

LaTeX Font Warning: Some font shapes were not available, defaults substituted.


LaTeX Warning: There were multiply-defined labels.

 ) 
Here is how much of TeX's memory you used:
<<<<<<< HEAD
 6534 strings out of 493921
 101782 string characters out of 3144924
 310389 words of memory out of 3000000
 9494 multiletter control sequences out of 15000+200000
 41856 words of font info for 82 fonts, out of 3000000 for 9000
 841 hyphenation exceptions out of 8191
 36i,10n,40p,1172b,1834s stack positions out of 5000i,500n,10000p,200000b,50000s
 <C:\Users\silvadenisaraujo\AppData\Local\MiKTeX\2.9\fonts\pk\ljfour\jknappen
\ec\dpi600\ecrb1440.pk> <C:\Users\silvadenisaraujo\AppData\Local\MiKTeX\2.9\fon
ts\pk\ljfour\jknappen\ec\dpi600\ecrb1728.pk> <C:\Users\silvadenisaraujo\AppData
\Local\MiKTeX\2.9\fonts\pk\ljfour\jknappen\ec\dpi600\ecrb1200.pk> <C:\Users\sil
vadenisaraujo\AppData\Local\MiKTeX\2.9\fonts\pk\ljfour\jknappen\ec\dpi600\ecrb2
488.pk><C:/Program Files (x86)/MiKTeX 2.9/fonts/type1/public/amsfonts/cm/cmbsy1
0.pfb><C:/Program Files (x86)/MiKTeX 2.9/fonts/type1/public/amsfonts/cm/cmbx12.
pfb><C:/Program Files (x86)/MiKTeX 2.9/fonts/type1/public/amsfonts/cm/cmbx8.pfb
><C:/Program Files (x86)/MiKTeX 2.9/fonts/type1/public/amsfonts/cm/cmcsc10.pfb>
<C:/Program Files (x86)/MiKTeX 2.9/fonts/type1/public/amsfonts/cm/cmmi10.pfb><C
:/Program Files (x86)/MiKTeX 2.9/fonts/type1/public/amsfonts/cm/cmr10.pfb><C:/P
rogram Files (x86)/MiKTeX 2.9/fonts/type1/public/amsfonts/cm/cmr12.pfb><C:/Prog
ram Files (x86)/MiKTeX 2.9/fonts/type1/public/amsfonts/cm/cmr6.pfb><C:/Program 
Files (x86)/MiKTeX 2.9/fonts/type1/public/amsfonts/cm/cmr8.pfb><C:/Program File
s (x86)/MiKTeX 2.9/fonts/type1/public/amsfonts/cm/cmsy10.pfb><C:/Program Files 
(x86)/MiKTeX 2.9/fonts/type1/public/amsfonts/cm/cmti12.pfb><C:/Program Files (x
86)/MiKTeX 2.9/fonts/type1/public/amsfonts/cm/cmu10.pfb>
Output written on Principal_ABNT.pdf (136 pages, 3565687 bytes).
=======
 6487 strings out of 493921
 96829 string characters out of 3144849
 310389 words of memory out of 3000000
 9456 multiletter control sequences out of 15000+200000
 41856 words of font info for 82 fonts, out of 3000000 for 9000
 841 hyphenation exceptions out of 8191
 36i,10n,40p,1182b,1834s stack positions out of 5000i,500n,10000p,200000b,50000s
 <C:\Users\Marcos Aurelio\AppData\Local\MiKTeX\2.9\fonts\pk\ljfour\jknappen\e
c\dpi600\ecrb1440.pk> <C:\Users\Marcos Aurelio\AppData\Local\MiKTeX\2.9\fonts\p
k\ljfour\jknappen\ec\dpi600\ecrb1728.pk> <C:\Users\Marcos Aurelio\AppData\Local
\MiKTeX\2.9\fonts\pk\ljfour\jknappen\ec\dpi600\ecrb1200.pk> <C:\Users\Marcos Au
relio\AppData\Local\MiKTeX\2.9\fonts\pk\ljfour\jknappen\ec\dpi600\ecrb2488.pk><
C:/Program Files (x86)/MiKTeX 2.9/fonts/type1/public/amsfonts/cm/cmbsy10.pfb><C
:/Program Files (x86)/MiKTeX 2.9/fonts/type1/public/amsfonts/cm/cmbx12.pfb><C:/
Program Files (x86)/MiKTeX 2.9/fonts/type1/public/amsfonts/cm/cmbx8.pfb><C:/Pro
gram Files (x86)/MiKTeX 2.9/fonts/type1/public/amsfonts/cm/cmcsc10.pfb><C:/Prog
ram Files (x86)/MiKTeX 2.9/fonts/type1/public/amsfonts/cm/cmmi10.pfb><C:/Progra
m Files (x86)/MiKTeX 2.9/fonts/type1/public/amsfonts/cm/cmr10.pfb><C:/Program F
iles (x86)/MiKTeX 2.9/fonts/type1/public/amsfonts/cm/cmr12.pfb><C:/Program File
s (x86)/MiKTeX 2.9/fonts/type1/public/amsfonts/cm/cmr6.pfb><C:/Program Files (x
86)/MiKTeX 2.9/fonts/type1/public/amsfonts/cm/cmr8.pfb><C:/Program Files (x86)/
MiKTeX 2.9/fonts/type1/public/amsfonts/cm/cmsy10.pfb><C:/Program Files (x86)/Mi
KTeX 2.9/fonts/type1/public/amsfonts/cm/cmti12.pfb><C:/Program Files (x86)/MiKT
eX 2.9/fonts/type1/public/amsfonts/cm/cmu10.pfb>
Output written on Principal_ABNT.pdf (131 pages, 2769768 bytes).
>>>>>>> 112ec0c236781d61b6269aa294dbe38dbed68a9f
PDF statistics:
 775 PDF objects out of 1000 (max. 8388607)
 0 named destinations out of 1000 (max. 500000)
 296 words of extra memory for PDF output out of 10000 (max. 10000000)

