Flow report for UnidadeDeControle
Thu Mar 06 21:48:10 2014
Quartus II 64-Bit Version 13.1.0 Build 162 10/23/2013 SJ Web Edition


---------------------
; Table of Contents ;
---------------------
  1. Legal Notice
  2. Flow Summary
  3. Flow Settings
  4. Flow Non-Default Global Settings
  5. Flow Elapsed Time
  6. Flow OS Summary
  7. Flow Log
  8. Flow Messages
  9. Flow Suppressed Messages



----------------
; Legal Notice ;
----------------
Copyright (C) 1991-2013 Altera Corporation
Your use of Altera Corporation's design tools, logic functions 
and other software and tools, and its AMPP partner logic 
functions, and any output files from any of the foregoing 
(including device programming or simulation files), and any 
associated documentation or information are expressly subject 
to the terms and conditions of the Altera Program License 
Subscription Agreement, Altera MegaCore Function License 
Agreement, or other applicable license agreement, including, 
without limitation, that your use is for the sole purpose of 
programming logic devices manufactured by Altera and sold by 
Altera or its authorized distributors.  Please refer to the 
applicable agreement for further details.



+---------------------------------------------------------------------------------+
; Flow Summary                                                                    ;
+------------------------------------+--------------------------------------------+
; Flow Status                        ; Successful - Thu Mar 06 21:48:10 2014      ;
; Quartus II 64-Bit Version          ; 13.1.0 Build 162 10/23/2013 SJ Web Edition ;
; Revision Name                      ; UnidadeDeControle                          ;
; Top-level Entity Name              ; UnidadeDeControle                          ;
; Family                             ; Cyclone III                                ;
; Device                             ; EP3C25F256I7                               ;
; Timing Models                      ; Final                                      ;
; Total logic elements               ; 39 / 24,624 ( < 1 % )                      ;
;     Total combinational functions  ; 26 / 24,624 ( < 1 % )                      ;
;     Dedicated logic registers      ; 33 / 24,624 ( < 1 % )                      ;
; Total registers                    ; 33                                         ;
; Total pins                         ; 30 / 157 ( 19 % )                          ;
; Total virtual pins                 ; 0                                          ;
; Total memory bits                  ; 0 / 608,256 ( 0 % )                        ;
; Embedded Multiplier 9-bit elements ; 0 / 132 ( 0 % )                            ;
; Total PLLs                         ; 0 / 4 ( 0 % )                              ;
+------------------------------------+--------------------------------------------+


+-----------------------------------------+
; Flow Settings                           ;
+-------------------+---------------------+
; Option            ; Setting             ;
+-------------------+---------------------+
; Start date & time ; 03/06/2014 21:47:45 ;
; Main task         ; Compilation         ;
; Revision Name     ; UnidadeDeControle   ;
+-------------------+---------------------+


+----------------------------------------------------------------------------------------------------------------------------------+
; Flow Non-Default Global Settings                                                                                                 ;
+--------------------------------------+---------------------------------------+---------------+-------------+---------------------+
; Assignment Name                      ; Value                                 ; Default Value ; Entity Name ; Section Id          ;
+--------------------------------------+---------------------------------------+---------------+-------------+---------------------+
; COMPILER_SIGNATURE_ID                ; 79554453800410.139415326501884        ; --            ; --          ; --                  ;
; EDA_DESIGN_INSTANCE_NAME             ; NA                                    ; --            ; --          ; UnidadeDeControleTB ;
; EDA_NATIVELINK_SIMULATION_TEST_BENCH ; UnidadeDeControleTB                   ; --            ; --          ; eda_simulation      ;
; EDA_OUTPUT_DATA_FORMAT               ; Vhdl                                  ; --            ; --          ; eda_simulation      ;
; EDA_SIMULATION_TOOL                  ; ModelSim-Altera (VHDL)                ; <None>        ; --          ; --                  ;
; EDA_TEST_BENCH_ENABLE_STATUS         ; TEST_BENCH_MODE                       ; --            ; --          ; eda_simulation      ;
; EDA_TEST_BENCH_FILE                  ; UnidadeDeControleTB.vhd               ; --            ; --          ; UnidadeDeControleTB ;
; EDA_TEST_BENCH_MODULE_NAME           ; UnidadeDeControleTB                   ; --            ; --          ; UnidadeDeControleTB ;
; EDA_TEST_BENCH_NAME                  ; UnidadeDeControleTB                   ; --            ; --          ; eda_simulation      ;
; MAX_CORE_JUNCTION_TEMP               ; 100                                   ; --            ; --          ; --                  ;
; MIN_CORE_JUNCTION_TEMP               ; -40                                   ; --            ; --          ; --                  ;
; NOMINAL_CORE_SUPPLY_VOLTAGE          ; 1.2V                                  ; --            ; --          ; --                  ;
; PARTITION_COLOR                      ; 16764057                              ; --            ; --          ; Top                 ;
; PARTITION_FITTER_PRESERVATION_LEVEL  ; PLACEMENT_AND_ROUTING                 ; --            ; --          ; Top                 ;
; PARTITION_NETLIST_TYPE               ; SOURCE                                ; --            ; --          ; Top                 ;
; POWER_BOARD_THERMAL_MODEL            ; None (CONSERVATIVE)                   ; --            ; --          ; --                  ;
; POWER_PRESET_COOLING_SOLUTION        ; 23 MM HEAT SINK WITH 200 LFPM AIRFLOW ; --            ; --          ; --                  ;
; PROJECT_OUTPUT_DIRECTORY             ; output_files                          ; --            ; --          ; --                  ;
+--------------------------------------+---------------------------------------+---------------+-------------+---------------------+


+-------------------------------------------------------------------------------------------------------------------------------+
; Flow Elapsed Time                                                                                                             ;
+---------------------------+--------------+-------------------------+---------------------+------------------------------------+
; Module Name               ; Elapsed Time ; Average Processors Used ; Peak Virtual Memory ; Total CPU Time (on all processors) ;
+---------------------------+--------------+-------------------------+---------------------+------------------------------------+
; Analysis & Synthesis      ; 00:00:02     ; 1.0                     ; 520 MB              ; 00:00:02                           ;
; Fitter                    ; 00:00:08     ; 1.0                     ; 768 MB              ; 00:00:08                           ;
; Assembler                 ; 00:00:03     ; 1.0                     ; 458 MB              ; 00:00:02                           ;
; TimeQuest Timing Analyzer ; 00:00:03     ; 1.0                     ; 489 MB              ; 00:00:02                           ;
; EDA Netlist Writer        ; 00:00:01     ; 1.0                     ; 406 MB              ; 00:00:01                           ;
; Total                     ; 00:00:17     ; --                      ; --                  ; 00:00:15                           ;
+---------------------------+--------------+-------------------------+---------------------+------------------------------------+


+----------------------------------------------------------------------------------------+
; Flow OS Summary                                                                        ;
+---------------------------+------------------+-----------+------------+----------------+
; Module Name               ; Machine Hostname ; OS Name   ; OS Version ; Processor type ;
+---------------------------+------------------+-----------+------------+----------------+
; Analysis & Synthesis      ; Marcos-PC        ; Windows 7 ; 6.2        ; x86_64         ;
; Fitter                    ; Marcos-PC        ; Windows 7 ; 6.2        ; x86_64         ;
; Assembler                 ; Marcos-PC        ; Windows 7 ; 6.2        ; x86_64         ;
; TimeQuest Timing Analyzer ; Marcos-PC        ; Windows 7 ; 6.2        ; x86_64         ;
; EDA Netlist Writer        ; Marcos-PC        ; Windows 7 ; 6.2        ; x86_64         ;
+---------------------------+------------------+-----------+------------+----------------+


------------
; Flow Log ;
------------
quartus_map --read_settings_files=on --write_settings_files=off UnidadeDeControle -c UnidadeDeControle
quartus_fit --read_settings_files=off --write_settings_files=off UnidadeDeControle -c UnidadeDeControle
quartus_asm --read_settings_files=off --write_settings_files=off UnidadeDeControle -c UnidadeDeControle
quartus_sta UnidadeDeControle -c UnidadeDeControle
quartus_eda --read_settings_files=off --write_settings_files=off UnidadeDeControle -c UnidadeDeControle



