Flow report for FilaInstrucoes
Tue Feb 25 23:19:05 2014
Quartus II 64-Bit Version 13.1.0 Build 162 10/23/2013 SJ Web Edition


---------------------
; Table of Contents ;
---------------------
  1. Legal Notice
  2. Flow Summary
  3. Flow Settings
  4. Flow Non-Default Global Settings
  5. Flow Elapsed Time
  6. Flow OS Summary
  7. Flow Log
  8. Flow Messages
  9. Flow Suppressed Messages



----------------
; Legal Notice ;
----------------
Copyright (C) 1991-2013 Altera Corporation
Your use of Altera Corporation's design tools, logic functions 
and other software and tools, and its AMPP partner logic 
functions, and any output files from any of the foregoing 
(including device programming or simulation files), and any 
associated documentation or information are expressly subject 
to the terms and conditions of the Altera Program License 
Subscription Agreement, Altera MegaCore Function License 
Agreement, or other applicable license agreement, including, 
without limitation, that your use is for the sole purpose of 
programming logic devices manufactured by Altera and sold by 
Altera or its authorized distributors.  Please refer to the 
applicable agreement for further details.



+---------------------------------------------------------------------------------+
; Flow Summary                                                                    ;
+------------------------------------+--------------------------------------------+
; Flow Status                        ; Successful - Tue Feb 25 23:19:05 2014      ;
; Quartus II 64-Bit Version          ; 13.1.0 Build 162 10/23/2013 SJ Web Edition ;
; Revision Name                      ; FilaInstrucoes                             ;
; Top-level Entity Name              ; FilaInstrucoes                             ;
; Family                             ; Cyclone IV GX                              ;
; Total logic elements               ; 76 / 14,400 ( < 1 % )                      ;
;     Total combinational functions  ; 28 / 14,400 ( < 1 % )                      ;
;     Dedicated logic registers      ; 69 / 14,400 ( < 1 % )                      ;
; Total registers                    ; 69                                         ;
; Total pins                         ; 37 / 81 ( 46 % )                           ;
; Total virtual pins                 ; 0                                          ;
; Total memory bits                  ; 0 / 552,960 ( 0 % )                        ;
; Embedded Multiplier 9-bit elements ; 0                                          ;
; Total GXB Receiver Channel PCS     ; 0 / 2 ( 0 % )                              ;
; Total GXB Receiver Channel PMA     ; 0 / 2 ( 0 % )                              ;
; Total GXB Transmitter Channel PCS  ; 0 / 2 ( 0 % )                              ;
; Total GXB Transmitter Channel PMA  ; 0 / 2 ( 0 % )                              ;
; Total PLLs                         ; 0 / 3 ( 0 % )                              ;
; Device                             ; EP4CGX15BF14C6                             ;
; Timing Models                      ; Final                                      ;
+------------------------------------+--------------------------------------------+


+-----------------------------------------+
; Flow Settings                           ;
+-------------------+---------------------+
; Option            ; Setting             ;
+-------------------+---------------------+
; Start date & time ; 02/25/2014 23:18:41 ;
; Main task         ; Compilation         ;
; Revision Name     ; FilaInstrucoes      ;
+-------------------+---------------------+


+----------------------------------------------------------------------------------------------------------------------+
; Flow Non-Default Global Settings                                                                                     ;
+--------------------------------------+--------------------------------+---------------+-------------+----------------+
; Assignment Name                      ; Value                          ; Default Value ; Entity Name ; Section Id     ;
+--------------------------------------+--------------------------------+---------------+-------------+----------------+
; COMPILER_SIGNATURE_ID                ; 79554453800410.139338112007408 ; --            ; --          ; --             ;
; EDA_DESIGN_INSTANCE_NAME             ; NA                             ; --            ; --          ; FilaTeste      ;
; EDA_NATIVELINK_SIMULATION_TEST_BENCH ; FilaTeste                      ; --            ; --          ; eda_simulation ;
; EDA_OUTPUT_DATA_FORMAT               ; Vhdl                           ; --            ; --          ; eda_simulation ;
; EDA_SIMULATION_TOOL                  ; ModelSim-Altera (VHDL)         ; <None>        ; --          ; --             ;
; EDA_TEST_BENCH_ENABLE_STATUS         ; TEST_BENCH_MODE                ; --            ; --          ; eda_simulation ;
; EDA_TEST_BENCH_FILE                  ; FilaInstrucoesTB.vhd           ; --            ; --          ; FilaTeste      ;
; EDA_TEST_BENCH_MODULE_NAME           ; FilaTeste                      ; --            ; --          ; FilaTeste      ;
; EDA_TEST_BENCH_NAME                  ; FilaTeste                      ; --            ; --          ; eda_simulation ;
; PARTITION_COLOR                      ; 16764057                       ; --            ; --          ; Top            ;
; PARTITION_FITTER_PRESERVATION_LEVEL  ; PLACEMENT_AND_ROUTING          ; --            ; --          ; Top            ;
; PARTITION_NETLIST_TYPE               ; SOURCE                         ; --            ; --          ; Top            ;
; PROJECT_OUTPUT_DIRECTORY             ; output_files                   ; --            ; --          ; --             ;
+--------------------------------------+--------------------------------+---------------+-------------+----------------+


+-------------------------------------------------------------------------------------------------------------------------------+
; Flow Elapsed Time                                                                                                             ;
+---------------------------+--------------+-------------------------+---------------------+------------------------------------+
; Module Name               ; Elapsed Time ; Average Processors Used ; Peak Virtual Memory ; Total CPU Time (on all processors) ;
+---------------------------+--------------+-------------------------+---------------------+------------------------------------+
; Analysis & Synthesis      ; 00:00:02     ; 1.0                     ; 578 MB              ; 00:00:02                           ;
; Fitter                    ; 00:00:09     ; 1.0                     ; 838 MB              ; 00:00:08                           ;
; Assembler                 ; 00:00:02     ; 1.0                     ; 500 MB              ; 00:00:02                           ;
; TimeQuest Timing Analyzer ; 00:00:03     ; 1.0                     ; 500 MB              ; 00:00:03                           ;
; EDA Netlist Writer        ; 00:00:01     ; 1.0                     ; 457 MB              ; 00:00:01                           ;
; Total                     ; 00:00:17     ; --                      ; --                  ; 00:00:16                           ;
+---------------------------+--------------+-------------------------+---------------------+------------------------------------+


+----------------------------------------------------------------------------------------+
; Flow OS Summary                                                                        ;
+---------------------------+------------------+-----------+------------+----------------+
; Module Name               ; Machine Hostname ; OS Name   ; OS Version ; Processor type ;
+---------------------------+------------------+-----------+------------+----------------+
; Analysis & Synthesis      ; Marcos-PC        ; Windows 7 ; 6.2        ; x86_64         ;
; Fitter                    ; Marcos-PC        ; Windows 7 ; 6.2        ; x86_64         ;
; Assembler                 ; Marcos-PC        ; Windows 7 ; 6.2        ; x86_64         ;
; TimeQuest Timing Analyzer ; Marcos-PC        ; Windows 7 ; 6.2        ; x86_64         ;
; EDA Netlist Writer        ; Marcos-PC        ; Windows 7 ; 6.2        ; x86_64         ;
+---------------------------+------------------+-----------+------------+----------------+


------------
; Flow Log ;
------------
quartus_map --read_settings_files=on --write_settings_files=off FilaInstrucoes -c FilaInstrucoes
quartus_fit --read_settings_files=off --write_settings_files=off FilaInstrucoes -c FilaInstrucoes
quartus_asm --read_settings_files=off --write_settings_files=off FilaInstrucoes -c FilaInstrucoes
quartus_sta FilaInstrucoes -c FilaInstrucoes
quartus_eda --read_settings_files=off --write_settings_files=off FilaInstrucoes -c FilaInstrucoes



