Analysis & Synthesis report for ULA
Mon Mar 31 23:34:26 2014
Quartus II 64-Bit Version 13.1.0 Build 162 10/23/2013 SJ Web Edition


---------------------
; Table of Contents ;
---------------------
  1. Legal Notice
  2. Analysis & Synthesis Summary
  3. Analysis & Synthesis Settings
  4. Parallel Compilation
  5. Analysis & Synthesis Source Files Read
  6. Analysis & Synthesis Resource Usage Summary
  7. Analysis & Synthesis Resource Utilization by Entity
  8. User-Specified and Inferred Latches
  9. General Register Statistics
 10. Multiplexer Restructuring Statistics (Restructuring Performed)
 11. Port Connectivity Checks: "DetectorAuxiliarFlag:dAuxiliarFlag|Subtrator:Sub4"
 12. Port Connectivity Checks: "DetectorAuxiliarFlag:dAuxiliarFlag|Subtrator:Sub3"
 13. Port Connectivity Checks: "DetectorAuxiliarFlag:dAuxiliarFlag|Subtrator:Sub2"
 14. Port Connectivity Checks: "DetectorAuxiliarFlag:dAuxiliarFlag|Subtrator:Sub1"
 15. Port Connectivity Checks: "DetectorAuxiliarFlag:dAuxiliarFlag|Subtrator:Sub0"
 16. Port Connectivity Checks: "DetectorAuxiliarFlag:dAuxiliarFlag|Somador:Add4"
 17. Port Connectivity Checks: "DetectorAuxiliarFlag:dAuxiliarFlag|Somador:Add3"
 18. Port Connectivity Checks: "DetectorAuxiliarFlag:dAuxiliarFlag|Somador:Add2"
 19. Port Connectivity Checks: "DetectorAuxiliarFlag:dAuxiliarFlag|Somador:Add1"
 20. Port Connectivity Checks: "DetectorAuxiliarFlag:dAuxiliarFlag|Somador:Add0"
 21. Elapsed Time Per Partition
 22. Analysis & Synthesis Messages



----------------
; Legal Notice ;
----------------
Copyright (C) 1991-2013 Altera Corporation
Your use of Altera Corporation's design tools, logic functions 
and other software and tools, and its AMPP partner logic 
functions, and any output files from any of the foregoing 
(including device programming or simulation files), and any 
associated documentation or information are expressly subject 
to the terms and conditions of the Altera Program License 
Subscription Agreement, Altera MegaCore Function License 
Agreement, or other applicable license agreement, including, 
without limitation, that your use is for the sole purpose of 
programming logic devices manufactured by Altera and sold by 
Altera or its authorized distributors.  Please refer to the 
applicable agreement for further details.



+---------------------------------------------------------------------------------+
; Analysis & Synthesis Summary                                                    ;
+------------------------------------+--------------------------------------------+
; Analysis & Synthesis Status        ; Successful - Mon Mar 31 23:34:26 2014      ;
; Quartus II 64-Bit Version          ; 13.1.0 Build 162 10/23/2013 SJ Web Edition ;
; Revision Name                      ; ULA                                        ;
; Top-level Entity Name              ; ULA                                        ;
; Family                             ; Cyclone IV GX                              ;
; Total logic elements               ; 231                                        ;
;     Total combinational functions  ; 182                                        ;
;     Dedicated logic registers      ; 71                                         ;
; Total registers                    ; 71                                         ;
; Total pins                         ; 60                                         ;
; Total virtual pins                 ; 0                                          ;
; Total memory bits                  ; 0                                          ;
; Embedded Multiplier 9-bit elements ; 0                                          ;
; Total GXB Receiver Channel PCS     ; 0                                          ;
; Total GXB Receiver Channel PMA     ; 0                                          ;
; Total GXB Transmitter Channel PCS  ; 0                                          ;
; Total GXB Transmitter Channel PMA  ; 0                                          ;
; Total PLLs                         ; 0                                          ;
+------------------------------------+--------------------------------------------+


+----------------------------------------------------------------------------------------------------------------------+
; Analysis & Synthesis Settings                                                                                        ;
+----------------------------------------------------------------------------+--------------------+--------------------+
; Option                                                                     ; Setting            ; Default Value      ;
+----------------------------------------------------------------------------+--------------------+--------------------+
; Top-level entity name                                                      ; ULA                ; ULA                ;
; Family name                                                                ; Cyclone IV GX      ; Cyclone IV GX      ;
; Use smart compilation                                                      ; Off                ; Off                ;
; Enable parallel Assembler and TimeQuest Timing Analyzer during compilation ; On                 ; On                 ;
; Enable compact report table                                                ; Off                ; Off                ;
; Restructure Multiplexers                                                   ; Auto               ; Auto               ;
; Create Debugging Nodes for IP Cores                                        ; Off                ; Off                ;
; Preserve fewer node names                                                  ; On                 ; On                 ;
; Disable OpenCore Plus hardware evaluation                                  ; Off                ; Off                ;
; Verilog Version                                                            ; Verilog_2001       ; Verilog_2001       ;
; VHDL Version                                                               ; VHDL_1993          ; VHDL_1993          ;
; State Machine Processing                                                   ; Auto               ; Auto               ;
; Safe State Machine                                                         ; Off                ; Off                ;
; Extract Verilog State Machines                                             ; On                 ; On                 ;
; Extract VHDL State Machines                                                ; On                 ; On                 ;
; Ignore Verilog initial constructs                                          ; Off                ; Off                ;
; Iteration limit for constant Verilog loops                                 ; 5000               ; 5000               ;
; Iteration limit for non-constant Verilog loops                             ; 250                ; 250                ;
; Add Pass-Through Logic to Inferred RAMs                                    ; On                 ; On                 ;
; Infer RAMs from Raw Logic                                                  ; On                 ; On                 ;
; Parallel Synthesis                                                         ; On                 ; On                 ;
; DSP Block Balancing                                                        ; Auto               ; Auto               ;
; NOT Gate Push-Back                                                         ; On                 ; On                 ;
; Power-Up Don't Care                                                        ; On                 ; On                 ;
; Remove Redundant Logic Cells                                               ; Off                ; Off                ;
; Remove Duplicate Registers                                                 ; On                 ; On                 ;
; Ignore CARRY Buffers                                                       ; Off                ; Off                ;
; Ignore CASCADE Buffers                                                     ; Off                ; Off                ;
; Ignore GLOBAL Buffers                                                      ; Off                ; Off                ;
; Ignore ROW GLOBAL Buffers                                                  ; Off                ; Off                ;
; Ignore LCELL Buffers                                                       ; Off                ; Off                ;
; Ignore SOFT Buffers                                                        ; On                 ; On                 ;
; Limit AHDL Integers to 32 Bits                                             ; Off                ; Off                ;
; Optimization Technique                                                     ; Balanced           ; Balanced           ;
; Carry Chain Length                                                         ; 70                 ; 70                 ;
; Auto Carry Chains                                                          ; On                 ; On                 ;
; Auto Open-Drain Pins                                                       ; On                 ; On                 ;
; Perform WYSIWYG Primitive Resynthesis                                      ; Off                ; Off                ;
; Auto ROM Replacement                                                       ; On                 ; On                 ;
; Auto RAM Replacement                                                       ; On                 ; On                 ;
; Auto DSP Block Replacement                                                 ; On                 ; On                 ;
; Auto Shift Register Replacement                                            ; Auto               ; Auto               ;
; Allow Shift Register Merging across Hierarchies                            ; Auto               ; Auto               ;
; Auto Clock Enable Replacement                                              ; On                 ; On                 ;
; Strict RAM Replacement                                                     ; Off                ; Off                ;
; Allow Synchronous Control Signals                                          ; On                 ; On                 ;
; Force Use of Synchronous Clear Signals                                     ; Off                ; Off                ;
; Auto RAM Block Balancing                                                   ; On                 ; On                 ;
; Auto RAM to Logic Cell Conversion                                          ; Off                ; Off                ;
; Auto Resource Sharing                                                      ; Off                ; Off                ;
; Allow Any RAM Size For Recognition                                         ; Off                ; Off                ;
; Allow Any ROM Size For Recognition                                         ; Off                ; Off                ;
; Allow Any Shift Register Size For Recognition                              ; Off                ; Off                ;
; Use LogicLock Constraints during Resource Balancing                        ; On                 ; On                 ;
; Ignore translate_off and synthesis_off directives                          ; Off                ; Off                ;
; Timing-Driven Synthesis                                                    ; On                 ; On                 ;
; Report Parameter Settings                                                  ; On                 ; On                 ;
; Report Source Assignments                                                  ; On                 ; On                 ;
; Report Connectivity Checks                                                 ; On                 ; On                 ;
; Ignore Maximum Fan-Out Assignments                                         ; Off                ; Off                ;
; Synchronization Register Chain Length                                      ; 2                  ; 2                  ;
; PowerPlay Power Optimization                                               ; Normal compilation ; Normal compilation ;
; HDL message level                                                          ; Level2             ; Level2             ;
; Suppress Register Optimization Related Messages                            ; Off                ; Off                ;
; Number of Removed Registers Reported in Synthesis Report                   ; 5000               ; 5000               ;
; Number of Swept Nodes Reported in Synthesis Report                         ; 5000               ; 5000               ;
; Number of Inverted Registers Reported in Synthesis Report                  ; 100                ; 100                ;
; Clock MUX Protection                                                       ; On                 ; On                 ;
; Auto Gated Clock Conversion                                                ; Off                ; Off                ;
; Block Design Naming                                                        ; Auto               ; Auto               ;
; SDC constraint protection                                                  ; Off                ; Off                ;
; Synthesis Effort                                                           ; Auto               ; Auto               ;
; Shift Register Replacement - Allow Asynchronous Clear Signal               ; On                 ; On                 ;
; Pre-Mapping Resynthesis Optimization                                       ; Off                ; Off                ;
; Analysis & Synthesis Message Level                                         ; Medium             ; Medium             ;
; Disable Register Merging Across Hierarchies                                ; Auto               ; Auto               ;
; Resource Aware Inference For Block RAM                                     ; On                 ; On                 ;
; Synthesis Seed                                                             ; 1                  ; 1                  ;
+----------------------------------------------------------------------------+--------------------+--------------------+


Parallel compilation was disabled, but you have multiple processors available. Enable parallel compilation to reduce compilation time.
+-------------------------------------+
; Parallel Compilation                ;
+----------------------------+--------+
; Processors                 ; Number ;
+----------------------------+--------+
; Number detected on machine ; 4      ;
; Maximum allowed            ; 1      ;
+----------------------------+--------+


+------------------------------------------------------------------------------------------------------------------------------------------------------------------------------------------------------------------------+
; Analysis & Synthesis Source Files Read                                                                                                                                                                                 ;
+--------------------------------------------------+-----------------+-----------------+-----------------------------------------------------------------------------------------------------------------------+---------+
; File Name with User-Entered Path                 ; Used in Netlist ; File Type       ; File Name with Absolute Path                                                                                          ; Library ;
+--------------------------------------------------+-----------------+-----------------+-----------------------------------------------------------------------------------------------------------------------+---------+
; ../DetectorZeroFlag/DetectorZeroFlag.vhd         ; yes             ; User VHDL File  ; C:/Users/Marcos Aurelio/Desktop/RepositorioLocal/CodigoMicroprocessador/DetectorZeroFlag/DetectorZeroFlag.vhd         ;         ;
; ../DetectorAuxiliarFlag/Subtrator.vhd            ; yes             ; User VHDL File  ; C:/Users/Marcos Aurelio/Desktop/RepositorioLocal/CodigoMicroprocessador/DetectorAuxiliarFlag/Subtrator.vhd            ;         ;
; ../DetectorAuxiliarFlag/Somador.vhd              ; yes             ; User VHDL File  ; C:/Users/Marcos Aurelio/Desktop/RepositorioLocal/CodigoMicroprocessador/DetectorAuxiliarFlag/Somador.vhd              ;         ;
; ../DetectorAuxiliarFlag/DetectorAuxiliarFlag.vhd ; yes             ; User VHDL File  ; C:/Users/Marcos Aurelio/Desktop/RepositorioLocal/CodigoMicroprocessador/DetectorAuxiliarFlag/DetectorAuxiliarFlag.vhd ;         ;
; ../DetectorParidade/DetectorParidade.vhd         ; yes             ; User VHDL File  ; C:/Users/Marcos Aurelio/Desktop/RepositorioLocal/CodigoMicroprocessador/DetectorParidade/DetectorParidade.vhd         ;         ;
; ULA.vhd                                          ; yes             ; User VHDL File  ; C:/Users/Marcos Aurelio/Desktop/RepositorioLocal/CodigoMicroprocessador/ULA/ULA.vhd                                   ;         ;
+--------------------------------------------------+-----------------+-----------------+-----------------------------------------------------------------------------------------------------------------------+---------+


+---------------------------------------------+
; Analysis & Synthesis Resource Usage Summary ;
+--------------------------+------------------+
; Resource                 ; Usage            ;
+--------------------------+------------------+
; I/O pins                 ; 60               ;
; DSP block 9-bit elements ; 0                ;
; Maximum fan-out node     ; clock~input      ;
; Maximum fan-out          ; 71               ;
; Total fan-out            ; 871              ;
; Average fan-out          ; 2.34             ;
+--------------------------+------------------+


+--------------------------------------------------------------------------------------------------------------------------------------------------------------------------------------------------------------------------+
; Analysis & Synthesis Resource Utilization by Entity                                                                                                                                                                      ;
+-----------------------------------------+-------------------+--------------+-------------+--------------+---------+-----------+-----------+------+--------------+-----------------------------------------+--------------+
; Compilation Hierarchy Node              ; LC Combinationals ; LC Registers ; Memory Bits ; DSP Elements ; DSP 9x9 ; DSP 18x18 ; DSP 36x36 ; Pins ; Virtual Pins ; Full Hierarchy Name                     ; Library Name ;
+-----------------------------------------+-------------------+--------------+-------------+--------------+---------+-----------+-----------+------+--------------+-----------------------------------------+--------------+
; |ULA                                    ; 182 (167)         ; 71 (71)      ; 0           ; 0            ; 0       ; 0         ; 0         ; 60   ; 0            ; |ULA                                    ; work         ;
;    |DetectorAuxiliarFlag:dAuxiliarFlag| ; 5 (5)             ; 0 (0)        ; 0           ; 0            ; 0       ; 0         ; 0         ; 0    ; 0            ; |ULA|DetectorAuxiliarFlag:dAuxiliarFlag ; work         ;
;    |DetectorParidade:dParidade|         ; 5 (5)             ; 0 (0)        ; 0           ; 0            ; 0       ; 0         ; 0         ; 0    ; 0            ; |ULA|DetectorParidade:dParidade         ; work         ;
;    |DetectorZeroFlag:dZeroFlag|         ; 5 (5)             ; 0 (0)        ; 0           ; 0            ; 0       ; 0         ; 0         ; 0    ; 0            ; |ULA|DetectorZeroFlag:dZeroFlag         ; work         ;
+-----------------------------------------+-------------------+--------------+-------------+--------------+---------+-----------+-----------+------+--------------+-----------------------------------------+--------------+
Note: For table entries with two numbers listed, the numbers in parentheses indicate the number of resources of the given type used by the specific entity alone. The numbers listed outside of parentheses indicate the total resources of the given type used by the specific entity and all of its sub-entities in the hierarchy.


+---------------------------------------------------------------------------------------------------+
; User-Specified and Inferred Latches                                                               ;
+----------------------------------------------------+---------------------+------------------------+
; Latch Name                                         ; Latch Enable Signal ; Free of Timing Hazards ;
+----------------------------------------------------+---------------------+------------------------+
; enum_op.op_nop_1060                                ; habilitaULA         ; yes                    ;
; enum_op.op_sub_1072                                ; habilitaULA         ; yes                    ;
; enum_op.op_subCarry_1078                           ; habilitaULA         ; yes                    ;
; enum_op.op_addCarry_1084                           ; habilitaULA         ; yes                    ;
; enum_op.op_add_1096                                ; habilitaULA         ; yes                    ;
; enum_op.op_a_comp_b_1054                           ; habilitaULA         ; yes                    ;
; enum_op.op_a_xor_b_1066                            ; habilitaULA         ; yes                    ;
; enum_op.op_a_or_b_1090                             ; habilitaULA         ; yes                    ;
; Number of user-specified and inferred latches = 8  ;                     ;                        ;
+----------------------------------------------------+---------------------+------------------------+
Note: All latches listed above may not be present at the end of synthesis due to various synthesis optimizations.


+------------------------------------------------------+
; General Register Statistics                          ;
+----------------------------------------------+-------+
; Statistic                                    ; Value ;
+----------------------------------------------+-------+
; Total registers                              ; 71    ;
; Number of registers using Synchronous Clear  ; 0     ;
; Number of registers using Synchronous Load   ; 0     ;
; Number of registers using Asynchronous Clear ; 0     ;
; Number of registers using Asynchronous Load  ; 0     ;
; Number of registers using Clock Enable       ; 71    ;
; Number of registers using Preset             ; 0     ;
+----------------------------------------------+-------+


+--------------------------------------------------------------------------------------------------------------------------------------------+
; Multiplexer Restructuring Statistics (Restructuring Performed)                                                                             ;
+--------------------+-----------+---------------+----------------------+------------------------+------------+------------------------------+
; Multiplexer Inputs ; Bus Width ; Baseline Area ; Area if Restructured ; Saving if Restructured ; Registered ; Example Multiplexer Output   ;
+--------------------+-----------+---------------+----------------------+------------------------+------------+------------------------------+
; 8:1                ; 15 bits   ; 75 LEs        ; 60 LEs               ; 15 LEs                 ; Yes        ; |ULA|regEntradaTesteFlags[1] ;
+--------------------+-----------+---------------+----------------------+------------------------+------------+------------------------------+


+---------------------------------------------------------------------------------------------------------------------+
; Port Connectivity Checks: "DetectorAuxiliarFlag:dAuxiliarFlag|Subtrator:Sub4"                                       ;
+-----------+--------+----------+-------------------------------------------------------------------------------------+
; Port      ; Type   ; Severity ; Details                                                                             ;
+-----------+--------+----------+-------------------------------------------------------------------------------------+
; borrowout ; Output ; Info     ; Connected to dangling logic. Logic that only feeds a dangling port will be removed. ;
; saida     ; Output ; Info     ; Connected to dangling logic. Logic that only feeds a dangling port will be removed. ;
+-----------+--------+----------+-------------------------------------------------------------------------------------+


+-----------------------------------------------------------------------------------------------------------------+
; Port Connectivity Checks: "DetectorAuxiliarFlag:dAuxiliarFlag|Subtrator:Sub3"                                   ;
+-------+--------+----------+-------------------------------------------------------------------------------------+
; Port  ; Type   ; Severity ; Details                                                                             ;
+-------+--------+----------+-------------------------------------------------------------------------------------+
; saida ; Output ; Info     ; Connected to dangling logic. Logic that only feeds a dangling port will be removed. ;
+-------+--------+----------+-------------------------------------------------------------------------------------+


+-----------------------------------------------------------------------------------------------------------------+
; Port Connectivity Checks: "DetectorAuxiliarFlag:dAuxiliarFlag|Subtrator:Sub2"                                   ;
+-------+--------+----------+-------------------------------------------------------------------------------------+
; Port  ; Type   ; Severity ; Details                                                                             ;
+-------+--------+----------+-------------------------------------------------------------------------------------+
; saida ; Output ; Info     ; Connected to dangling logic. Logic that only feeds a dangling port will be removed. ;
+-------+--------+----------+-------------------------------------------------------------------------------------+


+-----------------------------------------------------------------------------------------------------------------+
; Port Connectivity Checks: "DetectorAuxiliarFlag:dAuxiliarFlag|Subtrator:Sub1"                                   ;
+-------+--------+----------+-------------------------------------------------------------------------------------+
; Port  ; Type   ; Severity ; Details                                                                             ;
+-------+--------+----------+-------------------------------------------------------------------------------------+
; saida ; Output ; Info     ; Connected to dangling logic. Logic that only feeds a dangling port will be removed. ;
+-------+--------+----------+-------------------------------------------------------------------------------------+


+-----------------------------------------------------------------------------------------------------------------+
; Port Connectivity Checks: "DetectorAuxiliarFlag:dAuxiliarFlag|Subtrator:Sub0"                                   ;
+-------+--------+----------+-------------------------------------------------------------------------------------+
; Port  ; Type   ; Severity ; Details                                                                             ;
+-------+--------+----------+-------------------------------------------------------------------------------------+
; saida ; Output ; Info     ; Connected to dangling logic. Logic that only feeds a dangling port will be removed. ;
+-------+--------+----------+-------------------------------------------------------------------------------------+


+--------------------------------------------------------------------------------------------------------------------+
; Port Connectivity Checks: "DetectorAuxiliarFlag:dAuxiliarFlag|Somador:Add4"                                        ;
+----------+--------+----------+-------------------------------------------------------------------------------------+
; Port     ; Type   ; Severity ; Details                                                                             ;
+----------+--------+----------+-------------------------------------------------------------------------------------+
; carryout ; Output ; Info     ; Connected to dangling logic. Logic that only feeds a dangling port will be removed. ;
; saida    ; Output ; Info     ; Connected to dangling logic. Logic that only feeds a dangling port will be removed. ;
+----------+--------+----------+-------------------------------------------------------------------------------------+


+-----------------------------------------------------------------------------------------------------------------+
; Port Connectivity Checks: "DetectorAuxiliarFlag:dAuxiliarFlag|Somador:Add3"                                     ;
+-------+--------+----------+-------------------------------------------------------------------------------------+
; Port  ; Type   ; Severity ; Details                                                                             ;
+-------+--------+----------+-------------------------------------------------------------------------------------+
; saida ; Output ; Info     ; Connected to dangling logic. Logic that only feeds a dangling port will be removed. ;
+-------+--------+----------+-------------------------------------------------------------------------------------+


+-----------------------------------------------------------------------------------------------------------------+
; Port Connectivity Checks: "DetectorAuxiliarFlag:dAuxiliarFlag|Somador:Add2"                                     ;
+-------+--------+----------+-------------------------------------------------------------------------------------+
; Port  ; Type   ; Severity ; Details                                                                             ;
+-------+--------+----------+-------------------------------------------------------------------------------------+
; saida ; Output ; Info     ; Connected to dangling logic. Logic that only feeds a dangling port will be removed. ;
+-------+--------+----------+-------------------------------------------------------------------------------------+


+-----------------------------------------------------------------------------------------------------------------+
; Port Connectivity Checks: "DetectorAuxiliarFlag:dAuxiliarFlag|Somador:Add1"                                     ;
+-------+--------+----------+-------------------------------------------------------------------------------------+
; Port  ; Type   ; Severity ; Details                                                                             ;
+-------+--------+----------+-------------------------------------------------------------------------------------+
; saida ; Output ; Info     ; Connected to dangling logic. Logic that only feeds a dangling port will be removed. ;
+-------+--------+----------+-------------------------------------------------------------------------------------+


+-----------------------------------------------------------------------------------------------------------------+
; Port Connectivity Checks: "DetectorAuxiliarFlag:dAuxiliarFlag|Somador:Add0"                                     ;
+-------+--------+----------+-------------------------------------------------------------------------------------+
; Port  ; Type   ; Severity ; Details                                                                             ;
+-------+--------+----------+-------------------------------------------------------------------------------------+
; saida ; Output ; Info     ; Connected to dangling logic. Logic that only feeds a dangling port will be removed. ;
+-------+--------+----------+-------------------------------------------------------------------------------------+


+-------------------------------+
; Elapsed Time Per Partition    ;
+----------------+--------------+
; Partition Name ; Elapsed Time ;
+----------------+--------------+
; Top            ; 00:00:01     ;
+----------------+--------------+


+-------------------------------+
; Analysis & Synthesis Messages ;
+-------------------------------+
Info: *******************************************************************
Info: Running Quartus II 64-Bit Analysis & Synthesis
    Info: Version 13.1.0 Build 162 10/23/2013 SJ Web Edition
    Info: Processing started: Mon Mar 31 23:34:21 2014
Info: Command: quartus_map --read_settings_files=on --write_settings_files=off ULA -c ULA
Warning (20028): Parallel compilation is not licensed and has been disabled
Info (12021): Found 2 design units, including 1 entities, in source file /users/marcos aurelio/desktop/repositoriolocal/codigomicroprocessador/detectorzeroflag/detectorzeroflag.vhd
    Info (12022): Found design unit 1: DetectorZeroFlag-ArquiteturaDZF
    Info (12023): Found entity 1: DetectorZeroFlag
Info (12021): Found 2 design units, including 1 entities, in source file /users/marcos aurelio/desktop/repositoriolocal/codigomicroprocessador/detectorauxiliarflag/subtrator.vhd
    Info (12022): Found design unit 1: Subtrator-ArquiteturaSubtrator
    Info (12023): Found entity 1: Subtrator
Info (12021): Found 2 design units, including 1 entities, in source file /users/marcos aurelio/desktop/repositoriolocal/codigomicroprocessador/detectorauxiliarflag/somador.vhd
    Info (12022): Found design unit 1: Somador-ArquiteturaSomador
    Info (12023): Found entity 1: Somador
Info (12021): Found 2 design units, including 1 entities, in source file /users/marcos aurelio/desktop/repositoriolocal/codigomicroprocessador/detectorauxiliarflag/detectorauxiliarflag.vhd
    Info (12022): Found design unit 1: DetectorAuxiliarFlag-ArquiteturaDAF
    Info (12023): Found entity 1: DetectorAuxiliarFlag
Info (12021): Found 2 design units, including 1 entities, in source file /users/marcos aurelio/desktop/repositoriolocal/codigomicroprocessador/detectorparidade/detectorparidade.vhd
    Info (12022): Found design unit 1: DetectorParidade-ArquiteturaDP
    Info (12023): Found entity 1: DetectorParidade
Info (12021): Found 2 design units, including 1 entities, in source file ula.vhd
    Info (12022): Found design unit 1: ULA-arquiteturaULA
    Info (12023): Found entity 1: ULA
Info (12021): Found 2 design units, including 1 entities, in source file ulatb.vhd
    Info (12022): Found design unit 1: ULATB-ArquiteturaULATB
    Info (12023): Found entity 1: ULATB
Warning (12019): Can't analyze file -- file DetectorZeroFlag.vhd is missing
Info (12127): Elaborating entity "ULA" for the top level hierarchy
Warning (10036): Verilog HDL or VHDL warning at ULA.vhd(42): object "reg" assigned a value but never read
Warning (10492): VHDL Process Statement warning at ULA.vhd(74): signal "habilitaULA" is read inside the Process Statement but isn't in the Process Statement's sensitivity list
Warning (10631): VHDL Process Statement warning at ULA.vhd(72): inferring latch(es) for signal or variable "enum_op", which holds its previous value in one or more paths through the process
Warning (10492): VHDL Process Statement warning at ULA.vhd(91): signal "habilitaULA" is read inside the Process Statement but isn't in the Process Statement's sensitivity list
Info (10041): Inferred latch for "enum_op.op_a_comp_b" at ULA.vhd(72)
Info (10041): Inferred latch for "enum_op.op_nop" at ULA.vhd(72)
Info (10041): Inferred latch for "enum_op.op_a_xor_b" at ULA.vhd(72)
Info (10041): Inferred latch for "enum_op.op_sub" at ULA.vhd(72)
Info (10041): Inferred latch for "enum_op.op_subCarry" at ULA.vhd(72)
Info (10041): Inferred latch for "enum_op.op_addCarry" at ULA.vhd(72)
Info (10041): Inferred latch for "enum_op.op_a_or_b" at ULA.vhd(72)
Info (10041): Inferred latch for "enum_op.op_add" at ULA.vhd(72)
Info (12128): Elaborating entity "DetectorParidade" for hierarchy "DetectorParidade:dParidade"
Info (12128): Elaborating entity "DetectorAuxiliarFlag" for hierarchy "DetectorAuxiliarFlag:dAuxiliarFlag"
Warning (10036): Verilog HDL or VHDL warning at DetectorAuxiliarFlag.vhd(51): object "c4" assigned a value but never read
Warning (10036): Verilog HDL or VHDL warning at DetectorAuxiliarFlag.vhd(52): object "b4" assigned a value but never read
Warning (10036): Verilog HDL or VHDL warning at DetectorAuxiliarFlag.vhd(53): object "ra0" assigned a value but never read
Warning (10036): Verilog HDL or VHDL warning at DetectorAuxiliarFlag.vhd(53): object "ra1" assigned a value but never read
Warning (10036): Verilog HDL or VHDL warning at DetectorAuxiliarFlag.vhd(53): object "ra2" assigned a value but never read
Warning (10036): Verilog HDL or VHDL warning at DetectorAuxiliarFlag.vhd(53): object "ra3" assigned a value but never read
Warning (10036): Verilog HDL or VHDL warning at DetectorAuxiliarFlag.vhd(53): object "ra4" assigned a value but never read
Warning (10036): Verilog HDL or VHDL warning at DetectorAuxiliarFlag.vhd(54): object "rs0" assigned a value but never read
Warning (10036): Verilog HDL or VHDL warning at DetectorAuxiliarFlag.vhd(54): object "rs1" assigned a value but never read
Warning (10036): Verilog HDL or VHDL warning at DetectorAuxiliarFlag.vhd(54): object "rs2" assigned a value but never read
Warning (10036): Verilog HDL or VHDL warning at DetectorAuxiliarFlag.vhd(54): object "rs3" assigned a value but never read
Warning (10036): Verilog HDL or VHDL warning at DetectorAuxiliarFlag.vhd(54): object "rs4" assigned a value but never read
Info (12128): Elaborating entity "Somador" for hierarchy "DetectorAuxiliarFlag:dAuxiliarFlag|Somador:Add0"
Info (12128): Elaborating entity "Subtrator" for hierarchy "DetectorAuxiliarFlag:dAuxiliarFlag|Subtrator:Sub0"
Info (12128): Elaborating entity "DetectorZeroFlag" for hierarchy "DetectorZeroFlag:dZeroFlag"
Info (286030): Timing-Driven Synthesis is running
Info (16010): Generating hard_block partition "hard_block:auto_generated_inst"
    Info (16011): Adding 0 node(s), including 0 DDIO, 0 PLL, 0 transceiver and 0 LCELL
Info (21057): Implemented 291 device resources after synthesis - the final resource count might be different
    Info (21058): Implemented 38 input pins
    Info (21059): Implemented 22 output pins
    Info (21061): Implemented 231 logic cells
Info: Quartus II 64-Bit Analysis & Synthesis was successful. 0 errors, 18 warnings
    Info: Peak virtual memory: 587 megabytes
    Info: Processing ended: Mon Mar 31 23:34:26 2014
    Info: Elapsed time: 00:00:05
    Info: Total CPU time (on all processors): 00:00:04


