Analysis & Synthesis report for MicroprocessadorEndMemoria
Fri Apr 18 12:34:53 2014
Quartus II 64-Bit Version 13.1.0 Build 162 10/23/2013 SJ Web Edition


---------------------
; Table of Contents ;
---------------------
  1. Legal Notice
  2. Analysis & Synthesis Summary
  3. Analysis & Synthesis Settings
  4. Parallel Compilation
  5. Analysis & Synthesis Source Files Read
  6. Analysis & Synthesis Resource Usage Summary
  7. Analysis & Synthesis Resource Utilization by Entity
  8. State Machine - |MicroprocessadorEndMemoria|UnidadeDeControleDeEnderecos:UCE|Estado
  9. User-Specified and Inferred Latches
 10. Registers Removed During Synthesis
 11. Removed Registers Triggering Further Register Optimizations
 12. General Register Statistics
 13. Inverted Register Statistics
 14. Multiplexer Restructuring Statistics (Restructuring Performed)
 15. Port Connectivity Checks: "RegistroSegmento:RegS"
 16. Port Connectivity Checks: "UnidadeDeControleDeEnderecos:UCE"
 17. Elapsed Time Per Partition
 18. Analysis & Synthesis Messages



----------------
; Legal Notice ;
----------------
Copyright (C) 1991-2013 Altera Corporation
Your use of Altera Corporation's design tools, logic functions 
and other software and tools, and its AMPP partner logic 
functions, and any output files from any of the foregoing 
(including device programming or simulation files), and any 
associated documentation or information are expressly subject 
to the terms and conditions of the Altera Program License 
Subscription Agreement, Altera MegaCore Function License 
Agreement, or other applicable license agreement, including, 
without limitation, that your use is for the sole purpose of 
programming logic devices manufactured by Altera and sold by 
Altera or its authorized distributors.  Please refer to the 
applicable agreement for further details.



+---------------------------------------------------------------------------------+
; Analysis & Synthesis Summary                                                    ;
+------------------------------------+--------------------------------------------+
; Analysis & Synthesis Status        ; Successful - Fri Apr 18 12:34:53 2014      ;
; Quartus II 64-Bit Version          ; 13.1.0 Build 162 10/23/2013 SJ Web Edition ;
; Revision Name                      ; MicroprocessadorEndMemoria                 ;
; Top-level Entity Name              ; MicroprocessadorEndMemoria                 ;
; Family                             ; Cyclone III                                ;
; Total logic elements               ; 118                                        ;
;     Total combinational functions  ; 109                                        ;
;     Dedicated logic registers      ; 96                                         ;
; Total registers                    ; 96                                         ;
; Total pins                         ; 22                                         ;
; Total virtual pins                 ; 0                                          ;
; Total memory bits                  ; 0                                          ;
; Embedded Multiplier 9-bit elements ; 0                                          ;
; Total PLLs                         ; 0                                          ;
+------------------------------------+--------------------------------------------+


+--------------------------------------------------------------------------------------------------------------------------------------+
; Analysis & Synthesis Settings                                                                                                        ;
+----------------------------------------------------------------------------+----------------------------+----------------------------+
; Option                                                                     ; Setting                    ; Default Value              ;
+----------------------------------------------------------------------------+----------------------------+----------------------------+
; Top-level entity name                                                      ; MicroprocessadorEndMemoria ; MicroprocessadorEndMemoria ;
; Family name                                                                ; Cyclone III                ; Cyclone IV GX              ;
; Use smart compilation                                                      ; Off                        ; Off                        ;
; Enable parallel Assembler and TimeQuest Timing Analyzer during compilation ; On                         ; On                         ;
; Enable compact report table                                                ; Off                        ; Off                        ;
; Restructure Multiplexers                                                   ; Auto                       ; Auto                       ;
; Create Debugging Nodes for IP Cores                                        ; Off                        ; Off                        ;
; Preserve fewer node names                                                  ; On                         ; On                         ;
; Disable OpenCore Plus hardware evaluation                                  ; Off                        ; Off                        ;
; Verilog Version                                                            ; Verilog_2001               ; Verilog_2001               ;
; VHDL Version                                                               ; VHDL_1993                  ; VHDL_1993                  ;
; State Machine Processing                                                   ; Auto                       ; Auto                       ;
; Safe State Machine                                                         ; Off                        ; Off                        ;
; Extract Verilog State Machines                                             ; On                         ; On                         ;
; Extract VHDL State Machines                                                ; On                         ; On                         ;
; Ignore Verilog initial constructs                                          ; Off                        ; Off                        ;
; Iteration limit for constant Verilog loops                                 ; 5000                       ; 5000                       ;
; Iteration limit for non-constant Verilog loops                             ; 250                        ; 250                        ;
; Add Pass-Through Logic to Inferred RAMs                                    ; On                         ; On                         ;
; Infer RAMs from Raw Logic                                                  ; On                         ; On                         ;
; Parallel Synthesis                                                         ; On                         ; On                         ;
; DSP Block Balancing                                                        ; Auto                       ; Auto                       ;
; NOT Gate Push-Back                                                         ; On                         ; On                         ;
; Power-Up Don't Care                                                        ; On                         ; On                         ;
; Remove Redundant Logic Cells                                               ; Off                        ; Off                        ;
; Remove Duplicate Registers                                                 ; On                         ; On                         ;
; Ignore CARRY Buffers                                                       ; Off                        ; Off                        ;
; Ignore CASCADE Buffers                                                     ; Off                        ; Off                        ;
; Ignore GLOBAL Buffers                                                      ; Off                        ; Off                        ;
; Ignore ROW GLOBAL Buffers                                                  ; Off                        ; Off                        ;
; Ignore LCELL Buffers                                                       ; Off                        ; Off                        ;
; Ignore SOFT Buffers                                                        ; On                         ; On                         ;
; Limit AHDL Integers to 32 Bits                                             ; Off                        ; Off                        ;
; Optimization Technique                                                     ; Balanced                   ; Balanced                   ;
; Carry Chain Length                                                         ; 70                         ; 70                         ;
; Auto Carry Chains                                                          ; On                         ; On                         ;
; Auto Open-Drain Pins                                                       ; On                         ; On                         ;
; Perform WYSIWYG Primitive Resynthesis                                      ; Off                        ; Off                        ;
; Auto ROM Replacement                                                       ; On                         ; On                         ;
; Auto RAM Replacement                                                       ; On                         ; On                         ;
; Auto DSP Block Replacement                                                 ; On                         ; On                         ;
; Auto Shift Register Replacement                                            ; Auto                       ; Auto                       ;
; Allow Shift Register Merging across Hierarchies                            ; Auto                       ; Auto                       ;
; Auto Clock Enable Replacement                                              ; On                         ; On                         ;
; Strict RAM Replacement                                                     ; Off                        ; Off                        ;
; Allow Synchronous Control Signals                                          ; On                         ; On                         ;
; Force Use of Synchronous Clear Signals                                     ; Off                        ; Off                        ;
; Auto RAM Block Balancing                                                   ; On                         ; On                         ;
; Auto RAM to Logic Cell Conversion                                          ; Off                        ; Off                        ;
; Auto Resource Sharing                                                      ; Off                        ; Off                        ;
; Allow Any RAM Size For Recognition                                         ; Off                        ; Off                        ;
; Allow Any ROM Size For Recognition                                         ; Off                        ; Off                        ;
; Allow Any Shift Register Size For Recognition                              ; Off                        ; Off                        ;
; Use LogicLock Constraints during Resource Balancing                        ; On                         ; On                         ;
; Ignore translate_off and synthesis_off directives                          ; Off                        ; Off                        ;
; Timing-Driven Synthesis                                                    ; On                         ; On                         ;
; Report Parameter Settings                                                  ; On                         ; On                         ;
; Report Source Assignments                                                  ; On                         ; On                         ;
; Report Connectivity Checks                                                 ; On                         ; On                         ;
; Ignore Maximum Fan-Out Assignments                                         ; Off                        ; Off                        ;
; Synchronization Register Chain Length                                      ; 2                          ; 2                          ;
; PowerPlay Power Optimization                                               ; Normal compilation         ; Normal compilation         ;
; HDL message level                                                          ; Level2                     ; Level2                     ;
; Suppress Register Optimization Related Messages                            ; Off                        ; Off                        ;
; Number of Removed Registers Reported in Synthesis Report                   ; 5000                       ; 5000                       ;
; Number of Swept Nodes Reported in Synthesis Report                         ; 5000                       ; 5000                       ;
; Number of Inverted Registers Reported in Synthesis Report                  ; 100                        ; 100                        ;
; Clock MUX Protection                                                       ; On                         ; On                         ;
; Auto Gated Clock Conversion                                                ; Off                        ; Off                        ;
; Block Design Naming                                                        ; Auto                       ; Auto                       ;
; SDC constraint protection                                                  ; Off                        ; Off                        ;
; Synthesis Effort                                                           ; Auto                       ; Auto                       ;
; Shift Register Replacement - Allow Asynchronous Clear Signal               ; On                         ; On                         ;
; Pre-Mapping Resynthesis Optimization                                       ; Off                        ; Off                        ;
; Analysis & Synthesis Message Level                                         ; Medium                     ; Medium                     ;
; Disable Register Merging Across Hierarchies                                ; Auto                       ; Auto                       ;
; Resource Aware Inference For Block RAM                                     ; On                         ; On                         ;
; Synthesis Seed                                                             ; 1                          ; 1                          ;
+----------------------------------------------------------------------------+----------------------------+----------------------------+


+------------------------------------------+
; Parallel Compilation                     ;
+----------------------------+-------------+
; Processors                 ; Number      ;
+----------------------------+-------------+
; Number detected on machine ; 8           ;
; Maximum allowed            ; 4           ;
;                            ;             ;
; Average used               ; 1.00        ;
; Maximum used               ; 2           ;
;                            ;             ;
; Usage by Processor         ; % Time Used ;
;     Processor 1            ; 100.0%      ;
;     Processor 2            ; < 0.1%      ;
;     Processors 3-8         ;   0.0%      ;
+----------------------------+-------------+


+-----------------------------------------------------------------------------------------------------------------------------------------------------------------------------------------------------------------------------------------------------------------+
; Analysis & Synthesis Source Files Read                                                                                                                                                                                                                          ;
+------------------------------------------------------------------+-----------------+-----------------+------------------------------------------------------------------------------------------------------------------------------------------------+---------+
; File Name with User-Entered Path                                 ; Used in Netlist ; File Type       ; File Name with Absolute Path                                                                                                                   ; Library ;
+------------------------------------------------------------------+-----------------+-----------------+------------------------------------------------------------------------------------------------------------------------------------------------+---------+
; ../Demultiplexador/Demultiplexador.vhd                           ; yes             ; User VHDL File  ; C:/Users/silvadenisaraujo/Desktop/TFG8086/micro-8086-risc/CodigoMicroprocessador/Demultiplexador/Demultiplexador.vhd                           ;         ;
; ../CalculadoraEndereco/CalculadoraEndereco.vhd                   ; yes             ; User VHDL File  ; C:/Users/silvadenisaraujo/Desktop/TFG8086/micro-8086-risc/CodigoMicroprocessador/CalculadoraEndereco/CalculadoraEndereco.vhd                   ;         ;
; ../UnidadeDeControleDeEnderecos/uce_aux.vhd                      ; yes             ; User VHDL File  ; C:/Users/silvadenisaraujo/Desktop/TFG8086/micro-8086-risc/CodigoMicroprocessador/UnidadeDeControleDeEnderecos/uce_aux.vhd                      ;         ;
; ../RegistroSegmento/RegistroSegmento.vhd                         ; yes             ; User VHDL File  ; C:/Users/silvadenisaraujo/Desktop/TFG8086/micro-8086-risc/CodigoMicroprocessador/RegistroSegmento/RegistroSegmento.vhd                         ;         ;
; ../UnidadeDeControleDeEnderecos/UnidadeDeControleDeEnderecos.vhd ; yes             ; User VHDL File  ; C:/Users/silvadenisaraujo/Desktop/TFG8086/micro-8086-risc/CodigoMicroprocessador/UnidadeDeControleDeEnderecos/UnidadeDeControleDeEnderecos.vhd ;         ;
; MicroprocessadorEndMemoria.vhd                                   ; yes             ; User VHDL File  ; C:/Users/silvadenisaraujo/Desktop/TFG8086/micro-8086-risc/CodigoMicroprocessador/MicroprocessadorEndMemoria/MicroprocessadorEndMemoria.vhd     ;         ;
+------------------------------------------------------------------+-----------------+-----------------+------------------------------------------------------------------------------------------------------------------------------------------------+---------+


+---------------------------------------------------------+
; Analysis & Synthesis Resource Usage Summary             ;
+---------------------------------------------+-----------+
; Resource                                    ; Usage     ;
+---------------------------------------------+-----------+
; Estimated Total logic elements              ; 118       ;
;                                             ;           ;
; Total combinational functions               ; 109       ;
; Logic element usage by number of LUT inputs ;           ;
;     -- 4 input functions                    ; 0         ;
;     -- 3 input functions                    ; 68        ;
;     -- <=2 input functions                  ; 41        ;
;                                             ;           ;
; Logic elements by mode                      ;           ;
;     -- normal mode                          ; 79        ;
;     -- arithmetic mode                      ; 30        ;
;                                             ;           ;
; Total registers                             ; 96        ;
;     -- Dedicated logic registers            ; 96        ;
;     -- I/O registers                        ; 0         ;
;                                             ;           ;
; I/O pins                                    ; 22        ;
; Embedded Multiplier 9-bit elements          ; 0         ;
; Maximum fan-out node                        ; clk~input ;
; Maximum fan-out                             ; 96        ;
; Total fan-out                               ; 629       ;
; Average fan-out                             ; 2.53      ;
+---------------------------------------------+-----------+


+---------------------------------------------------------------------------------------------------------------------------------------------------------------------------------------------------------------------------------+
; Analysis & Synthesis Resource Utilization by Entity                                                                                                                                                                             ;
+---------------------------------------+-------------------+--------------+-------------+--------------+---------+-----------+------+--------------+--------------------------------------------------------------+--------------+
; Compilation Hierarchy Node            ; LC Combinationals ; LC Registers ; Memory Bits ; DSP Elements ; DSP 9x9 ; DSP 18x18 ; Pins ; Virtual Pins ; Full Hierarchy Name                                          ; Library Name ;
+---------------------------------------+-------------------+--------------+-------------+--------------+---------+-----------+------+--------------+--------------------------------------------------------------+--------------+
; |MicroprocessadorEndMemoria           ; 109 (0)           ; 96 (0)       ; 0           ; 0            ; 0       ; 0         ; 22   ; 0            ; |MicroprocessadorEndMemoria                                  ; work         ;
;    |CalculadoraEndereco:Calc|         ; 36 (36)           ; 52 (52)      ; 0           ; 0            ; 0       ; 0         ; 0    ; 0            ; |MicroprocessadorEndMemoria|CalculadoraEndereco:Calc         ; work         ;
;    |Demultiplexador:Demux|            ; 32 (32)           ; 0 (0)        ; 0           ; 0            ; 0       ; 0         ; 0    ; 0            ; |MicroprocessadorEndMemoria|Demultiplexador:Demux            ; work         ;
;    |RegistroSegmento:RegS|            ; 33 (33)           ; 32 (32)      ; 0           ; 0            ; 0       ; 0         ; 0    ; 0            ; |MicroprocessadorEndMemoria|RegistroSegmento:RegS            ; work         ;
;    |UnidadeDeControleDeEnderecos:UCE| ; 8 (8)             ; 12 (12)      ; 0           ; 0            ; 0       ; 0         ; 0    ; 0            ; |MicroprocessadorEndMemoria|UnidadeDeControleDeEnderecos:UCE ; work         ;
+---------------------------------------+-------------------+--------------+-------------+--------------+---------+-----------+------+--------------+--------------------------------------------------------------+--------------+
Note: For table entries with two numbers listed, the numbers in parentheses indicate the number of resources of the given type used by the specific entity alone. The numbers listed outside of parentheses indicate the total resources of the given type used by the specific entity and all of its sub-entities in the hierarchy.


Encoding Type:  One-Hot
+----------------------------------------------------------------------------------------------------------------------------------------------------------------------------------+
; State Machine - |MicroprocessadorEndMemoria|UnidadeDeControleDeEnderecos:UCE|Estado                                                                                              ;
+---------------------------------+-----------------------+---------------------------------+------------------------+-------------------+-------------------------+---------------+
; Name                            ; Estado.TerminaCalculo ; Estado.ColocaEndBarramentoIncIP ; Estado.CalculoEndereco ; Estado.HabilitaIP ; Estado.HabilitaSegmento ; Estado.Espera ;
+---------------------------------+-----------------------+---------------------------------+------------------------+-------------------+-------------------------+---------------+
; Estado.Espera                   ; 0                     ; 0                               ; 0                      ; 0                 ; 0                       ; 0             ;
; Estado.HabilitaSegmento         ; 0                     ; 0                               ; 0                      ; 0                 ; 1                       ; 1             ;
; Estado.HabilitaIP               ; 0                     ; 0                               ; 0                      ; 1                 ; 0                       ; 1             ;
; Estado.CalculoEndereco          ; 0                     ; 0                               ; 1                      ; 0                 ; 0                       ; 1             ;
; Estado.ColocaEndBarramentoIncIP ; 0                     ; 1                               ; 0                      ; 0                 ; 0                       ; 1             ;
; Estado.TerminaCalculo           ; 1                     ; 0                               ; 0                      ; 0                 ; 0                       ; 1             ;
+---------------------------------+-----------------------+---------------------------------+------------------------+-------------------+-------------------------+---------------+


+------------------------------------------------------------------------------------------------------------------------------------+
; User-Specified and Inferred Latches                                                                                                ;
+-----------------------------------------------------+-----------------------------------------------------+------------------------+
; Latch Name                                          ; Latch Enable Signal                                 ; Free of Timing Hazards ;
+-----------------------------------------------------+-----------------------------------------------------+------------------------+
; CalculadoraEndereco:Calc|resultado[0]               ; UnidadeDeControleDeEnderecos:UCE|habSaidaEnd        ; yes                    ;
; CalculadoraEndereco:Calc|resultado[1]               ; UnidadeDeControleDeEnderecos:UCE|habSaidaEnd        ; yes                    ;
; CalculadoraEndereco:Calc|resultado[2]               ; UnidadeDeControleDeEnderecos:UCE|habSaidaEnd        ; yes                    ;
; CalculadoraEndereco:Calc|resultado[3]               ; UnidadeDeControleDeEnderecos:UCE|habSaidaEnd        ; yes                    ;
; CalculadoraEndereco:Calc|resultado[4]               ; UnidadeDeControleDeEnderecos:UCE|habSaidaEnd        ; yes                    ;
; CalculadoraEndereco:Calc|resultado[5]               ; UnidadeDeControleDeEnderecos:UCE|habSaidaEnd        ; yes                    ;
; CalculadoraEndereco:Calc|resultado[6]               ; UnidadeDeControleDeEnderecos:UCE|habSaidaEnd        ; yes                    ;
; CalculadoraEndereco:Calc|resultado[7]               ; UnidadeDeControleDeEnderecos:UCE|habSaidaEnd        ; yes                    ;
; CalculadoraEndereco:Calc|resultado[8]               ; UnidadeDeControleDeEnderecos:UCE|habSaidaEnd        ; yes                    ;
; CalculadoraEndereco:Calc|resultado[9]               ; UnidadeDeControleDeEnderecos:UCE|habSaidaEnd        ; yes                    ;
; CalculadoraEndereco:Calc|resultado[10]              ; UnidadeDeControleDeEnderecos:UCE|habSaidaEnd        ; yes                    ;
; CalculadoraEndereco:Calc|resultado[11]              ; UnidadeDeControleDeEnderecos:UCE|habSaidaEnd        ; yes                    ;
; CalculadoraEndereco:Calc|resultado[12]              ; UnidadeDeControleDeEnderecos:UCE|habSaidaEnd        ; yes                    ;
; CalculadoraEndereco:Calc|resultado[13]              ; UnidadeDeControleDeEnderecos:UCE|habSaidaEnd        ; yes                    ;
; CalculadoraEndereco:Calc|resultado[14]              ; UnidadeDeControleDeEnderecos:UCE|habSaidaEnd        ; yes                    ;
; CalculadoraEndereco:Calc|resultado[15]              ; UnidadeDeControleDeEnderecos:UCE|habSaidaEnd        ; yes                    ;
; CalculadoraEndereco:Calc|resultado[16]              ; UnidadeDeControleDeEnderecos:UCE|habSaidaEnd        ; yes                    ;
; CalculadoraEndereco:Calc|resultado[17]              ; UnidadeDeControleDeEnderecos:UCE|habSaidaEnd        ; yes                    ;
; CalculadoraEndereco:Calc|resultado[18]              ; UnidadeDeControleDeEnderecos:UCE|habSaidaEnd        ; yes                    ;
; CalculadoraEndereco:Calc|resultado[19]              ; UnidadeDeControleDeEnderecos:UCE|habSaidaEnd        ; yes                    ;
; Demultiplexador:Demux|saida_02[0]                   ; UnidadeDeControleDeEnderecos:UCE|ctrlRegSeg[0]~reg0 ; yes                    ;
; Demultiplexador:Demux|saida_02[1]                   ; UnidadeDeControleDeEnderecos:UCE|ctrlRegSeg[0]~reg0 ; yes                    ;
; Demultiplexador:Demux|saida_02[2]                   ; UnidadeDeControleDeEnderecos:UCE|ctrlRegSeg[0]~reg0 ; yes                    ;
; Demultiplexador:Demux|saida_02[3]                   ; UnidadeDeControleDeEnderecos:UCE|ctrlRegSeg[0]~reg0 ; yes                    ;
; Demultiplexador:Demux|saida_02[4]                   ; UnidadeDeControleDeEnderecos:UCE|ctrlRegSeg[0]~reg0 ; yes                    ;
; Demultiplexador:Demux|saida_01[0]                   ; UnidadeDeControleDeEnderecos:UCE|ctrlRegSeg[0]~reg0 ; yes                    ;
; Demultiplexador:Demux|saida_02[5]                   ; UnidadeDeControleDeEnderecos:UCE|ctrlRegSeg[0]~reg0 ; yes                    ;
; Demultiplexador:Demux|saida_01[1]                   ; UnidadeDeControleDeEnderecos:UCE|ctrlRegSeg[0]~reg0 ; yes                    ;
; Demultiplexador:Demux|saida_02[6]                   ; UnidadeDeControleDeEnderecos:UCE|ctrlRegSeg[0]~reg0 ; yes                    ;
; Demultiplexador:Demux|saida_01[2]                   ; UnidadeDeControleDeEnderecos:UCE|ctrlRegSeg[0]~reg0 ; yes                    ;
; Demultiplexador:Demux|saida_02[7]                   ; UnidadeDeControleDeEnderecos:UCE|ctrlRegSeg[0]~reg0 ; yes                    ;
; Demultiplexador:Demux|saida_01[3]                   ; UnidadeDeControleDeEnderecos:UCE|ctrlRegSeg[0]~reg0 ; yes                    ;
; Demultiplexador:Demux|saida_02[8]                   ; UnidadeDeControleDeEnderecos:UCE|ctrlRegSeg[0]~reg0 ; yes                    ;
; Demultiplexador:Demux|saida_01[4]                   ; UnidadeDeControleDeEnderecos:UCE|ctrlRegSeg[0]~reg0 ; yes                    ;
; Demultiplexador:Demux|saida_02[9]                   ; UnidadeDeControleDeEnderecos:UCE|ctrlRegSeg[0]~reg0 ; yes                    ;
; Demultiplexador:Demux|saida_01[5]                   ; UnidadeDeControleDeEnderecos:UCE|ctrlRegSeg[0]~reg0 ; yes                    ;
; Demultiplexador:Demux|saida_02[10]                  ; UnidadeDeControleDeEnderecos:UCE|ctrlRegSeg[0]~reg0 ; yes                    ;
; Demultiplexador:Demux|saida_01[6]                   ; UnidadeDeControleDeEnderecos:UCE|ctrlRegSeg[0]~reg0 ; yes                    ;
; Demultiplexador:Demux|saida_02[11]                  ; UnidadeDeControleDeEnderecos:UCE|ctrlRegSeg[0]~reg0 ; yes                    ;
; Demultiplexador:Demux|saida_01[7]                   ; UnidadeDeControleDeEnderecos:UCE|ctrlRegSeg[0]~reg0 ; yes                    ;
; Demultiplexador:Demux|saida_02[12]                  ; UnidadeDeControleDeEnderecos:UCE|ctrlRegSeg[0]~reg0 ; yes                    ;
; Demultiplexador:Demux|saida_01[8]                   ; UnidadeDeControleDeEnderecos:UCE|ctrlRegSeg[0]~reg0 ; yes                    ;
; Demultiplexador:Demux|saida_02[13]                  ; UnidadeDeControleDeEnderecos:UCE|ctrlRegSeg[0]~reg0 ; yes                    ;
; Demultiplexador:Demux|saida_01[9]                   ; UnidadeDeControleDeEnderecos:UCE|ctrlRegSeg[0]~reg0 ; yes                    ;
; Demultiplexador:Demux|saida_02[14]                  ; UnidadeDeControleDeEnderecos:UCE|ctrlRegSeg[0]~reg0 ; yes                    ;
; Demultiplexador:Demux|saida_01[10]                  ; UnidadeDeControleDeEnderecos:UCE|ctrlRegSeg[0]~reg0 ; yes                    ;
; Demultiplexador:Demux|saida_02[15]                  ; UnidadeDeControleDeEnderecos:UCE|ctrlRegSeg[0]~reg0 ; yes                    ;
; Demultiplexador:Demux|saida_01[11]                  ; UnidadeDeControleDeEnderecos:UCE|ctrlRegSeg[0]~reg0 ; yes                    ;
; Demultiplexador:Demux|saida_01[12]                  ; UnidadeDeControleDeEnderecos:UCE|ctrlRegSeg[0]~reg0 ; yes                    ;
; Demultiplexador:Demux|saida_01[13]                  ; UnidadeDeControleDeEnderecos:UCE|ctrlRegSeg[0]~reg0 ; yes                    ;
; Demultiplexador:Demux|saida_01[14]                  ; UnidadeDeControleDeEnderecos:UCE|ctrlRegSeg[0]~reg0 ; yes                    ;
; Demultiplexador:Demux|saida_01[15]                  ; UnidadeDeControleDeEnderecos:UCE|ctrlRegSeg[0]~reg0 ; yes                    ;
; Number of user-specified and inferred latches = 52  ;                                                     ;                        ;
+-----------------------------------------------------+-----------------------------------------------------+------------------------+
Note: All latches listed above may not be present at the end of synthesis due to various synthesis optimizations.


+-----------------------------------------------------------------------------------------------------------------------+
; Registers Removed During Synthesis                                                                                    ;
+-----------------------------------------------------+-----------------------------------------------------------------+
; Register name                                       ; Reason for Removal                                              ;
+-----------------------------------------------------+-----------------------------------------------------------------+
; CalculadoraEndereco:Calc|regS[0..3]                 ; Stuck at GND due to stuck port data_in                          ;
; CalculadoraEndereco:Calc|regI[16..19]               ; Stuck at GND due to stuck port data_in                          ;
; UnidadeDeControleDeEnderecos:UCE|leRegSeg~reg0      ; Stuck at VCC due to stuck port data_in                          ;
; UnidadeDeControleDeEnderecos:UCE|ctrlRegSeg[1]~reg0 ; Stuck at GND due to stuck port data_in                          ;
; RegistroSegmento:RegS|saidaDados[0]~en              ; Lost fanout                                                     ;
; RegistroSegmento:RegS|saidaDados[1]~en              ; Lost fanout                                                     ;
; RegistroSegmento:RegS|saidaDados[2]~en              ; Lost fanout                                                     ;
; RegistroSegmento:RegS|saidaDados[3]~en              ; Lost fanout                                                     ;
; RegistroSegmento:RegS|saidaDados[4]~en              ; Lost fanout                                                     ;
; RegistroSegmento:RegS|saidaDados[5]~en              ; Lost fanout                                                     ;
; RegistroSegmento:RegS|saidaDados[6]~en              ; Lost fanout                                                     ;
; RegistroSegmento:RegS|saidaDados[7]~en              ; Lost fanout                                                     ;
; RegistroSegmento:RegS|saidaDados[8]~en              ; Lost fanout                                                     ;
; RegistroSegmento:RegS|saidaDados[9]~en              ; Lost fanout                                                     ;
; RegistroSegmento:RegS|saidaDados[10]~en             ; Lost fanout                                                     ;
; RegistroSegmento:RegS|saidaDados[11]~en             ; Lost fanout                                                     ;
; RegistroSegmento:RegS|saidaDados[12]~en             ; Lost fanout                                                     ;
; RegistroSegmento:RegS|saidaDados[13]~en             ; Lost fanout                                                     ;
; RegistroSegmento:RegS|saidaDados[14]~en             ; Lost fanout                                                     ;
; RegistroSegmento:RegS|saidaDados[15]~en             ; Lost fanout                                                     ;
; RegistroSegmento:RegS|IP[0]~en                      ; Lost fanout                                                     ;
; RegistroSegmento:RegS|IP[1]~en                      ; Lost fanout                                                     ;
; RegistroSegmento:RegS|IP[2]~en                      ; Lost fanout                                                     ;
; RegistroSegmento:RegS|IP[3]~en                      ; Lost fanout                                                     ;
; RegistroSegmento:RegS|IP[4]~en                      ; Lost fanout                                                     ;
; RegistroSegmento:RegS|IP[5]~en                      ; Lost fanout                                                     ;
; RegistroSegmento:RegS|IP[6]~en                      ; Lost fanout                                                     ;
; RegistroSegmento:RegS|IP[7]~en                      ; Lost fanout                                                     ;
; RegistroSegmento:RegS|IP[8]~en                      ; Lost fanout                                                     ;
; RegistroSegmento:RegS|IP[9]~en                      ; Lost fanout                                                     ;
; RegistroSegmento:RegS|IP[10]~en                     ; Lost fanout                                                     ;
; RegistroSegmento:RegS|IP[11]~en                     ; Lost fanout                                                     ;
; RegistroSegmento:RegS|IP[12]~en                     ; Lost fanout                                                     ;
; RegistroSegmento:RegS|IP[13]~en                     ; Lost fanout                                                     ;
; RegistroSegmento:RegS|IP[14]~en                     ; Lost fanout                                                     ;
; RegistroSegmento:RegS|IP[15]~en                     ; Lost fanout                                                     ;
; RegistroSegmento:RegS|DS[0]                         ; Lost fanout                                                     ;
; RegistroSegmento:RegS|DS[0]~en                      ; Lost fanout                                                     ;
; RegistroSegmento:RegS|DS[1]                         ; Lost fanout                                                     ;
; RegistroSegmento:RegS|DS[1]~en                      ; Lost fanout                                                     ;
; RegistroSegmento:RegS|DS[2]                         ; Lost fanout                                                     ;
; RegistroSegmento:RegS|DS[2]~en                      ; Lost fanout                                                     ;
; RegistroSegmento:RegS|DS[3]                         ; Lost fanout                                                     ;
; RegistroSegmento:RegS|DS[3]~en                      ; Lost fanout                                                     ;
; RegistroSegmento:RegS|DS[4]                         ; Lost fanout                                                     ;
; RegistroSegmento:RegS|DS[4]~en                      ; Lost fanout                                                     ;
; RegistroSegmento:RegS|DS[5]                         ; Lost fanout                                                     ;
; RegistroSegmento:RegS|DS[5]~en                      ; Lost fanout                                                     ;
; RegistroSegmento:RegS|DS[6]                         ; Lost fanout                                                     ;
; RegistroSegmento:RegS|DS[6]~en                      ; Lost fanout                                                     ;
; RegistroSegmento:RegS|DS[7]                         ; Lost fanout                                                     ;
; RegistroSegmento:RegS|DS[7]~en                      ; Lost fanout                                                     ;
; RegistroSegmento:RegS|DS[8]                         ; Lost fanout                                                     ;
; RegistroSegmento:RegS|DS[8]~en                      ; Lost fanout                                                     ;
; RegistroSegmento:RegS|DS[9]                         ; Lost fanout                                                     ;
; RegistroSegmento:RegS|DS[9]~en                      ; Lost fanout                                                     ;
; RegistroSegmento:RegS|DS[10]                        ; Lost fanout                                                     ;
; RegistroSegmento:RegS|DS[10]~en                     ; Lost fanout                                                     ;
; RegistroSegmento:RegS|DS[11]                        ; Lost fanout                                                     ;
; RegistroSegmento:RegS|DS[11]~en                     ; Lost fanout                                                     ;
; RegistroSegmento:RegS|DS[12]                        ; Lost fanout                                                     ;
; RegistroSegmento:RegS|DS[12]~en                     ; Lost fanout                                                     ;
; RegistroSegmento:RegS|DS[13]                        ; Lost fanout                                                     ;
; RegistroSegmento:RegS|DS[13]~en                     ; Lost fanout                                                     ;
; RegistroSegmento:RegS|DS[14]                        ; Lost fanout                                                     ;
; RegistroSegmento:RegS|DS[14]~en                     ; Lost fanout                                                     ;
; RegistroSegmento:RegS|DS[15]                        ; Lost fanout                                                     ;
; RegistroSegmento:RegS|DS[15]~en                     ; Lost fanout                                                     ;
; RegistroSegmento:RegS|SS[0]                         ; Lost fanout                                                     ;
; RegistroSegmento:RegS|SS[0]~en                      ; Lost fanout                                                     ;
; RegistroSegmento:RegS|SS[1]                         ; Lost fanout                                                     ;
; RegistroSegmento:RegS|SS[1]~en                      ; Lost fanout                                                     ;
; RegistroSegmento:RegS|SS[2]                         ; Lost fanout                                                     ;
; RegistroSegmento:RegS|SS[2]~en                      ; Lost fanout                                                     ;
; RegistroSegmento:RegS|SS[3]                         ; Lost fanout                                                     ;
; RegistroSegmento:RegS|SS[3]~en                      ; Lost fanout                                                     ;
; RegistroSegmento:RegS|SS[4]                         ; Lost fanout                                                     ;
; RegistroSegmento:RegS|SS[4]~en                      ; Lost fanout                                                     ;
; RegistroSegmento:RegS|SS[5]                         ; Lost fanout                                                     ;
; RegistroSegmento:RegS|SS[5]~en                      ; Lost fanout                                                     ;
; RegistroSegmento:RegS|SS[6]                         ; Lost fanout                                                     ;
; RegistroSegmento:RegS|SS[6]~en                      ; Lost fanout                                                     ;
; RegistroSegmento:RegS|SS[7]                         ; Lost fanout                                                     ;
; RegistroSegmento:RegS|SS[7]~en                      ; Lost fanout                                                     ;
; RegistroSegmento:RegS|SS[8]                         ; Lost fanout                                                     ;
; RegistroSegmento:RegS|SS[8]~en                      ; Lost fanout                                                     ;
; RegistroSegmento:RegS|SS[9]                         ; Lost fanout                                                     ;
; RegistroSegmento:RegS|SS[9]~en                      ; Lost fanout                                                     ;
; RegistroSegmento:RegS|SS[10]                        ; Lost fanout                                                     ;
; RegistroSegmento:RegS|SS[10]~en                     ; Lost fanout                                                     ;
; RegistroSegmento:RegS|SS[11]                        ; Lost fanout                                                     ;
; RegistroSegmento:RegS|SS[11]~en                     ; Lost fanout                                                     ;
; RegistroSegmento:RegS|SS[12]                        ; Lost fanout                                                     ;
; RegistroSegmento:RegS|SS[12]~en                     ; Lost fanout                                                     ;
; RegistroSegmento:RegS|SS[13]                        ; Lost fanout                                                     ;
; RegistroSegmento:RegS|SS[13]~en                     ; Lost fanout                                                     ;
; RegistroSegmento:RegS|SS[14]                        ; Lost fanout                                                     ;
; RegistroSegmento:RegS|SS[14]~en                     ; Lost fanout                                                     ;
; RegistroSegmento:RegS|SS[15]                        ; Lost fanout                                                     ;
; RegistroSegmento:RegS|SS[15]~en                     ; Lost fanout                                                     ;
; RegistroSegmento:RegS|CS[0]~en                      ; Lost fanout                                                     ;
; RegistroSegmento:RegS|CS[1]~en                      ; Lost fanout                                                     ;
; RegistroSegmento:RegS|CS[2]~en                      ; Lost fanout                                                     ;
; RegistroSegmento:RegS|CS[3]~en                      ; Lost fanout                                                     ;
; RegistroSegmento:RegS|CS[4]~en                      ; Lost fanout                                                     ;
; RegistroSegmento:RegS|CS[5]~en                      ; Lost fanout                                                     ;
; RegistroSegmento:RegS|CS[6]~en                      ; Lost fanout                                                     ;
; RegistroSegmento:RegS|CS[7]~en                      ; Lost fanout                                                     ;
; RegistroSegmento:RegS|CS[8]~en                      ; Lost fanout                                                     ;
; RegistroSegmento:RegS|CS[9]~en                      ; Lost fanout                                                     ;
; RegistroSegmento:RegS|CS[10]~en                     ; Lost fanout                                                     ;
; RegistroSegmento:RegS|CS[11]~en                     ; Lost fanout                                                     ;
; RegistroSegmento:RegS|CS[12]~en                     ; Lost fanout                                                     ;
; RegistroSegmento:RegS|CS[13]~en                     ; Lost fanout                                                     ;
; RegistroSegmento:RegS|CS[14]~en                     ; Lost fanout                                                     ;
; RegistroSegmento:RegS|CS[15]~en                     ; Lost fanout                                                     ;
; RegistroSegmento:RegS|ES[0]~en                      ; Lost fanout                                                     ;
; RegistroSegmento:RegS|ES[1]~en                      ; Lost fanout                                                     ;
; RegistroSegmento:RegS|ES[2]~en                      ; Lost fanout                                                     ;
; RegistroSegmento:RegS|ES[3]~en                      ; Lost fanout                                                     ;
; RegistroSegmento:RegS|ES[4]~en                      ; Lost fanout                                                     ;
; RegistroSegmento:RegS|ES[5]~en                      ; Lost fanout                                                     ;
; RegistroSegmento:RegS|ES[6]~en                      ; Lost fanout                                                     ;
; RegistroSegmento:RegS|ES[7]~en                      ; Lost fanout                                                     ;
; RegistroSegmento:RegS|ES[8]~en                      ; Lost fanout                                                     ;
; RegistroSegmento:RegS|ES[9]~en                      ; Lost fanout                                                     ;
; RegistroSegmento:RegS|ES[10]~en                     ; Lost fanout                                                     ;
; RegistroSegmento:RegS|ES[11]~en                     ; Lost fanout                                                     ;
; RegistroSegmento:RegS|ES[12]~en                     ; Lost fanout                                                     ;
; RegistroSegmento:RegS|ES[13]~en                     ; Lost fanout                                                     ;
; RegistroSegmento:RegS|ES[14]~en                     ; Lost fanout                                                     ;
; RegistroSegmento:RegS|ES[15]~en                     ; Lost fanout                                                     ;
; UnidadeDeControleDeEnderecos:UCE|selecSeg~en        ; Lost fanout                                                     ;
; UnidadeDeControleDeEnderecos:UCE|incIP~en           ; Lost fanout                                                     ;
; UnidadeDeControleDeEnderecos:UCE|ctrlRegSeg[0]~en   ; Lost fanout                                                     ;
; UnidadeDeControleDeEnderecos:UCE|ctrlRegSeg[1]~en   ; Lost fanout                                                     ;
; UnidadeDeControleDeEnderecos:UCE|ctrlRegSeg[2]~en   ; Lost fanout                                                     ;
; UnidadeDeControleDeEnderecos:UCE|leRegSeg~en        ; Lost fanout                                                     ;
; UnidadeDeControleDeEnderecos:UCE|habilitaCalc~en    ; Lost fanout                                                     ;
; RegistroSegmento:RegS|ES[0..15]                     ; Stuck at GND due to stuck port clock_enable                     ;
; RegistroSegmento:RegS|CS[0..15]                     ; Stuck at GND due to stuck port clock_enable                     ;
; UnidadeDeControleDeEnderecos:UCE|selecSeg~reg0      ; Merged with UnidadeDeControleDeEnderecos:UCE|ctrlRegSeg[0]~reg0 ;
; Total Number of Removed Registers = 178             ;                                                                 ;
+-----------------------------------------------------+-----------------------------------------------------------------+


+---------------------------------------------------------------------------------------------------------------------------------------------------------------+
; Removed Registers Triggering Further Register Optimizations                                                                                                   ;
+-----------------------------------------------------+---------------------------+-----------------------------------------------------------------------------+
; Register name                                       ; Reason for Removal        ; Registers Removed due to This Register                                      ;
+-----------------------------------------------------+---------------------------+-----------------------------------------------------------------------------+
; UnidadeDeControleDeEnderecos:UCE|leRegSeg~reg0      ; Stuck at VCC              ; UnidadeDeControleDeEnderecos:UCE|incIP~en,                                  ;
;                                                     ; due to stuck port data_in ; UnidadeDeControleDeEnderecos:UCE|leRegSeg~en, RegistroSegmento:RegS|ES[15], ;
;                                                     ;                           ; RegistroSegmento:RegS|ES[14], RegistroSegmento:RegS|ES[13],                 ;
;                                                     ;                           ; RegistroSegmento:RegS|ES[12], RegistroSegmento:RegS|ES[11],                 ;
;                                                     ;                           ; RegistroSegmento:RegS|ES[10], RegistroSegmento:RegS|ES[9],                  ;
;                                                     ;                           ; RegistroSegmento:RegS|ES[8], RegistroSegmento:RegS|ES[7],                   ;
;                                                     ;                           ; RegistroSegmento:RegS|ES[6], RegistroSegmento:RegS|ES[5],                   ;
;                                                     ;                           ; RegistroSegmento:RegS|ES[4], RegistroSegmento:RegS|ES[3],                   ;
;                                                     ;                           ; RegistroSegmento:RegS|ES[2], RegistroSegmento:RegS|ES[1],                   ;
;                                                     ;                           ; RegistroSegmento:RegS|ES[0], RegistroSegmento:RegS|CS[15],                  ;
;                                                     ;                           ; RegistroSegmento:RegS|CS[14], RegistroSegmento:RegS|CS[13],                 ;
;                                                     ;                           ; RegistroSegmento:RegS|CS[12], RegistroSegmento:RegS|CS[11],                 ;
;                                                     ;                           ; RegistroSegmento:RegS|CS[10], RegistroSegmento:RegS|CS[9],                  ;
;                                                     ;                           ; RegistroSegmento:RegS|CS[8], RegistroSegmento:RegS|CS[7],                   ;
;                                                     ;                           ; RegistroSegmento:RegS|CS[6], RegistroSegmento:RegS|CS[5],                   ;
;                                                     ;                           ; RegistroSegmento:RegS|CS[4], RegistroSegmento:RegS|CS[3],                   ;
;                                                     ;                           ; RegistroSegmento:RegS|CS[2], RegistroSegmento:RegS|CS[1],                   ;
;                                                     ;                           ; RegistroSegmento:RegS|CS[0]                                                 ;
; UnidadeDeControleDeEnderecos:UCE|ctrlRegSeg[1]~reg0 ; Stuck at GND              ; UnidadeDeControleDeEnderecos:UCE|ctrlRegSeg[0]~en,                          ;
;                                                     ; due to stuck port data_in ; UnidadeDeControleDeEnderecos:UCE|ctrlRegSeg[1]~en,                          ;
;                                                     ;                           ; UnidadeDeControleDeEnderecos:UCE|ctrlRegSeg[2]~en                           ;
; CalculadoraEndereco:Calc|regS[0]                    ; Stuck at GND              ; UnidadeDeControleDeEnderecos:UCE|habilitaCalc~en                            ;
;                                                     ; due to stuck port data_in ;                                                                             ;
+-----------------------------------------------------+---------------------------+-----------------------------------------------------------------------------+


+------------------------------------------------------+
; General Register Statistics                          ;
+----------------------------------------------+-------+
; Statistic                                    ; Value ;
+----------------------------------------------+-------+
; Total registers                              ; 96    ;
; Number of registers using Synchronous Clear  ; 0     ;
; Number of registers using Synchronous Load   ; 0     ;
; Number of registers using Asynchronous Clear ; 28    ;
; Number of registers using Asynchronous Load  ; 0     ;
; Number of registers using Clock Enable       ; 86    ;
; Number of registers using Preset             ; 0     ;
+----------------------------------------------+-------+


+------------------------------------------------------+
; Inverted Register Statistics                         ;
+--------------------------------------------+---------+
; Inverted Register                          ; Fan out ;
+--------------------------------------------+---------+
; UnidadeDeControleDeEnderecos:UCE|habRegSeg ; 18      ;
; Total number of inverted registers = 1     ;         ;
+--------------------------------------------+---------+


+------------------------------------------------------------------------------------------------------------------------------------------------------------------------------------+
; Multiplexer Restructuring Statistics (Restructuring Performed)                                                                                                                     ;
+--------------------+-----------+---------------+----------------------+------------------------+------------+----------------------------------------------------------------------+
; Multiplexer Inputs ; Bus Width ; Baseline Area ; Area if Restructured ; Saving if Restructured ; Registered ; Example Multiplexer Output                                           ;
+--------------------+-----------+---------------+----------------------+------------------------+------------+----------------------------------------------------------------------+
; 3:1                ; 16 bits   ; 32 LEs        ; 16 LEs               ; 16 LEs                 ; Yes        ; |MicroprocessadorEndMemoria|RegistroSegmento:RegS|saidaDados[0]~reg0 ;
+--------------------+-----------+---------------+----------------------+------------------------+------------+----------------------------------------------------------------------+


+---------------------------------------------------+
; Port Connectivity Checks: "RegistroSegmento:RegS" ;
+--------------+-------+----------+-----------------+
; Port         ; Type  ; Severity ; Details         ;
+--------------+-------+----------+-----------------+
; entradadados ; Input ; Info     ; Stuck at GND    ;
+--------------+-------+----------+-----------------+


+-----------------------------------------------------------------------------------------------------------------------+
; Port Connectivity Checks: "UnidadeDeControleDeEnderecos:UCE"                                                          ;
+-------------+--------+----------+-------------------------------------------------------------------------------------+
; Port        ; Type   ; Severity ; Details                                                                             ;
+-------------+--------+----------+-------------------------------------------------------------------------------------+
; habilita    ; Input  ; Info     ; Stuck at VCC                                                                        ;
; habmemoria  ; Output ; Info     ; Connected to dangling logic. Logic that only feeds a dangling port will be removed. ;
; habunidctrl ; Output ; Info     ; Connected to dangling logic. Logic that only feeds a dangling port will be removed. ;
+-------------+--------+----------+-------------------------------------------------------------------------------------+


+-------------------------------+
; Elapsed Time Per Partition    ;
+----------------+--------------+
; Partition Name ; Elapsed Time ;
+----------------+--------------+
; Top            ; 00:00:01     ;
+----------------+--------------+


+-------------------------------+
; Analysis & Synthesis Messages ;
+-------------------------------+
Info: *******************************************************************
Info: Running Quartus II 64-Bit Analysis & Synthesis
    Info: Version 13.1.0 Build 162 10/23/2013 SJ Web Edition
    Info: Processing started: Fri Apr 18 12:34:46 2014
Info: Command: quartus_map --read_settings_files=on --write_settings_files=off MicroprocessadorEndMemoria -c MicroprocessadorEndMemoria
Info (11104): Parallel Compilation has detected 8 hyper-threaded processors. However, the extra hyper-threaded processors will not be used by default. Parallel Compilation will use 4 of the 4 physical processors detected instead.
Info (12021): Found 2 design units, including 1 entities, in source file /users/silvadenisaraujo/desktop/tfg8086/micro-8086-risc/codigomicroprocessador/rom/memoriarom.vhd
    Info (12022): Found design unit 1: memoriaROM-arch
    Info (12023): Found entity 1: memoriaROM
Info (12021): Found 2 design units, including 1 entities, in source file /users/silvadenisaraujo/desktop/tfg8086/micro-8086-risc/codigomicroprocessador/demultiplexador/demultiplexador.vhd
    Info (12022): Found design unit 1: Demultiplexador-ArquiteturaDemux
    Info (12023): Found entity 1: Demultiplexador
Info (12021): Found 2 design units, including 1 entities, in source file /users/silvadenisaraujo/desktop/tfg8086/micro-8086-risc/codigomicroprocessador/calculadoraendereco/calculadoraendereco.vhd
    Info (12022): Found design unit 1: CalculadoraEndereco-rtl
    Info (12023): Found entity 1: CalculadoraEndereco
Info (12021): Found 1 design units, including 0 entities, in source file /users/silvadenisaraujo/desktop/tfg8086/micro-8086-risc/codigomicroprocessador/unidadedecontroledeenderecos/uce_aux.vhd
    Info (12022): Found design unit 1: uce_aux
Info (12021): Found 2 design units, including 1 entities, in source file /users/silvadenisaraujo/desktop/tfg8086/micro-8086-risc/codigomicroprocessador/registrosegmento/registrosegmento.vhd
    Info (12022): Found design unit 1: RegistroSegmento-ArquiteturaRS
    Info (12023): Found entity 1: RegistroSegmento
Info (12021): Found 2 design units, including 1 entities, in source file /users/silvadenisaraujo/desktop/tfg8086/micro-8086-risc/codigomicroprocessador/unidadedecontroledeenderecos/unidadedecontroledeenderecos.vhd
    Info (12022): Found design unit 1: UnidadeDeControleDeEnderecos-Arquitetura
    Info (12023): Found entity 1: UnidadeDeControleDeEnderecos
Info (12021): Found 2 design units, including 1 entities, in source file microprocessadorendmemoria.vhd
    Info (12022): Found design unit 1: MicroprocessadorEndMemoria-ArquiteturaMicro
    Info (12023): Found entity 1: MicroprocessadorEndMemoria
Info (12021): Found 2 design units, including 1 entities, in source file microprocessadorendmemoriatb.vhd
    Info (12022): Found design unit 1: MicroprocessadorEndMemoriaTB-ArquiteturaMicroEndMTB
    Info (12023): Found entity 1: MicroprocessadorEndMemoriaTB
Info (12127): Elaborating entity "MicroprocessadorEndMemoria" for the top level hierarchy
Warning (10036): Verilog HDL or VHDL warning at MicroprocessadorEndMemoria.vhd(30): object "habMemoria" assigned a value but never read
Warning (10036): Verilog HDL or VHDL warning at MicroprocessadorEndMemoria.vhd(31): object "habUnidCtrl" assigned a value but never read
Info (12128): Elaborating entity "UnidadeDeControleDeEnderecos" for hierarchy "UnidadeDeControleDeEnderecos:UCE"
Warning (10631): VHDL Process Statement warning at UnidadeDeControleDeEnderecos.vhd(104): inferring latch(es) for signal or variable "Estado", which holds its previous value in one or more paths through the process
Info (10041): Inferred latch for "Estado.Erro" at UnidadeDeControleDeEnderecos.vhd(104)
Info (12128): Elaborating entity "RegistroSegmento" for hierarchy "RegistroSegmento:RegS"
Warning (10492): VHDL Process Statement warning at RegistroSegmento.vhd(40): signal "habilita" is read inside the Process Statement but isn't in the Process Statement's sensitivity list
Warning (10492): VHDL Process Statement warning at RegistroSegmento.vhd(43): signal "leitura_Escrita" is read inside the Process Statement but isn't in the Process Statement's sensitivity list
Warning (10492): VHDL Process Statement warning at RegistroSegmento.vhd(43): signal "habilita" is read inside the Process Statement but isn't in the Process Statement's sensitivity list
Warning (10492): VHDL Process Statement warning at RegistroSegmento.vhd(63): signal "leitura_Escrita" is read inside the Process Statement but isn't in the Process Statement's sensitivity list
Warning (10492): VHDL Process Statement warning at RegistroSegmento.vhd(63): signal "habilita" is read inside the Process Statement but isn't in the Process Statement's sensitivity list
Info (12128): Elaborating entity "Demultiplexador" for hierarchy "Demultiplexador:Demux"
Warning (10492): VHDL Process Statement warning at Demultiplexador.vhd(25): signal "entrada" is read inside the Process Statement but isn't in the Process Statement's sensitivity list
Warning (10492): VHDL Process Statement warning at Demultiplexador.vhd(27): signal "entrada" is read inside the Process Statement but isn't in the Process Statement's sensitivity list
Warning (10631): VHDL Process Statement warning at Demultiplexador.vhd(22): inferring latch(es) for signal or variable "saida_01", which holds its previous value in one or more paths through the process
Warning (10631): VHDL Process Statement warning at Demultiplexador.vhd(22): inferring latch(es) for signal or variable "saida_02", which holds its previous value in one or more paths through the process
Info (10041): Inferred latch for "saida_02[0]" at Demultiplexador.vhd(22)
Info (10041): Inferred latch for "saida_02[1]" at Demultiplexador.vhd(22)
Info (10041): Inferred latch for "saida_02[2]" at Demultiplexador.vhd(22)
Info (10041): Inferred latch for "saida_02[3]" at Demultiplexador.vhd(22)
Info (10041): Inferred latch for "saida_02[4]" at Demultiplexador.vhd(22)
Info (10041): Inferred latch for "saida_02[5]" at Demultiplexador.vhd(22)
Info (10041): Inferred latch for "saida_02[6]" at Demultiplexador.vhd(22)
Info (10041): Inferred latch for "saida_02[7]" at Demultiplexador.vhd(22)
Info (10041): Inferred latch for "saida_02[8]" at Demultiplexador.vhd(22)
Info (10041): Inferred latch for "saida_02[9]" at Demultiplexador.vhd(22)
Info (10041): Inferred latch for "saida_02[10]" at Demultiplexador.vhd(22)
Info (10041): Inferred latch for "saida_02[11]" at Demultiplexador.vhd(22)
Info (10041): Inferred latch for "saida_02[12]" at Demultiplexador.vhd(22)
Info (10041): Inferred latch for "saida_02[13]" at Demultiplexador.vhd(22)
Info (10041): Inferred latch for "saida_02[14]" at Demultiplexador.vhd(22)
Info (10041): Inferred latch for "saida_02[15]" at Demultiplexador.vhd(22)
Info (10041): Inferred latch for "saida_01[0]" at Demultiplexador.vhd(22)
Info (10041): Inferred latch for "saida_01[1]" at Demultiplexador.vhd(22)
Info (10041): Inferred latch for "saida_01[2]" at Demultiplexador.vhd(22)
Info (10041): Inferred latch for "saida_01[3]" at Demultiplexador.vhd(22)
Info (10041): Inferred latch for "saida_01[4]" at Demultiplexador.vhd(22)
Info (10041): Inferred latch for "saida_01[5]" at Demultiplexador.vhd(22)
Info (10041): Inferred latch for "saida_01[6]" at Demultiplexador.vhd(22)
Info (10041): Inferred latch for "saida_01[7]" at Demultiplexador.vhd(22)
Info (10041): Inferred latch for "saida_01[8]" at Demultiplexador.vhd(22)
Info (10041): Inferred latch for "saida_01[9]" at Demultiplexador.vhd(22)
Info (10041): Inferred latch for "saida_01[10]" at Demultiplexador.vhd(22)
Info (10041): Inferred latch for "saida_01[11]" at Demultiplexador.vhd(22)
Info (10041): Inferred latch for "saida_01[12]" at Demultiplexador.vhd(22)
Info (10041): Inferred latch for "saida_01[13]" at Demultiplexador.vhd(22)
Info (10041): Inferred latch for "saida_01[14]" at Demultiplexador.vhd(22)
Info (10041): Inferred latch for "saida_01[15]" at Demultiplexador.vhd(22)
Info (12128): Elaborating entity "CalculadoraEndereco" for hierarchy "CalculadoraEndereco:Calc"
Warning (10492): VHDL Process Statement warning at CalculadoraEndereco.vhd(35): signal "habilita" is read inside the Process Statement but isn't in the Process Statement's sensitivity list
Info (10041): Inferred latch for "resultado[0]" at CalculadoraEndereco.vhd(42)
Info (10041): Inferred latch for "resultado[1]" at CalculadoraEndereco.vhd(42)
Info (10041): Inferred latch for "resultado[2]" at CalculadoraEndereco.vhd(42)
Info (10041): Inferred latch for "resultado[3]" at CalculadoraEndereco.vhd(42)
Info (10041): Inferred latch for "resultado[4]" at CalculadoraEndereco.vhd(42)
Info (10041): Inferred latch for "resultado[5]" at CalculadoraEndereco.vhd(42)
Info (10041): Inferred latch for "resultado[6]" at CalculadoraEndereco.vhd(42)
Info (10041): Inferred latch for "resultado[7]" at CalculadoraEndereco.vhd(42)
Info (10041): Inferred latch for "resultado[8]" at CalculadoraEndereco.vhd(42)
Info (10041): Inferred latch for "resultado[9]" at CalculadoraEndereco.vhd(42)
Info (10041): Inferred latch for "resultado[10]" at CalculadoraEndereco.vhd(42)
Info (10041): Inferred latch for "resultado[11]" at CalculadoraEndereco.vhd(42)
Info (10041): Inferred latch for "resultado[12]" at CalculadoraEndereco.vhd(42)
Info (10041): Inferred latch for "resultado[13]" at CalculadoraEndereco.vhd(42)
Info (10041): Inferred latch for "resultado[14]" at CalculadoraEndereco.vhd(42)
Info (10041): Inferred latch for "resultado[15]" at CalculadoraEndereco.vhd(42)
Info (10041): Inferred latch for "resultado[16]" at CalculadoraEndereco.vhd(42)
Info (10041): Inferred latch for "resultado[17]" at CalculadoraEndereco.vhd(42)
Info (10041): Inferred latch for "resultado[18]" at CalculadoraEndereco.vhd(42)
Info (10041): Inferred latch for "resultado[19]" at CalculadoraEndereco.vhd(42)
Warning (13046): Tri-state node(s) do not directly drive top-level pin(s)
    Warning (13049): Converted tri-state buffer "RegistroSegmento:RegS|saidaDados[0]" feeding internal logic into a wire
    Warning (13049): Converted tri-state buffer "RegistroSegmento:RegS|saidaDados[1]" feeding internal logic into a wire
    Warning (13049): Converted tri-state buffer "RegistroSegmento:RegS|saidaDados[2]" feeding internal logic into a wire
    Warning (13049): Converted tri-state buffer "RegistroSegmento:RegS|saidaDados[3]" feeding internal logic into a wire
    Warning (13049): Converted tri-state buffer "RegistroSegmento:RegS|saidaDados[4]" feeding internal logic into a wire
    Warning (13049): Converted tri-state buffer "RegistroSegmento:RegS|saidaDados[5]" feeding internal logic into a wire
    Warning (13049): Converted tri-state buffer "RegistroSegmento:RegS|saidaDados[6]" feeding internal logic into a wire
    Warning (13049): Converted tri-state buffer "RegistroSegmento:RegS|saidaDados[7]" feeding internal logic into a wire
    Warning (13049): Converted tri-state buffer "RegistroSegmento:RegS|saidaDados[8]" feeding internal logic into a wire
    Warning (13049): Converted tri-state buffer "RegistroSegmento:RegS|saidaDados[9]" feeding internal logic into a wire
    Warning (13049): Converted tri-state buffer "RegistroSegmento:RegS|saidaDados[10]" feeding internal logic into a wire
    Warning (13049): Converted tri-state buffer "RegistroSegmento:RegS|saidaDados[11]" feeding internal logic into a wire
    Warning (13049): Converted tri-state buffer "RegistroSegmento:RegS|saidaDados[12]" feeding internal logic into a wire
    Warning (13049): Converted tri-state buffer "RegistroSegmento:RegS|saidaDados[13]" feeding internal logic into a wire
    Warning (13049): Converted tri-state buffer "RegistroSegmento:RegS|saidaDados[14]" feeding internal logic into a wire
    Warning (13049): Converted tri-state buffer "RegistroSegmento:RegS|saidaDados[15]" feeding internal logic into a wire
    Warning (13049): Converted tri-state buffer "RegistroSegmento:RegS|IP[0]~0" feeding internal logic into a wire
    Warning (13049): Converted tri-state buffer "RegistroSegmento:RegS|IP[1]~1" feeding internal logic into a wire
    Warning (13049): Converted tri-state buffer "RegistroSegmento:RegS|IP[2]~2" feeding internal logic into a wire
    Warning (13049): Converted tri-state buffer "RegistroSegmento:RegS|IP[3]~3" feeding internal logic into a wire
    Warning (13049): Converted tri-state buffer "RegistroSegmento:RegS|IP[4]~4" feeding internal logic into a wire
    Warning (13049): Converted tri-state buffer "RegistroSegmento:RegS|IP[5]~5" feeding internal logic into a wire
    Warning (13049): Converted tri-state buffer "RegistroSegmento:RegS|IP[6]~6" feeding internal logic into a wire
    Warning (13049): Converted tri-state buffer "RegistroSegmento:RegS|IP[7]~7" feeding internal logic into a wire
    Warning (13049): Converted tri-state buffer "RegistroSegmento:RegS|IP[8]~8" feeding internal logic into a wire
    Warning (13049): Converted tri-state buffer "RegistroSegmento:RegS|IP[9]~9" feeding internal logic into a wire
    Warning (13049): Converted tri-state buffer "RegistroSegmento:RegS|IP[10]~10" feeding internal logic into a wire
    Warning (13049): Converted tri-state buffer "RegistroSegmento:RegS|IP[11]~11" feeding internal logic into a wire
    Warning (13049): Converted tri-state buffer "RegistroSegmento:RegS|IP[12]~12" feeding internal logic into a wire
    Warning (13049): Converted tri-state buffer "RegistroSegmento:RegS|IP[13]~13" feeding internal logic into a wire
    Warning (13049): Converted tri-state buffer "RegistroSegmento:RegS|IP[14]~14" feeding internal logic into a wire
    Warning (13049): Converted tri-state buffer "RegistroSegmento:RegS|IP[15]~15" feeding internal logic into a wire
    Warning (13049): Converted tri-state buffer "RegistroSegmento:RegS|DS[0]~0" feeding internal logic into a wire
    Warning (13049): Converted tri-state buffer "RegistroSegmento:RegS|DS[1]~1" feeding internal logic into a wire
    Warning (13049): Converted tri-state buffer "RegistroSegmento:RegS|DS[2]~2" feeding internal logic into a wire
    Warning (13049): Converted tri-state buffer "RegistroSegmento:RegS|DS[3]~3" feeding internal logic into a wire
    Warning (13049): Converted tri-state buffer "RegistroSegmento:RegS|DS[4]~4" feeding internal logic into a wire
    Warning (13049): Converted tri-state buffer "RegistroSegmento:RegS|DS[5]~5" feeding internal logic into a wire
    Warning (13049): Converted tri-state buffer "RegistroSegmento:RegS|DS[6]~6" feeding internal logic into a wire
    Warning (13049): Converted tri-state buffer "RegistroSegmento:RegS|DS[7]~7" feeding internal logic into a wire
    Warning (13049): Converted tri-state buffer "RegistroSegmento:RegS|DS[8]~8" feeding internal logic into a wire
    Warning (13049): Converted tri-state buffer "RegistroSegmento:RegS|DS[9]~9" feeding internal logic into a wire
    Warning (13049): Converted tri-state buffer "RegistroSegmento:RegS|DS[10]~10" feeding internal logic into a wire
    Warning (13049): Converted tri-state buffer "RegistroSegmento:RegS|DS[11]~11" feeding internal logic into a wire
    Warning (13049): Converted tri-state buffer "RegistroSegmento:RegS|DS[12]~12" feeding internal logic into a wire
    Warning (13049): Converted tri-state buffer "RegistroSegmento:RegS|DS[13]~13" feeding internal logic into a wire
    Warning (13049): Converted tri-state buffer "RegistroSegmento:RegS|DS[14]~14" feeding internal logic into a wire
    Warning (13049): Converted tri-state buffer "RegistroSegmento:RegS|DS[15]~15" feeding internal logic into a wire
    Warning (13049): Converted tri-state buffer "RegistroSegmento:RegS|SS[0]~0" feeding internal logic into a wire
    Warning (13049): Converted tri-state buffer "RegistroSegmento:RegS|SS[1]~1" feeding internal logic into a wire
    Warning (13049): Converted tri-state buffer "RegistroSegmento:RegS|SS[2]~2" feeding internal logic into a wire
    Warning (13049): Converted tri-state buffer "RegistroSegmento:RegS|SS[3]~3" feeding internal logic into a wire
    Warning (13049): Converted tri-state buffer "RegistroSegmento:RegS|SS[4]~4" feeding internal logic into a wire
    Warning (13049): Converted tri-state buffer "RegistroSegmento:RegS|SS[5]~5" feeding internal logic into a wire
    Warning (13049): Converted tri-state buffer "RegistroSegmento:RegS|SS[6]~6" feeding internal logic into a wire
    Warning (13049): Converted tri-state buffer "RegistroSegmento:RegS|SS[7]~7" feeding internal logic into a wire
    Warning (13049): Converted tri-state buffer "RegistroSegmento:RegS|SS[8]~8" feeding internal logic into a wire
    Warning (13049): Converted tri-state buffer "RegistroSegmento:RegS|SS[9]~9" feeding internal logic into a wire
    Warning (13049): Converted tri-state buffer "RegistroSegmento:RegS|SS[10]~10" feeding internal logic into a wire
    Warning (13049): Converted tri-state buffer "RegistroSegmento:RegS|SS[11]~11" feeding internal logic into a wire
    Warning (13049): Converted tri-state buffer "RegistroSegmento:RegS|SS[12]~12" feeding internal logic into a wire
    Warning (13049): Converted tri-state buffer "RegistroSegmento:RegS|SS[13]~13" feeding internal logic into a wire
    Warning (13049): Converted tri-state buffer "RegistroSegmento:RegS|SS[14]~14" feeding internal logic into a wire
    Warning (13049): Converted tri-state buffer "RegistroSegmento:RegS|SS[15]~15" feeding internal logic into a wire
    Warning (13049): Converted tri-state buffer "RegistroSegmento:RegS|CS[0]~0" feeding internal logic into a wire
    Warning (13049): Converted tri-state buffer "RegistroSegmento:RegS|CS[1]~1" feeding internal logic into a wire
    Warning (13049): Converted tri-state buffer "RegistroSegmento:RegS|CS[2]~2" feeding internal logic into a wire
    Warning (13049): Converted tri-state buffer "RegistroSegmento:RegS|CS[3]~3" feeding internal logic into a wire
    Warning (13049): Converted tri-state buffer "RegistroSegmento:RegS|CS[4]~4" feeding internal logic into a wire
    Warning (13049): Converted tri-state buffer "RegistroSegmento:RegS|CS[5]~5" feeding internal logic into a wire
    Warning (13049): Converted tri-state buffer "RegistroSegmento:RegS|CS[6]~6" feeding internal logic into a wire
    Warning (13049): Converted tri-state buffer "RegistroSegmento:RegS|CS[7]~7" feeding internal logic into a wire
    Warning (13049): Converted tri-state buffer "RegistroSegmento:RegS|CS[8]~8" feeding internal logic into a wire
    Warning (13049): Converted tri-state buffer "RegistroSegmento:RegS|CS[9]~9" feeding internal logic into a wire
    Warning (13049): Converted tri-state buffer "RegistroSegmento:RegS|CS[10]~10" feeding internal logic into a wire
    Warning (13049): Converted tri-state buffer "RegistroSegmento:RegS|CS[11]~11" feeding internal logic into a wire
    Warning (13049): Converted tri-state buffer "RegistroSegmento:RegS|CS[12]~12" feeding internal logic into a wire
    Warning (13049): Converted tri-state buffer "RegistroSegmento:RegS|CS[13]~13" feeding internal logic into a wire
    Warning (13049): Converted tri-state buffer "RegistroSegmento:RegS|CS[14]~14" feeding internal logic into a wire
    Warning (13049): Converted tri-state buffer "RegistroSegmento:RegS|CS[15]~15" feeding internal logic into a wire
    Warning (13049): Converted tri-state buffer "RegistroSegmento:RegS|ES[0]~0" feeding internal logic into a wire
    Warning (13049): Converted tri-state buffer "RegistroSegmento:RegS|ES[1]~1" feeding internal logic into a wire
    Warning (13049): Converted tri-state buffer "RegistroSegmento:RegS|ES[2]~2" feeding internal logic into a wire
    Warning (13049): Converted tri-state buffer "RegistroSegmento:RegS|ES[3]~3" feeding internal logic into a wire
    Warning (13049): Converted tri-state buffer "RegistroSegmento:RegS|ES[4]~4" feeding internal logic into a wire
    Warning (13049): Converted tri-state buffer "RegistroSegmento:RegS|ES[5]~5" feeding internal logic into a wire
    Warning (13049): Converted tri-state buffer "RegistroSegmento:RegS|ES[6]~6" feeding internal logic into a wire
    Warning (13049): Converted tri-state buffer "RegistroSegmento:RegS|ES[7]~7" feeding internal logic into a wire
    Warning (13049): Converted tri-state buffer "RegistroSegmento:RegS|ES[8]~8" feeding internal logic into a wire
    Warning (13049): Converted tri-state buffer "RegistroSegmento:RegS|ES[9]~9" feeding internal logic into a wire
    Warning (13049): Converted tri-state buffer "RegistroSegmento:RegS|ES[10]~10" feeding internal logic into a wire
    Warning (13049): Converted tri-state buffer "RegistroSegmento:RegS|ES[11]~11" feeding internal logic into a wire
    Warning (13049): Converted tri-state buffer "RegistroSegmento:RegS|ES[12]~12" feeding internal logic into a wire
    Warning (13049): Converted tri-state buffer "RegistroSegmento:RegS|ES[13]~13" feeding internal logic into a wire
    Warning (13049): Converted tri-state buffer "RegistroSegmento:RegS|ES[14]~14" feeding internal logic into a wire
    Warning (13049): Converted tri-state buffer "RegistroSegmento:RegS|ES[15]~15" feeding internal logic into a wire
    Warning (13049): Converted tri-state buffer "UnidadeDeControleDeEnderecos:UCE|selecSeg" feeding internal logic into a wire
    Warning (13049): Converted tri-state buffer "UnidadeDeControleDeEnderecos:UCE|incIP" feeding internal logic into a wire
    Warning (13049): Converted tri-state buffer "UnidadeDeControleDeEnderecos:UCE|ctrlRegSeg[0]" feeding internal logic into a wire
    Warning (13049): Converted tri-state buffer "UnidadeDeControleDeEnderecos:UCE|ctrlRegSeg[1]" feeding internal logic into a wire
    Warning (13049): Converted tri-state buffer "UnidadeDeControleDeEnderecos:UCE|ctrlRegSeg[2]" feeding internal logic into a wire
    Warning (13049): Converted tri-state buffer "UnidadeDeControleDeEnderecos:UCE|leRegSeg" feeding internal logic into a wire
    Warning (13049): Converted tri-state buffer "UnidadeDeControleDeEnderecos:UCE|habilitaCalc" feeding internal logic into a wire
Info (13000): Registers with preset signals will power-up high
Info (13003): DEV_CLRn pin will set, and not reset, register with preset signal due to NOT Gate Push-Back
Info (286030): Timing-Driven Synthesis is running
Info (17049): 135 registers lost all their fanouts during netlist optimizations.
Info (16010): Generating hard_block partition "hard_block:auto_generated_inst"
    Info (16011): Adding 0 node(s), including 0 DDIO, 0 PLL, 0 transceiver and 0 LCELL
Info (21057): Implemented 172 device resources after synthesis - the final resource count might be different
    Info (21058): Implemented 2 input pins
    Info (21059): Implemented 20 output pins
    Info (21061): Implemented 150 logic cells
Info: Quartus II 64-Bit Analysis & Synthesis was successful. 0 errors, 117 warnings
    Info: Peak virtual memory: 531 megabytes
    Info: Processing ended: Fri Apr 18 12:34:53 2014
    Info: Elapsed time: 00:00:07
    Info: Total CPU time (on all processors): 00:00:08


