Flow report for Demultiplexador
Sun Apr 13 22:23:06 2014
Quartus II 64-Bit Version 13.1.0 Build 162 10/23/2013 SJ Web Edition


---------------------
; Table of Contents ;
---------------------
  1. Legal Notice
  2. Flow Summary
  3. Flow Settings
  4. Flow Non-Default Global Settings
  5. Flow Elapsed Time
  6. Flow OS Summary
  7. Flow Log
  8. Flow Messages
  9. Flow Suppressed Messages



----------------
; Legal Notice ;
----------------
Copyright (C) 1991-2013 Altera Corporation
Your use of Altera Corporation's design tools, logic functions 
and other software and tools, and its AMPP partner logic 
functions, and any output files from any of the foregoing 
(including device programming or simulation files), and any 
associated documentation or information are expressly subject 
to the terms and conditions of the Altera Program License 
Subscription Agreement, Altera MegaCore Function License 
Agreement, or other applicable license agreement, including, 
without limitation, that your use is for the sole purpose of 
programming logic devices manufactured by Altera and sold by 
Altera or its authorized distributors.  Please refer to the 
applicable agreement for further details.



+---------------------------------------------------------------------------------+
; Flow Summary                                                                    ;
+------------------------------------+--------------------------------------------+
; Flow Status                        ; Successful - Sun Apr 13 22:23:05 2014      ;
; Quartus II 64-Bit Version          ; 13.1.0 Build 162 10/23/2013 SJ Web Edition ;
; Revision Name                      ; Demultiplexador                            ;
; Top-level Entity Name              ; Demultiplexador                            ;
; Family                             ; Cyclone IV GX                              ;
; Total logic elements               ; 32 / 21,280 ( < 1 % )                      ;
;     Total combinational functions  ; 32 / 21,280 ( < 1 % )                      ;
;     Dedicated logic registers      ; 0 / 21,280 ( 0 % )                         ;
; Total registers                    ; 0                                          ;
; Total pins                         ; 49 / 167 ( 29 % )                          ;
; Total virtual pins                 ; 0                                          ;
; Total memory bits                  ; 0 / 774,144 ( 0 % )                        ;
; Embedded Multiplier 9-bit elements ; 0 / 80 ( 0 % )                             ;
; Total GXB Receiver Channel PCS     ; 0 / 4 ( 0 % )                              ;
; Total GXB Receiver Channel PMA     ; 0 / 4 ( 0 % )                              ;
; Total GXB Transmitter Channel PCS  ; 0 / 4 ( 0 % )                              ;
; Total GXB Transmitter Channel PMA  ; 0 / 4 ( 0 % )                              ;
; Total PLLs                         ; 0 / 4 ( 0 % )                              ;
; Device                             ; EP4CGX22CF19C6                             ;
; Timing Models                      ; Final                                      ;
+------------------------------------+--------------------------------------------+


+-----------------------------------------+
; Flow Settings                           ;
+-------------------+---------------------+
; Option            ; Setting             ;
+-------------------+---------------------+
; Start date & time ; 04/13/2014 22:21:51 ;
; Main task         ; Compilation         ;
; Revision Name     ; Demultiplexador     ;
+-------------------+---------------------+


+-------------------------------------------------------------------------------------------------------------------------+
; Flow Non-Default Global Settings                                                                                        ;
+--------------------------------------+--------------------------------+---------------+-------------+-------------------+
; Assignment Name                      ; Value                          ; Default Value ; Entity Name ; Section Id        ;
+--------------------------------------+--------------------------------+---------------+-------------+-------------------+
; COMPILER_SIGNATURE_ID                ; 88750180851854.139743851000092 ; --            ; --          ; --                ;
; EDA_DESIGN_INSTANCE_NAME             ; NA                             ; --            ; --          ; DemultiplexadorTB ;
; EDA_NATIVELINK_SIMULATION_TEST_BENCH ; DemultiplexadorTB              ; --            ; --          ; eda_simulation    ;
; EDA_OUTPUT_DATA_FORMAT               ; Vhdl                           ; --            ; --          ; eda_simulation    ;
; EDA_SIMULATION_TOOL                  ; ModelSim-Altera (VHDL)         ; <None>        ; --          ; --                ;
; EDA_TEST_BENCH_ENABLE_STATUS         ; TEST_BENCH_MODE                ; --            ; --          ; eda_simulation    ;
; EDA_TEST_BENCH_FILE                  ; DemultiplexadorTB.vhd          ; --            ; --          ; DemultiplexadorTB ;
; EDA_TEST_BENCH_MODULE_NAME           ; DemultiplexadorTB              ; --            ; --          ; DemultiplexadorTB ;
; EDA_TEST_BENCH_NAME                  ; DemultiplexadorTB              ; --            ; --          ; eda_simulation    ;
; PARTITION_COLOR                      ; 16764057                       ; --            ; --          ; Top               ;
; PARTITION_FITTER_PRESERVATION_LEVEL  ; PLACEMENT_AND_ROUTING          ; --            ; --          ; Top               ;
; PARTITION_NETLIST_TYPE               ; SOURCE                         ; --            ; --          ; Top               ;
; PROJECT_OUTPUT_DIRECTORY             ; output_files                   ; --            ; --          ; --                ;
+--------------------------------------+--------------------------------+---------------+-------------+-------------------+


+-------------------------------------------------------------------------------------------------------------------------------+
; Flow Elapsed Time                                                                                                             ;
+---------------------------+--------------+-------------------------+---------------------+------------------------------------+
; Module Name               ; Elapsed Time ; Average Processors Used ; Peak Virtual Memory ; Total CPU Time (on all processors) ;
+---------------------------+--------------+-------------------------+---------------------+------------------------------------+
; Analysis & Synthesis      ; 00:00:06     ; 1.0                     ; 612 MB              ; 00:00:06                           ;
; Fitter                    ; 00:00:29     ; 1.1                     ; 1239 MB             ; 00:00:33                           ;
; Assembler                 ; 00:00:07     ; 1.0                     ; 520 MB              ; 00:00:07                           ;
; TimeQuest Timing Analyzer ; 00:00:11     ; 1.0                     ; 543 MB              ; 00:00:11                           ;
; EDA Netlist Writer        ; 00:00:03     ; 1.0                     ; 481 MB              ; 00:00:03                           ;
; Total                     ; 00:00:56     ; --                      ; --                  ; 00:01:00                           ;
+---------------------------+--------------+-------------------------+---------------------+------------------------------------+


+----------------------------------------------------------------------------------------+
; Flow OS Summary                                                                        ;
+---------------------------+------------------+-----------+------------+----------------+
; Module Name               ; Machine Hostname ; OS Name   ; OS Version ; Processor type ;
+---------------------------+------------------+-----------+------------+----------------+
; Analysis & Synthesis      ; Note-Denis       ; Windows 7 ; 6.2        ; x86_64         ;
; Fitter                    ; Note-Denis       ; Windows 7 ; 6.2        ; x86_64         ;
; Assembler                 ; Note-Denis       ; Windows 7 ; 6.2        ; x86_64         ;
; TimeQuest Timing Analyzer ; Note-Denis       ; Windows 7 ; 6.2        ; x86_64         ;
; EDA Netlist Writer        ; Note-Denis       ; Windows 7 ; 6.2        ; x86_64         ;
+---------------------------+------------------+-----------+------------+----------------+


------------
; Flow Log ;
------------
quartus_map --read_settings_files=on --write_settings_files=off Demultiplexador -c Demultiplexador
quartus_fit --read_settings_files=off --write_settings_files=off Demultiplexador -c Demultiplexador
quartus_asm --read_settings_files=off --write_settings_files=off Demultiplexador -c Demultiplexador
quartus_sta Demultiplexador -c Demultiplexador
quartus_eda --read_settings_files=off --write_settings_files=off Demultiplexador -c Demultiplexador



