Flow report for MicroprocessadorCompleto
Thu Jun 19 11:46:38 2014
Quartus II 64-Bit Version 13.1.0 Build 162 10/23/2013 SJ Web Edition


---------------------
; Table of Contents ;
---------------------
  1. Legal Notice
  2. Flow Summary
  3. Flow Settings
  4. Flow Non-Default Global Settings
  5. Flow Elapsed Time
  6. Flow OS Summary
  7. Flow Log
  8. Flow Messages
  9. Flow Suppressed Messages



----------------
; Legal Notice ;
----------------
Copyright (C) 1991-2013 Altera Corporation
Your use of Altera Corporation's design tools, logic functions 
and other software and tools, and its AMPP partner logic 
functions, and any output files from any of the foregoing 
(including device programming or simulation files), and any 
associated documentation or information are expressly subject 
to the terms and conditions of the Altera Program License 
Subscription Agreement, Altera MegaCore Function License 
Agreement, or other applicable license agreement, including, 
without limitation, that your use is for the sole purpose of 
programming logic devices manufactured by Altera and sold by 
Altera or its authorized distributors.  Please refer to the 
applicable agreement for further details.



+---------------------------------------------------------------------------------+
; Flow Summary                                                                    ;
+------------------------------------+--------------------------------------------+
; Flow Status                        ; Successful - Thu Jun 19 11:46:38 2014      ;
; Quartus II 64-Bit Version          ; 13.1.0 Build 162 10/23/2013 SJ Web Edition ;
; Revision Name                      ; MicroprocessadorCompleto                   ;
; Top-level Entity Name              ; MicroprocessadorCompleto                   ;
; Family                             ; Cyclone III                                ;
; Total logic elements               ; 204 / 5,136 ( 4 % )                        ;
;     Total combinational functions  ; 189 / 5,136 ( 4 % )                        ;
;     Dedicated logic registers      ; 144 / 5,136 ( 3 % )                        ;
; Total registers                    ; 144                                        ;
; Total pins                         ; 39 / 183 ( 21 % )                          ;
; Total virtual pins                 ; 0                                          ;
; Total memory bits                  ; 0 / 423,936 ( 0 % )                        ;
; Embedded Multiplier 9-bit elements ; 0 / 46 ( 0 % )                             ;
; Total PLLs                         ; 0 / 2 ( 0 % )                              ;
; Device                             ; EP3C5F256C6                                ;
; Timing Models                      ; Final                                      ;
+------------------------------------+--------------------------------------------+


+----------------------------------------------+
; Flow Settings                                ;
+-------------------+--------------------------+
; Option            ; Setting                  ;
+-------------------+--------------------------+
; Start date & time ; 06/19/2014 11:45:19      ;
; Main task         ; Compilation              ;
; Revision Name     ; MicroprocessadorCompleto ;
+-------------------+--------------------------+


+----------------------------------------------------------------------------------------------------------------------------------+
; Flow Non-Default Global Settings                                                                                                 ;
+--------------------------------------+--------------------------------+---------------+-------------+----------------------------+
; Assignment Name                      ; Value                          ; Default Value ; Entity Name ; Section Id                 ;
+--------------------------------------+--------------------------------+---------------+-------------+----------------------------+
; COMPILER_SIGNATURE_ID                ; 52863701328856.140318911905412 ; --            ; --          ; --                         ;
; EDA_DESIGN_INSTANCE_NAME             ; NA                             ; --            ; --          ; MicroprocessadorCompletoTB ;
; EDA_NATIVELINK_SIMULATION_TEST_BENCH ; MicroprocessadorCompletoTB     ; --            ; --          ; eda_simulation             ;
; EDA_OUTPUT_DATA_FORMAT               ; Vhdl                           ; --            ; --          ; eda_simulation             ;
; EDA_SIMULATION_TOOL                  ; ModelSim-Altera (VHDL)         ; <None>        ; --          ; --                         ;
; EDA_TEST_BENCH_ENABLE_STATUS         ; TEST_BENCH_MODE                ; --            ; --          ; eda_simulation             ;
; EDA_TEST_BENCH_FILE                  ; MicroprocessadorCompletoTB.vhd ; --            ; --          ; MicroprocessadorCompletoTB ;
; EDA_TEST_BENCH_MODULE_NAME           ; MicroprocessadorCompletoTB     ; --            ; --          ; MicroprocessadorCompletoTB ;
; EDA_TEST_BENCH_NAME                  ; MicroprocessadorCompletoTB     ; --            ; --          ; eda_simulation             ;
; PARTITION_COLOR                      ; 16764057                       ; --            ; --          ; Top                        ;
; PARTITION_FITTER_PRESERVATION_LEVEL  ; PLACEMENT_AND_ROUTING          ; --            ; --          ; Top                        ;
; PARTITION_NETLIST_TYPE               ; SOURCE                         ; --            ; --          ; Top                        ;
; PROJECT_OUTPUT_DIRECTORY             ; output_files                   ; --            ; --          ; --                         ;
+--------------------------------------+--------------------------------+---------------+-------------+----------------------------+


+-------------------------------------------------------------------------------------------------------------------------------+
; Flow Elapsed Time                                                                                                             ;
+---------------------------+--------------+-------------------------+---------------------+------------------------------------+
; Module Name               ; Elapsed Time ; Average Processors Used ; Peak Virtual Memory ; Total CPU Time (on all processors) ;
+---------------------------+--------------+-------------------------+---------------------+------------------------------------+
; Analysis & Synthesis      ; 00:00:09     ; 1.0                     ; 535 MB              ; 00:00:08                           ;
; Fitter                    ; 00:00:32     ; 1.7                     ; 1120 MB             ; 00:00:31                           ;
; Assembler                 ; 00:00:06     ; 1.0                     ; 470 MB              ; 00:00:06                           ;
; TimeQuest Timing Analyzer ; 00:00:11     ; 1.0                     ; 530 MB              ; 00:00:10                           ;
; EDA Netlist Writer        ; 00:00:04     ; 1.0                     ; 415 MB              ; 00:00:04                           ;
; Total                     ; 00:01:02     ; --                      ; --                  ; 00:00:59                           ;
+---------------------------+--------------+-------------------------+---------------------+------------------------------------+


+----------------------------------------------------------------------------------------+
; Flow OS Summary                                                                        ;
+---------------------------+------------------+-----------+------------+----------------+
; Module Name               ; Machine Hostname ; OS Name   ; OS Version ; Processor type ;
+---------------------------+------------------+-----------+------------+----------------+
; Analysis & Synthesis      ; Note-Denis       ; Windows 7 ; 6.2        ; x86_64         ;
; Fitter                    ; Note-Denis       ; Windows 7 ; 6.2        ; x86_64         ;
; Assembler                 ; Note-Denis       ; Windows 7 ; 6.2        ; x86_64         ;
; TimeQuest Timing Analyzer ; Note-Denis       ; Windows 7 ; 6.2        ; x86_64         ;
; EDA Netlist Writer        ; Note-Denis       ; Windows 7 ; 6.2        ; x86_64         ;
+---------------------------+------------------+-----------+------------+----------------+


------------
; Flow Log ;
------------
quartus_map --read_settings_files=on --write_settings_files=off MicroprocessadorCompleto -c MicroprocessadorCompleto
quartus_fit --read_settings_files=off --write_settings_files=off MicroprocessadorCompleto -c MicroprocessadorCompleto
quartus_asm --read_settings_files=off --write_settings_files=off MicroprocessadorCompleto -c MicroprocessadorCompleto
quartus_sta MicroprocessadorCompleto -c MicroprocessadorCompleto
quartus_eda --read_settings_files=off --write_settings_files=off MicroprocessadorCompleto -c MicroprocessadorCompleto



